This is pdfTeX, Version 3.141592653-2.6-1.40.26 (MiKTeX 24.4) (preloaded format=pdflatex 2025.1.22)  25 JAN 2025 17:54
entering extended mode
 \write18 enabled.
 %&-line parsing enabled.
**./AMC8_Combined_Problems_2010-2024.tex
(AMC8_Combined_Problems_2010-2024.tex
LaTeX2e <2024-11-01> patch level 1
L3 programming layer <2024-12-25>
(C:\Users\DefaultUser\AppData\Local\Programs\MiKTeX\tex/latex/base\article.cls
Document Class: article 2024/06/29 v1.4n Standard LaTeX document class
(C:\Users\DefaultUser\AppData\Local\Programs\MiKTeX\tex/latex/base\size10.clo
File: size10.clo 2024/06/29 v1.4n Standard LaTeX file (size option)
)
\c@part=\count196
\c@section=\count197
\c@subsection=\count198
\c@subsubsection=\count199
\c@paragraph=\count266
\c@subparagraph=\count267
\c@figure=\count268
\c@table=\count269
\abovecaptionskip=\skip49
\belowcaptionskip=\skip50
\bibindent=\dimen141
)
(C:\Users\DefaultUser\AppData\Local\Programs\MiKTeX\tex/latex/amsmath\amsmath.s
ty
Package: amsmath 2024/11/05 v2.17t AMS math features
\@mathmargin=\skip51

For additional information on amsmath, use the `?' option.

(C:\Users\DefaultUser\AppData\Local\Programs\MiKTeX\tex/latex/amsmath\amstext.s
ty
Package: amstext 2021/08/26 v2.01 AMS text

(C:\Users\DefaultUser\AppData\Local\Programs\MiKTeX\tex/latex/amsmath\amsgen.st
y
File: amsgen.sty 1999/11/30 v2.0 generic functions
\@emptytoks=\toks17
\ex@=\dimen142
))
(C:\Users\DefaultUser\AppData\Local\Programs\MiKTeX\tex/latex/amsmath\amsbsy.st
y
Package: amsbsy 1999/11/29 v1.2d Bold Symbols
\pmbraise@=\dimen143
)
(C:\Users\DefaultUser\AppData\Local\Programs\MiKTeX\tex/latex/amsmath\amsopn.st
y
Package: amsopn 2022/04/08 v2.04 operator names
)
\inf@bad=\count270
LaTeX Info: Redefining \frac on input line 233.
\uproot@=\count271
\leftroot@=\count272
LaTeX Info: Redefining \overline on input line 398.
LaTeX Info: Redefining \colon on input line 409.
\classnum@=\count273
\DOTSCASE@=\count274
LaTeX Info: Redefining \ldots on input line 495.
LaTeX Info: Redefining \dots on input line 498.
LaTeX Info: Redefining \cdots on input line 619.
\Mathstrutbox@=\box52
\strutbox@=\box53
LaTeX Info: Redefining \big on input line 721.
LaTeX Info: Redefining \Big on input line 722.
LaTeX Info: Redefining \bigg on input line 723.
LaTeX Info: Redefining \Bigg on input line 724.
\big@size=\dimen144
LaTeX Font Info:    Redeclaring font encoding OML on input line 742.
LaTeX Font Info:    Redeclaring font encoding OMS on input line 743.
\macc@depth=\count275
LaTeX Info: Redefining \bmod on input line 904.
LaTeX Info: Redefining \pmod on input line 909.
LaTeX Info: Redefining \smash on input line 939.
LaTeX Info: Redefining \relbar on input line 969.
LaTeX Info: Redefining \Relbar on input line 970.
\c@MaxMatrixCols=\count276
\dotsspace@=\muskip17
\c@parentequation=\count277
\dspbrk@lvl=\count278
\tag@help=\toks18
\row@=\count279
\column@=\count280
\maxfields@=\count281
\andhelp@=\toks19
\eqnshift@=\dimen145
\alignsep@=\dimen146
\tagshift@=\dimen147
\tagwidth@=\dimen148
\totwidth@=\dimen149
\lineht@=\dimen150
\@envbody=\toks20
\multlinegap=\skip52
\multlinetaggap=\skip53
\mathdisplay@stack=\toks21
LaTeX Info: Redefining \[ on input line 2953.
LaTeX Info: Redefining \] on input line 2954.
)
(C:\Users\DefaultUser\AppData\Local\Programs\MiKTeX\tex/latex/amsfonts\amssymb.
sty
Package: amssymb 2013/01/14 v3.01 AMS font symbols

(C:\Users\DefaultUser\AppData\Local\Programs\MiKTeX\tex/latex/amsfonts\amsfonts
.sty
Package: amsfonts 2013/01/14 v3.01 Basic AMSFonts support
\symAMSa=\mathgroup4
\symAMSb=\mathgroup5
LaTeX Font Info:    Redeclaring math symbol \hbar on input line 98.
LaTeX Font Info:    Overwriting math alphabet `\mathfrak' in version `bold'
(Font)                  U/euf/m/n --> U/euf/b/n on input line 106.
))
(C:\Users\DefaultUser\AppData\Local\Programs\MiKTeX\tex/latex/geometry\geometry
.sty
Package: geometry 2020/01/02 v5.9 Page Geometry

(C:\Users\DefaultUser\AppData\Local\Programs\MiKTeX\tex/latex/graphics\keyval.s
ty
Package: keyval 2022/05/29 v1.15 key=value parser (DPC)
\KV@toks@=\toks22
)
(C:\Users\DefaultUser\AppData\Local\Programs\MiKTeX\tex/generic/iftex\ifvtex.st
y
Package: ifvtex 2019/10/25 v1.7 ifvtex legacy package. Use iftex instead.

(C:\Users\DefaultUser\AppData\Local\Programs\MiKTeX\tex/generic/iftex\iftex.sty
Package: iftex 2024/12/12 v1.0g TeX engine tests
))
\Gm@cnth=\count282
\Gm@cntv=\count283
\c@Gm@tempcnt=\count284
\Gm@bindingoffset=\dimen151
\Gm@wd@mp=\dimen152
\Gm@odd@mp=\dimen153
\Gm@even@mp=\dimen154
\Gm@layoutwidth=\dimen155
\Gm@layoutheight=\dimen156
\Gm@layouthoffset=\dimen157
\Gm@layoutvoffset=\dimen158
\Gm@dimlist=\toks23

(C:\Users\DefaultUser\AppData\Local\Programs\MiKTeX\tex/latex/geometry\geometry
.cfg))
(C:\Users\DefaultUser\AppData\Local\Programs\MiKTeX\tex/latex/enumitem\enumitem
.sty
Package: enumitem 2019/06/20 v3.9 Customized lists
\labelindent=\skip54
\enit@outerparindent=\dimen159
\enit@toks=\toks24
\enit@inbox=\box54
\enit@count@id=\count285
\enitdp@description=\count286
)
(C:\Users\DefaultUser\AppData\Local\Programs\MiKTeX\tex/latex/hyperref\hyperref
.sty
Package: hyperref 2024-11-05 v7.01l Hypertext links for LaTeX

(C:\Users\DefaultUser\AppData\Local\Programs\MiKTeX\tex/latex/kvsetkeys\kvsetke
ys.sty
Package: kvsetkeys 2022-10-05 v1.19 Key value parser (HO)
)
(C:\Users\DefaultUser\AppData\Local\Programs\MiKTeX\tex/generic/kvdefinekeys\kv
definekeys.sty
Package: kvdefinekeys 2019-12-19 v1.6 Define keys (HO)
)
(C:\Users\DefaultUser\AppData\Local\Programs\MiKTeX\tex/generic/pdfescape\pdfes
cape.sty
Package: pdfescape 2019/12/09 v1.15 Implements pdfTeX's escape features (HO)

(C:\Users\DefaultUser\AppData\Local\Programs\MiKTeX\tex/generic/ltxcmds\ltxcmds
.sty
Package: ltxcmds 2023-12-04 v1.26 LaTeX kernel commands for general use (HO)
)
(C:\Users\DefaultUser\AppData\Local\Programs\MiKTeX\tex/generic/pdftexcmds\pdft
excmds.sty
Package: pdftexcmds 2020-06-27 v0.33 Utility functions of pdfTeX for LuaTeX (HO
)

(C:\Users\DefaultUser\AppData\Local\Programs\MiKTeX\tex/generic/infwarerr\infwa
rerr.sty
Package: infwarerr 2019/12/03 v1.5 Providing info/warning/error messages (HO)
)
Package pdftexcmds Info: \pdf@primitive is available.
Package pdftexcmds Info: \pdf@ifprimitive is available.
Package pdftexcmds Info: \pdfdraftmode found.
))
(C:\Users\DefaultUser\AppData\Local\Programs\MiKTeX\tex/latex/hycolor\hycolor.s
ty
Package: hycolor 2020-01-27 v1.10 Color options for hyperref/bookmark (HO)
)
(C:\Users\DefaultUser\AppData\Local\Programs\MiKTeX\tex/latex/hyperref\nameref.
sty
Package: nameref 2023-11-26 v2.56 Cross-referencing by name of section

(C:\Users\DefaultUser\AppData\Local\Programs\MiKTeX\tex/latex/refcount\refcount
.sty
Package: refcount 2019/12/15 v3.6 Data extraction from label references (HO)
)
(C:\Users\DefaultUser\AppData\Local\Programs\MiKTeX\tex/generic/gettitlestring\
gettitlestring.sty
Package: gettitlestring 2019/12/15 v1.6 Cleanup title references (HO)

(C:\Users\DefaultUser\AppData\Local\Programs\MiKTeX\tex/latex/kvoptions\kvoptio
ns.sty
Package: kvoptions 2022-06-15 v3.15 Key value format for package options (HO)
))
\c@section@level=\count287
)
(C:\Users\DefaultUser\AppData\Local\Programs\MiKTeX\tex/latex/etoolbox\etoolbox
.sty
Package: etoolbox 2020/10/05 v2.5k e-TeX tools for LaTeX (JAW)
\etb@tempcnta=\count288
)
(C:\Users\DefaultUser\AppData\Local\Programs\MiKTeX\tex/generic/stringenc\strin
genc.sty
Package: stringenc 2019/11/29 v1.12 Convert strings between diff. encodings (HO
)
)
\@linkdim=\dimen160
\Hy@linkcounter=\count289
\Hy@pagecounter=\count290

(C:\Users\DefaultUser\AppData\Local\Programs\MiKTeX\tex/latex/hyperref\pd1enc.d
ef
File: pd1enc.def 2024-11-05 v7.01l Hyperref: PDFDocEncoding definition (HO)
Now handling font encoding PD1 ...
... no UTF-8 mapping file for font encoding PD1
)
(C:\Users\DefaultUser\AppData\Local\Programs\MiKTeX\tex/generic/intcalc\intcalc
.sty
Package: intcalc 2019/12/15 v1.3 Expandable calculations with integers (HO)
)
\Hy@SavedSpaceFactor=\count291

(C:\Users\DefaultUser\AppData\Local\Programs\MiKTeX\tex/latex/hyperref\puenc.de
f
File: puenc.def 2024-11-05 v7.01l Hyperref: PDF Unicode definition (HO)
Now handling font encoding PU ...
... no UTF-8 mapping file for font encoding PU
)
Package hyperref Info: Option `hypertexnames' set `true' on input line 4040.
Package hyperref Info: Hyper figures OFF on input line 4157.
Package hyperref Info: Link nesting OFF on input line 4162.
Package hyperref Info: Hyper index ON on input line 4165.
Package hyperref Info: Plain pages OFF on input line 4172.
Package hyperref Info: Backreferencing OFF on input line 4177.
Package hyperref Info: Implicit mode ON; LaTeX internals redefined.
Package hyperref Info: Bookmarks ON on input line 4424.
\c@Hy@tempcnt=\count292
 (C:\Users\DefaultUser\AppData\Local\Programs\MiKTeX\tex/latex/url\url.sty
\Urlmuskip=\muskip18
Package: url 2013/09/16  ver 3.4  Verb mode for urls, etc.
)
LaTeX Info: Redefining \url on input line 4763.
\XeTeXLinkMargin=\dimen161

(C:\Users\DefaultUser\AppData\Local\Programs\MiKTeX\tex/generic/bitset\bitset.s
ty
Package: bitset 2019/12/09 v1.3 Handle bit-vector datatype (HO)

(C:\Users\DefaultUser\AppData\Local\Programs\MiKTeX\tex/generic/bigintcalc\bigi
ntcalc.sty
Package: bigintcalc 2019/12/15 v1.5 Expandable calculations on big integers (HO
)
))
\Fld@menulength=\count293
\Field@Width=\dimen162
\Fld@charsize=\dimen163
Package hyperref Info: Hyper figures OFF on input line 6042.
Package hyperref Info: Link nesting OFF on input line 6047.
Package hyperref Info: Hyper index ON on input line 6050.
Package hyperref Info: backreferencing OFF on input line 6057.
Package hyperref Info: Link coloring OFF on input line 6062.
Package hyperref Info: Link coloring with OCG OFF on input line 6067.
Package hyperref Info: PDF/A mode OFF on input line 6072.

(C:\Users\DefaultUser\AppData\Local\Programs\MiKTeX\tex/latex/base\atbegshi-ltx
.sty
Package: atbegshi-ltx 2021/01/10 v1.0c Emulation of the original atbegshi
package with kernel methods
)
\Hy@abspage=\count294
\c@Item=\count295
\c@Hfootnote=\count296
)
Package hyperref Info: Driver (autodetected): hpdftex.

(C:\Users\DefaultUser\AppData\Local\Programs\MiKTeX\tex/latex/hyperref\hpdftex.
def
File: hpdftex.def 2024-11-05 v7.01l Hyperref driver for pdfTeX

(C:\Users\DefaultUser\AppData\Local\Programs\MiKTeX\tex/latex/base\atveryend-lt
x.sty
Package: atveryend-ltx 2020/08/19 v1.0a Emulation of the original atveryend pac
kage
with kernel methods
)
\Fld@listcount=\count297
\c@bookmark@seq@number=\count298

(C:\Users\DefaultUser\AppData\Local\Programs\MiKTeX\tex/latex/rerunfilecheck\re
runfilecheck.sty
Package: rerunfilecheck 2022-07-10 v1.10 Rerun checks for auxiliary files (HO)

(C:\Users\DefaultUser\AppData\Local\Programs\MiKTeX\tex/generic/uniquecounter\u
niquecounter.sty
Package: uniquecounter 2019/12/15 v1.4 Provide unlimited unique counter (HO)
)
Package uniquecounter Info: New unique counter `rerunfilecheck' on input line 2
85.
)
\Hy@SectionHShift=\skip55
)
(C:\Users\DefaultUser\AppData\Local\Programs\MiKTeX\tex/latex/fancyhdr\fancyhdr
.sty
Package: fancyhdr 2025/01/07 v5.1.1 Extensive control of page headers and foote
rs
\f@nch@headwidth=\skip56
\f@nch@offset@elh=\skip57
\f@nch@offset@erh=\skip58
\f@nch@offset@olh=\skip59
\f@nch@offset@orh=\skip60
\f@nch@offset@elf=\skip61
\f@nch@offset@erf=\skip62
\f@nch@offset@olf=\skip63
\f@nch@offset@orf=\skip64
\f@nch@height=\skip65
\f@nch@footalignment=\skip66
\f@nch@widthL=\skip67
\f@nch@widthC=\skip68
\f@nch@widthR=\skip69
\@temptokenb=\toks25
)
(C:\Users\DefaultUser\AppData\Local\Programs\MiKTeX\tex/latex/pgf/frontendlayer
\tikz.sty
(C:\Users\DefaultUser\AppData\Local\Programs\MiKTeX\tex/latex/pgf/basiclayer\pg
f.sty
(C:\Users\DefaultUser\AppData\Local\Programs\MiKTeX\tex/latex/pgf/utilities\pgf
rcs.sty
(C:\Users\DefaultUser\AppData\Local\Programs\MiKTeX\tex/generic/pgf/utilities\p
gfutil-common.tex
\pgfutil@everybye=\toks26
\pgfutil@tempdima=\dimen164
\pgfutil@tempdimb=\dimen165
)
(C:\Users\DefaultUser\AppData\Local\Programs\MiKTeX\tex/generic/pgf/utilities\p
gfutil-latex.def
\pgfutil@abb=\box55
)
(C:\Users\DefaultUser\AppData\Local\Programs\MiKTeX\tex/generic/pgf/utilities\p
gfrcs.code.tex
(C:\Users\DefaultUser\AppData\Local\Programs\MiKTeX\tex/generic/pgf\pgf.revisio
n.tex)
Package: pgfrcs 2023-01-15 v3.1.10 (3.1.10)
))
Package: pgf 2023-01-15 v3.1.10 (3.1.10)

(C:\Users\DefaultUser\AppData\Local\Programs\MiKTeX\tex/latex/pgf/basiclayer\pg
fcore.sty
(C:\Users\DefaultUser\AppData\Local\Programs\MiKTeX\tex/latex/graphics\graphicx
.sty
Package: graphicx 2021/09/16 v1.2d Enhanced LaTeX Graphics (DPC,SPQR)

(C:\Users\DefaultUser\AppData\Local\Programs\MiKTeX\tex/latex/graphics\graphics
.sty
Package: graphics 2024/08/06 v1.4g Standard LaTeX Graphics (DPC,SPQR)

(C:\Users\DefaultUser\AppData\Local\Programs\MiKTeX\tex/latex/graphics\trig.sty
Package: trig 2023/12/02 v1.11 sin cos tan (DPC)
)
(C:\Users\DefaultUser\AppData\Local\Programs\MiKTeX\tex/latex/graphics-cfg\grap
hics.cfg
File: graphics.cfg 2016/06/04 v1.11 sample graphics configuration
)
Package graphics Info: Driver file: pdftex.def on input line 106.

(C:\Users\DefaultUser\AppData\Local\Programs\MiKTeX\tex/latex/graphics-def\pdft
ex.def
File: pdftex.def 2024/04/13 v1.2c Graphics/color driver for pdftex
))
\Gin@req@height=\dimen166
\Gin@req@width=\dimen167
)
(C:\Users\DefaultUser\AppData\Local\Programs\MiKTeX\tex/latex/pgf/systemlayer\p
gfsys.sty
(C:\Users\DefaultUser\AppData\Local\Programs\MiKTeX\tex/generic/pgf/systemlayer
\pgfsys.code.tex
Package: pgfsys 2023-01-15 v3.1.10 (3.1.10)

(C:\Users\DefaultUser\AppData\Local\Programs\MiKTeX\tex/generic/pgf/utilities\p
gfkeys.code.tex
\pgfkeys@pathtoks=\toks27
\pgfkeys@temptoks=\toks28

(C:\Users\DefaultUser\AppData\Local\Programs\MiKTeX\tex/generic/pgf/utilities\p
gfkeyslibraryfiltered.code.tex
\pgfkeys@tmptoks=\toks29
))
\pgf@x=\dimen168
\pgf@y=\dimen169
\pgf@xa=\dimen170
\pgf@ya=\dimen171
\pgf@xb=\dimen172
\pgf@yb=\dimen173
\pgf@xc=\dimen174
\pgf@yc=\dimen175
\pgf@xd=\dimen176
\pgf@yd=\dimen177
\w@pgf@writea=\write3
\r@pgf@reada=\read2
\c@pgf@counta=\count299
\c@pgf@countb=\count300
\c@pgf@countc=\count301
\c@pgf@countd=\count302
\t@pgf@toka=\toks30
\t@pgf@tokb=\toks31
\t@pgf@tokc=\toks32
\pgf@sys@id@count=\count303

(C:\Users\DefaultUser\AppData\Local\Programs\MiKTeX\tex/generic/pgf/systemlayer
\pgf.cfg
File: pgf.cfg 2023-01-15 v3.1.10 (3.1.10)
)
Driver file for pgf: pgfsys-pdftex.def

(C:\Users\DefaultUser\AppData\Local\Programs\MiKTeX\tex/generic/pgf/systemlayer
\pgfsys-pdftex.def
File: pgfsys-pdftex.def 2023-01-15 v3.1.10 (3.1.10)

(C:\Users\DefaultUser\AppData\Local\Programs\MiKTeX\tex/generic/pgf/systemlayer
\pgfsys-common-pdf.def
File: pgfsys-common-pdf.def 2023-01-15 v3.1.10 (3.1.10)
)))
(C:\Users\DefaultUser\AppData\Local\Programs\MiKTeX\tex/generic/pgf/systemlayer
\pgfsyssoftpath.code.tex
File: pgfsyssoftpath.code.tex 2023-01-15 v3.1.10 (3.1.10)
\pgfsyssoftpath@smallbuffer@items=\count304
\pgfsyssoftpath@bigbuffer@items=\count305
)
(C:\Users\DefaultUser\AppData\Local\Programs\MiKTeX\tex/generic/pgf/systemlayer
\pgfsysprotocol.code.tex
File: pgfsysprotocol.code.tex 2023-01-15 v3.1.10 (3.1.10)
))
(C:\Users\DefaultUser\AppData\Local\Programs\MiKTeX\tex/latex/xcolor\xcolor.sty
Package: xcolor 2024/09/29 v3.02 LaTeX color extensions (UK)

(C:\Users\DefaultUser\AppData\Local\Programs\MiKTeX\tex/latex/graphics-cfg\colo
r.cfg
File: color.cfg 2016/01/02 v1.6 sample color configuration
)
Package xcolor Info: Driver file: pdftex.def on input line 274.

(C:\Users\DefaultUser\AppData\Local\Programs\MiKTeX\tex/latex/graphics\mathcolo
r.ltx)
Package xcolor Info: Model `cmy' substituted by `cmy0' on input line 1349.
Package xcolor Info: Model `hsb' substituted by `rgb' on input line 1353.
Package xcolor Info: Model `RGB' extended on input line 1365.
Package xcolor Info: Model `HTML' substituted by `rgb' on input line 1367.
Package xcolor Info: Model `Hsb' substituted by `hsb' on input line 1368.
Package xcolor Info: Model `tHsb' substituted by `hsb' on input line 1369.
Package xcolor Info: Model `HSB' substituted by `hsb' on input line 1370.
Package xcolor Info: Model `Gray' substituted by `gray' on input line 1371.
Package xcolor Info: Model `wave' substituted by `hsb' on input line 1372.
)
(C:\Users\DefaultUser\AppData\Local\Programs\MiKTeX\tex/generic/pgf/basiclayer\
pgfcore.code.tex
Package: pgfcore 2023-01-15 v3.1.10 (3.1.10)

(C:\Users\DefaultUser\AppData\Local\Programs\MiKTeX\tex/generic/pgf/math\pgfmat
h.code.tex
(C:\Users\DefaultUser\AppData\Local\Programs\MiKTeX\tex/generic/pgf/math\pgfmat
hutil.code.tex)
(C:\Users\DefaultUser\AppData\Local\Programs\MiKTeX\tex/generic/pgf/math\pgfmat
hparser.code.tex
\pgfmath@dimen=\dimen178
\pgfmath@count=\count306
\pgfmath@box=\box56
\pgfmath@toks=\toks33
\pgfmath@stack@operand=\toks34
\pgfmath@stack@operation=\toks35
)
(C:\Users\DefaultUser\AppData\Local\Programs\MiKTeX\tex/generic/pgf/math\pgfmat
hfunctions.code.tex)
(C:\Users\DefaultUser\AppData\Local\Programs\MiKTeX\tex/generic/pgf/math\pgfmat
hfunctions.basic.code.tex)
(C:\Users\DefaultUser\AppData\Local\Programs\MiKTeX\tex/generic/pgf/math\pgfmat
hfunctions.trigonometric.code.tex)
(C:\Users\DefaultUser\AppData\Local\Programs\MiKTeX\tex/generic/pgf/math\pgfmat
hfunctions.random.code.tex)
(C:\Users\DefaultUser\AppData\Local\Programs\MiKTeX\tex/generic/pgf/math\pgfmat
hfunctions.comparison.code.tex)
(C:\Users\DefaultUser\AppData\Local\Programs\MiKTeX\tex/generic/pgf/math\pgfmat
hfunctions.base.code.tex)
(C:\Users\DefaultUser\AppData\Local\Programs\MiKTeX\tex/generic/pgf/math\pgfmat
hfunctions.round.code.tex)
(C:\Users\DefaultUser\AppData\Local\Programs\MiKTeX\tex/generic/pgf/math\pgfmat
hfunctions.misc.code.tex)
(C:\Users\DefaultUser\AppData\Local\Programs\MiKTeX\tex/generic/pgf/math\pgfmat
hfunctions.integerarithmetics.code.tex)
(C:\Users\DefaultUser\AppData\Local\Programs\MiKTeX\tex/generic/pgf/math\pgfmat
hcalc.code.tex)
(C:\Users\DefaultUser\AppData\Local\Programs\MiKTeX\tex/generic/pgf/math\pgfmat
hfloat.code.tex
\c@pgfmathroundto@lastzeros=\count307
))
(C:\Users\DefaultUser\AppData\Local\Programs\MiKTeX\tex/generic/pgf/math\pgfint
.code.tex)
(C:\Users\DefaultUser\AppData\Local\Programs\MiKTeX\tex/generic/pgf/basiclayer\
pgfcorepoints.code.tex
File: pgfcorepoints.code.tex 2023-01-15 v3.1.10 (3.1.10)
\pgf@picminx=\dimen179
\pgf@picmaxx=\dimen180
\pgf@picminy=\dimen181
\pgf@picmaxy=\dimen182
\pgf@pathminx=\dimen183
\pgf@pathmaxx=\dimen184
\pgf@pathminy=\dimen185
\pgf@pathmaxy=\dimen186
\pgf@xx=\dimen187
\pgf@xy=\dimen188
\pgf@yx=\dimen189
\pgf@yy=\dimen190
\pgf@zx=\dimen191
\pgf@zy=\dimen192
)
(C:\Users\DefaultUser\AppData\Local\Programs\MiKTeX\tex/generic/pgf/basiclayer\
pgfcorepathconstruct.code.tex
File: pgfcorepathconstruct.code.tex 2023-01-15 v3.1.10 (3.1.10)
\pgf@path@lastx=\dimen193
\pgf@path@lasty=\dimen194
)
(C:\Users\DefaultUser\AppData\Local\Programs\MiKTeX\tex/generic/pgf/basiclayer\
pgfcorepathusage.code.tex
File: pgfcorepathusage.code.tex 2023-01-15 v3.1.10 (3.1.10)
\pgf@shorten@end@additional=\dimen195
\pgf@shorten@start@additional=\dimen196
)
(C:\Users\DefaultUser\AppData\Local\Programs\MiKTeX\tex/generic/pgf/basiclayer\
pgfcorescopes.code.tex
File: pgfcorescopes.code.tex 2023-01-15 v3.1.10 (3.1.10)
\pgfpic=\box57
\pgf@hbox=\box58
\pgf@layerbox@main=\box59
\pgf@picture@serial@count=\count308
)
(C:\Users\DefaultUser\AppData\Local\Programs\MiKTeX\tex/generic/pgf/basiclayer\
pgfcoregraphicstate.code.tex
File: pgfcoregraphicstate.code.tex 2023-01-15 v3.1.10 (3.1.10)
\pgflinewidth=\dimen197
)
(C:\Users\DefaultUser\AppData\Local\Programs\MiKTeX\tex/generic/pgf/basiclayer\
pgfcoretransformations.code.tex
File: pgfcoretransformations.code.tex 2023-01-15 v3.1.10 (3.1.10)
\pgf@pt@x=\dimen198
\pgf@pt@y=\dimen199
\pgf@pt@temp=\dimen256
)
(C:\Users\DefaultUser\AppData\Local\Programs\MiKTeX\tex/generic/pgf/basiclayer\
pgfcorequick.code.tex
File: pgfcorequick.code.tex 2023-01-15 v3.1.10 (3.1.10)
)
(C:\Users\DefaultUser\AppData\Local\Programs\MiKTeX\tex/generic/pgf/basiclayer\
pgfcoreobjects.code.tex
File: pgfcoreobjects.code.tex 2023-01-15 v3.1.10 (3.1.10)
)
(C:\Users\DefaultUser\AppData\Local\Programs\MiKTeX\tex/generic/pgf/basiclayer\
pgfcorepathprocessing.code.tex
File: pgfcorepathprocessing.code.tex 2023-01-15 v3.1.10 (3.1.10)
)
(C:\Users\DefaultUser\AppData\Local\Programs\MiKTeX\tex/generic/pgf/basiclayer\
pgfcorearrows.code.tex
File: pgfcorearrows.code.tex 2023-01-15 v3.1.10 (3.1.10)
\pgfarrowsep=\dimen257
)
(C:\Users\DefaultUser\AppData\Local\Programs\MiKTeX\tex/generic/pgf/basiclayer\
pgfcoreshade.code.tex
File: pgfcoreshade.code.tex 2023-01-15 v3.1.10 (3.1.10)
\pgf@max=\dimen258
\pgf@sys@shading@range@num=\count309
\pgf@shadingcount=\count310
)
(C:\Users\DefaultUser\AppData\Local\Programs\MiKTeX\tex/generic/pgf/basiclayer\
pgfcoreimage.code.tex
File: pgfcoreimage.code.tex 2023-01-15 v3.1.10 (3.1.10)
)
(C:\Users\DefaultUser\AppData\Local\Programs\MiKTeX\tex/generic/pgf/basiclayer\
pgfcoreexternal.code.tex
File: pgfcoreexternal.code.tex 2023-01-15 v3.1.10 (3.1.10)
\pgfexternal@startupbox=\box60
)
(C:\Users\DefaultUser\AppData\Local\Programs\MiKTeX\tex/generic/pgf/basiclayer\
pgfcorelayers.code.tex
File: pgfcorelayers.code.tex 2023-01-15 v3.1.10 (3.1.10)
)
(C:\Users\DefaultUser\AppData\Local\Programs\MiKTeX\tex/generic/pgf/basiclayer\
pgfcoretransparency.code.tex
File: pgfcoretransparency.code.tex 2023-01-15 v3.1.10 (3.1.10)
)
(C:\Users\DefaultUser\AppData\Local\Programs\MiKTeX\tex/generic/pgf/basiclayer\
pgfcorepatterns.code.tex
File: pgfcorepatterns.code.tex 2023-01-15 v3.1.10 (3.1.10)
)
(C:\Users\DefaultUser\AppData\Local\Programs\MiKTeX\tex/generic/pgf/basiclayer\
pgfcorerdf.code.tex
File: pgfcorerdf.code.tex 2023-01-15 v3.1.10 (3.1.10)
)))
(C:\Users\DefaultUser\AppData\Local\Programs\MiKTeX\tex/generic/pgf/modules\pgf
moduleshapes.code.tex
File: pgfmoduleshapes.code.tex 2023-01-15 v3.1.10 (3.1.10)
\pgfnodeparttextbox=\box61
)
(C:\Users\DefaultUser\AppData\Local\Programs\MiKTeX\tex/generic/pgf/modules\pgf
moduleplot.code.tex
File: pgfmoduleplot.code.tex 2023-01-15 v3.1.10 (3.1.10)
)
(C:\Users\DefaultUser\AppData\Local\Programs\MiKTeX\tex/latex/pgf/compatibility
\pgfcomp-version-0-65.sty
Package: pgfcomp-version-0-65 2023-01-15 v3.1.10 (3.1.10)
\pgf@nodesepstart=\dimen259
\pgf@nodesepend=\dimen260
)
(C:\Users\DefaultUser\AppData\Local\Programs\MiKTeX\tex/latex/pgf/compatibility
\pgfcomp-version-1-18.sty
Package: pgfcomp-version-1-18 2023-01-15 v3.1.10 (3.1.10)
))
(C:\Users\DefaultUser\AppData\Local\Programs\MiKTeX\tex/latex/pgf/utilities\pgf
for.sty
(C:\Users\DefaultUser\AppData\Local\Programs\MiKTeX\tex/latex/pgf/utilities\pgf
keys.sty
(C:\Users\DefaultUser\AppData\Local\Programs\MiKTeX\tex/generic/pgf/utilities\p
gfkeys.code.tex))
(C:\Users\DefaultUser\AppData\Local\Programs\MiKTeX\tex/latex/pgf/math\pgfmath.
sty
(C:\Users\DefaultUser\AppData\Local\Programs\MiKTeX\tex/generic/pgf/math\pgfmat
h.code.tex))
(C:\Users\DefaultUser\AppData\Local\Programs\MiKTeX\tex/generic/pgf/utilities\p
gffor.code.tex
Package: pgffor 2023-01-15 v3.1.10 (3.1.10)
\pgffor@iter=\dimen261
\pgffor@skip=\dimen262
\pgffor@stack=\toks36
\pgffor@toks=\toks37
))
(C:\Users\DefaultUser\AppData\Local\Programs\MiKTeX\tex/generic/pgf/frontendlay
er/tikz\tikz.code.tex
Package: tikz 2023-01-15 v3.1.10 (3.1.10)

(C:\Users\DefaultUser\AppData\Local\Programs\MiKTeX\tex/generic/pgf/libraries\p
gflibraryplothandlers.code.tex
File: pgflibraryplothandlers.code.tex 2023-01-15 v3.1.10 (3.1.10)
\pgf@plot@mark@count=\count311
\pgfplotmarksize=\dimen263
)
\tikz@lastx=\dimen264
\tikz@lasty=\dimen265
\tikz@lastxsaved=\dimen266
\tikz@lastysaved=\dimen267
\tikz@lastmovetox=\dimen268
\tikz@lastmovetoy=\dimen269
\tikzleveldistance=\dimen270
\tikzsiblingdistance=\dimen271
\tikz@figbox=\box62
\tikz@figbox@bg=\box63
\tikz@tempbox=\box64
\tikz@tempbox@bg=\box65
\tikztreelevel=\count312
\tikznumberofchildren=\count313
\tikznumberofcurrentchild=\count314
\tikz@fig@count=\count315

(C:\Users\DefaultUser\AppData\Local\Programs\MiKTeX\tex/generic/pgf/modules\pgf
modulematrix.code.tex
File: pgfmodulematrix.code.tex 2023-01-15 v3.1.10 (3.1.10)
\pgfmatrixcurrentrow=\count316
\pgfmatrixcurrentcolumn=\count317
\pgf@matrix@numberofcolumns=\count318
)
\tikz@expandcount=\count319

(C:\Users\DefaultUser\AppData\Local\Programs\MiKTeX\tex/generic/pgf/frontendlay
er/tikz/libraries\tikzlibrarytopaths.code.tex
File: tikzlibrarytopaths.code.tex 2023-01-15 v3.1.10 (3.1.10)
)))
(C:\Users\DefaultUser\AppData\Local\Programs\MiKTeX\tex/latex/asymptote\asympto
te.sty
Package: asymptote 2024/02/26 v1.38 Asymptote style file for LaTeX
 (AMC8_Combined_Problems_2010-2024.pre)
\ASYbox=\box66
\ASYdimen=\dimen272
\c@asy=\count320
\AsyStream=\write4
\AsyPreStream=\write5

(C:\Users\DefaultUser\AppData\Local\Programs\MiKTeX\tex/latex/base\ifthen.sty
Package: ifthen 2024/03/16 v1.1e Standard LaTeX ifthen package (DPC)
)
(C:\Users\DefaultUser\AppData\Local\Programs\MiKTeX\tex/generic/iftex\ifpdf.sty
Package: ifpdf 2019/10/25 v3.4 ifpdf legacy package. Use iftex instead.
)
(C:\Users\DefaultUser\AppData\Local\Programs\MiKTeX\tex/generic/iftex\ifxetex.s
ty
Package: ifxetex 2019/10/25 v0.7 ifxetex legacy package. Use iftex instead.
)
(C:\Users\DefaultUser\AppData\Local\Programs\MiKTeX\tex/generic/catchfile\catch
file.sty
Package: catchfile 2019/12/09 v1.8 Catch the contents of a file (HO)

(C:\Users\DefaultUser\AppData\Local\Programs\MiKTeX\tex/generic/etexcmds\etexcm
ds.sty
Package: etexcmds 2019/12/15 v1.7 Avoid name clashes with e-TeX commands (HO)
))
\openout5 = `AMC8_Combined_Problems_2010-2024.pre'.

)
(C:\Users\DefaultUser\AppData\Local\Programs\MiKTeX\tex/latex/arcs\arcs.sty
Package: arcs 2004/05/09

(C:\Users\DefaultUser\AppData\Local\Programs\MiKTeX\tex/latex/relsize\relsize.s
ty
Package: relsize 2013/03/29 ver 4.1
))
(C:\Users\DefaultUser\AppData\Local\Programs\MiKTeX\tex/latex/xwatermark\xwater
mark.sty
(C:\Users\DefaultUser\AppData\Local\Programs\MiKTeX\tex/latex/catoptions\catopt
ions.sty
\m@one=\count321
\z@pt=\dimen273
Package: catoptions 2023/10/29 v0.2.7i Securing catcodes and parsing options (A
M)


Package catoptions Warning: 
(catoptions)                catoptions modifies package option handling and is
(catoptions)                incompatible with many other packages.
(catoptions)                For new documents it is recommended to use
(catoptions)                The built in option processor:
(catoptions)                \ProcessKeyOptions, see clsguide.

\cpt@csvdepth=\count322
\cpt@optdepth=\count323
\cpt@cnta=\count324
\indrisdepth=\count325
\cpt@foreachdepth=\count326
\cpt@exprcnt=\count327
)
Package: xwatermark 2012/10/23 v1.5.2d A dynamic watermarking scheme (Ahmed Mus
a)
 (C:\Users\DefaultUser\AppData\Local\Programs\MiKTeX\tex/latex/base\fix-cm.sty
Package: fix-cm 2020/11/24 v1.1t fixes to LaTeX
(C:\Users\DefaultUser\AppData\Local\Programs\MiKTeX\tex/latex/base\ts1enc.def
File: ts1enc.def 2001/06/05 v3.0e (jk/car/fm) Standard LaTeX file
LaTeX Font Info:    Redeclaring font encoding TS1 on input line 47.
))
(C:\Users\DefaultUser\AppData\Local\Programs\MiKTeX\tex/latex/picture\picture.s
ty
Package: picture 2020-04-22 v1.6 Dimens for picture macros (HO)
Package picture Info: Calculation method: etex.
)
(C:\Users\DefaultUser\AppData\Local\Programs\MiKTeX\tex/latex/ltxkeys\ltxkeys.s
ty
Package: ltxkeys 2012/11/17 v0.0.3c A robust key-value parser (AM) (Ahmed Musa)

\ltxkeys@csvdepth=\count328
\ltxkeys@keydepth=\count329
)
(C:\Users\DefaultUser\AppData\Local\Programs\MiKTeX\tex/latex/framed\framed.sty
Package: framed 2011/10/22 v 0.96: framed or shaded text with page breaks
\OuterFrameSep=\skip70
\fb@frw=\dimen274
\fb@frh=\dimen275
\FrameRule=\dimen276
\FrameSep=\dimen277
)
\xwm@boxa=\box67
\xwm@boxb=\box68
\xwm@cnta=\count330
\xwm@wrt=\write6
 (AMC8_Combined_Problems_2010-2024.xwm)
\openout6 = `AMC8_Combined_Problems_2010-2024.xwm'.

)
(C:\Users\DefaultUser\AppData\Local\Programs\MiKTeX\tex/latex/l3backend\l3backe
nd-pdftex.def
File: l3backend-pdftex.def 2024-05-08 L3 backend support: PDF output (pdfTeX)
\l__color_backend_stack_int=\count331
\l__pdf_internal_box=\box69
) (AMC8_Combined_Problems_2010-2024.aux)
\openout1 = `AMC8_Combined_Problems_2010-2024.aux'.

LaTeX Font Info:    Checking defaults for OML/cmm/m/it on input line 32.
LaTeX Font Info:    ... okay on input line 32.
LaTeX Font Info:    Checking defaults for OMS/cmsy/m/n on input line 32.
LaTeX Font Info:    ... okay on input line 32.
LaTeX Font Info:    Checking defaults for OT1/cmr/m/n on input line 32.
LaTeX Font Info:    ... okay on input line 32.
LaTeX Font Info:    Checking defaults for T1/cmr/m/n on input line 32.
LaTeX Font Info:    ... okay on input line 32.
LaTeX Font Info:    Checking defaults for TS1/cmr/m/n on input line 32.
LaTeX Font Info:    ... okay on input line 32.
LaTeX Font Info:    Checking defaults for OMX/cmex/m/n on input line 32.
LaTeX Font Info:    ... okay on input line 32.
LaTeX Font Info:    Checking defaults for U/cmr/m/n on input line 32.
LaTeX Font Info:    ... okay on input line 32.
LaTeX Font Info:    Checking defaults for PD1/pdf/m/n on input line 32.
LaTeX Font Info:    ... okay on input line 32.
LaTeX Font Info:    Checking defaults for PU/pdf/m/n on input line 32.
LaTeX Font Info:    ... okay on input line 32.

*geometry* driver: auto-detecting
*geometry* detected driver: pdftex
*geometry* verbose mode - [ preamble ] result:
* driver: pdftex
* paper: a4paper
* layout: <same size as paper>
* layoutoffset:(h,v)=(0.0pt,0.0pt)
* modes: 
* h-part:(L,W,R)=(54.2025pt, 489.10287pt, 54.2025pt)
* v-part:(T,H,B)=(54.2025pt, 736.64185pt, 54.2025pt)
* \paperwidth=597.50787pt
* \paperheight=845.04684pt
* \textwidth=489.10287pt
* \textheight=736.64185pt
* \oddsidemargin=-18.06749pt
* \evensidemargin=-18.06749pt
* \topmargin=-55.06749pt
* \headheight=12.0pt
* \headsep=25.0pt
* \topskip=10.0pt
* \footskip=30.0pt
* \marginparwidth=65.0pt
* \marginparsep=11.0pt
* \columnsep=10.0pt
* \skip\footins=9.0pt plus 4.0pt minus 2.0pt
* \hoffset=0.0pt
* \voffset=0.0pt
* \mag=1000
* \@twocolumnfalse
* \@twosidefalse
* \@mparswitchfalse
* \@reversemarginfalse
* (1in=72.27pt=25.4mm, 1cm=28.453pt)

Package hyperref Info: Link coloring OFF on input line 32.
(AMC8_Combined_Problems_2010-2024.out) (AMC8_Combined_Problems_2010-2024.out)
\@outlinefile=\write7
\openout7 = `AMC8_Combined_Problems_2010-2024.out'.


(C:\Users\DefaultUser\AppData\Local\Programs\MiKTeX\tex/context/base/mkii\supp-
pdf.mkii
[Loading MPS to PDF converter (version 2006.09.02).]
\scratchcounter=\count332
\scratchdimen=\dimen278
\scratchbox=\box70
\nofMPsegments=\count333
\nofMParguments=\count334
\everyMPshowfont=\toks38
\MPscratchCnt=\count335
\MPscratchDim=\dimen279
\MPnumerator=\count336
\makeMPintoPDFobject=\count337
\everyMPtoPDFconversion=\toks39
)
(C:\Users\DefaultUser\AppData\Local\Programs\MiKTeX\tex/latex/epstopdf-pkg\epst
opdf-base.sty
Package: epstopdf-base 2020-01-24 v2.11 Base part for package epstopdf
Package epstopdf-base Info: Redefining graphics rule for `.eps' on input line 4
85.

(C:\Users\DefaultUser\AppData\Local\Programs\MiKTeX\tex/latex/00miktex\epstopdf
-sys.cfg
File: epstopdf-sys.cfg 2021/03/18 v2.0 Configuration of epstopdf for MiKTeX
))
LaTeX Font Info:    Trying to load font information for U+msa on input line 32.


(C:\Users\DefaultUser\AppData\Local\Programs\MiKTeX\tex/latex/amsfonts\umsa.fd
File: umsa.fd 2013/01/14 v3.01 AMS symbols A
)
LaTeX Font Info:    Trying to load font information for U+msb on input line 32.

(C:\Users\DefaultUser\AppData\Local\Programs\MiKTeX\tex/latex/amsfonts\umsb.fd
File: umsb.fd 2013/01/14 v3.01 AMS symbols B
)

LaTeX Warning: No \author given.

(AMC8_Combined_Problems_2010-2024.toc)
\tf@toc=\write8
\openout8 = `AMC8_Combined_Problems_2010-2024.toc'.



[1{C:/Users/DefaultUser/AppData/Local/MiKTeX/fonts/map/pdftex/pdftex.map}

]
\openout4 = `AMC8_Combined_Problems_2010-2024-1.asy'.

<AMC8_Combined_Problems_2010-2024-1.pdf, id=100, 463.03189pt x 205.56297pt>
File: AMC8_Combined_Problems_2010-2024-1.pdf Graphic file (type pdf)
<use AMC8_Combined_Problems_2010-2024-1.pdf>
Package pdftex.def Info: AMC8_Combined_Problems_2010-2024-1.pdf  used on input 
line 51.
(pdftex.def)             Requested size: 463.03076pt x 205.56247pt.

Overfull \hbox (11.67503pt too wide) in paragraph at lines 65--69
[]$[] []$ $[] []$ $[] []$ $[] []$ $[] []$ 
 []



[2 <./AMC8_Combined_Problems_2010-2024-1.pdf>]
\openout4 = `AMC8_Combined_Problems_2010-2024-2.asy'.

<AMC8_Combined_Problems_2010-2024-2.pdf, id=128, 303.41959pt x 119.646pt>
File: AMC8_Combined_Problems_2010-2024-2.pdf Graphic file (type pdf)
<use AMC8_Combined_Problems_2010-2024-2.pdf>
Package pdftex.def Info: AMC8_Combined_Problems_2010-2024-2.pdf  used on input 
line 129.
(pdftex.def)             Requested size: 303.41884pt x 119.64569pt.
\openout4 = `AMC8_Combined_Problems_2010-2024-3.asy'.

<AMC8_Combined_Problems_2010-2024-3.pdf, id=129, 72.59622pt x 142.96613pt>
File: AMC8_Combined_Problems_2010-2024-3.pdf Graphic file (type pdf)
<use AMC8_Combined_Problems_2010-2024-3.pdf>
Package pdftex.def Info: AMC8_Combined_Problems_2010-2024-3.pdf  used on input 
line 147.
(pdftex.def)             Requested size: 72.59602pt x 142.96577pt.


[3 <./AMC8_Combined_Problems_2010-2024-2.pdf>]
\openout4 = `AMC8_Combined_Problems_2010-2024-4.asy'.

<AMC8_Combined_Problems_2010-2024-4.pdf, id=154, 206.00865pt x 203.05862pt>
File: AMC8_Combined_Problems_2010-2024-4.pdf Graphic file (type pdf)
<use AMC8_Combined_Problems_2010-2024-4.pdf>
Package pdftex.def Info: AMC8_Combined_Problems_2010-2024-4.pdf  used on input 
line 162.
(pdftex.def)             Requested size: 206.00813pt x 203.05812pt.
\openout4 = `AMC8_Combined_Problems_2010-2024-5.asy'.

<AMC8_Combined_Problems_2010-2024-5.pdf, id=155, 214.09787pt x 214.09787pt>
File: AMC8_Combined_Problems_2010-2024-5.pdf Graphic file (type pdf)
<use AMC8_Combined_Problems_2010-2024-5.pdf>
Package pdftex.def Info: AMC8_Combined_Problems_2010-2024-5.pdf  used on input 
line 181.
(pdftex.def)             Requested size: 214.09734pt x 214.09734pt.


[4 <./AMC8_Combined_Problems_2010-2024-3.pdf> <./AMC8_Combined_Problems_2010-20
24-4.pdf>]

[5 <./AMC8_Combined_Problems_2010-2024-5.pdf>]

LaTeX Warning: Command \textdollar invalid in math mode on input line 200.


LaTeX Warning: Command \textdollar invalid in math mode on input line 200.


LaTeX Warning: Command \textdollar invalid in math mode on input line 200.


LaTeX Warning: Command \textdollar invalid in math mode on input line 200.


LaTeX Warning: Command \textdollar invalid in math mode on input line 200.


LaTeX Warning: Command \textdollar invalid in math mode on input line 200.


LaTeX Warning: Command \textdollar invalid in math mode on input line 200.


LaTeX Warning: Command \textdollar invalid in math mode on input line 200.


LaTeX Warning: Command \textdollar invalid in math mode on input line 200.


LaTeX Warning: Command \textdollar invalid in math mode on input line 200.

\openout4 = `AMC8_Combined_Problems_2010-2024-6.asy'.

<AMC8_Combined_Problems_2010-2024-6.pdf, id=207, 227.62039pt x 227.62039pt>
File: AMC8_Combined_Problems_2010-2024-6.pdf Graphic file (type pdf)
<use AMC8_Combined_Problems_2010-2024-6.pdf>
Package pdftex.def Info: AMC8_Combined_Problems_2010-2024-6.pdf  used on input 
line 225.
(pdftex.def)             Requested size: 227.61983pt x 227.61983pt.


[6 <./AMC8_Combined_Problems_2010-2024-6.pdf>]
\openout4 = `AMC8_Combined_Problems_2010-2024-7.asy'.

<AMC8_Combined_Problems_2010-2024-7.pdf, id=219, 201.06116pt x 201.06116pt>
File: AMC8_Combined_Problems_2010-2024-7.pdf Graphic file (type pdf)
<use AMC8_Combined_Problems_2010-2024-7.pdf>
Package pdftex.def Info: AMC8_Combined_Problems_2010-2024-7.pdf  used on input 
line 260.
(pdftex.def)             Requested size: 201.06067pt x 201.06067pt.
\openout4 = `AMC8_Combined_Problems_2010-2024-8.asy'.

<AMC8_Combined_Problems_2010-2024-8.pdf, id=220, 249.7842pt x 244.51953pt>
File: AMC8_Combined_Problems_2010-2024-8.pdf Graphic file (type pdf)
<use AMC8_Combined_Problems_2010-2024-8.pdf>
Package pdftex.def Info: AMC8_Combined_Problems_2010-2024-8.pdf  used on input 
line 275.
(pdftex.def)             Requested size: 249.78357pt x 244.51892pt.
LaTeX Font Info:    Trying to load font information for OMS+cmr on input line 2
79.

(C:\Users\DefaultUser\AppData\Local\Programs\MiKTeX\tex/latex/base\omscmr.fd
File: omscmr.fd 2024/11/19 v2.5n Standard LaTeX font definitions
)
LaTeX Font Info:    Font shape `OMS/cmr/m/n' in size <10> not available
(Font)              Font shape `OMS/cmsy/m/n' tried instead on input line 279.


[7 <./AMC8_Combined_Problems_2010-2024-7.pdf> <./AMC8_Combined_Problems_2010-20
24-8.pdf>]
\openout4 = `AMC8_Combined_Problems_2010-2024-9.asy'.

<AMC8_Combined_Problems_2010-2024-9.pdf, id=242, 301.125pt x 182.48978pt>
File: AMC8_Combined_Problems_2010-2024-9.pdf Graphic file (type pdf)
<use AMC8_Combined_Problems_2010-2024-9.pdf>
Package pdftex.def Info: AMC8_Combined_Problems_2010-2024-9.pdf  used on input 
line 325.
(pdftex.def)             Requested size: 301.12425pt x 182.48933pt.
\openout4 = `AMC8_Combined_Problems_2010-2024-10.asy'.

<AMC8_Combined_Problems_2010-2024-10.pdf, id=243, 227.62239pt x 158.29538pt>
File: AMC8_Combined_Problems_2010-2024-10.pdf Graphic file (type pdf)
<use AMC8_Combined_Problems_2010-2024-10.pdf>
Package pdftex.def Info: AMC8_Combined_Problems_2010-2024-10.pdf  used on input
 line 347.
(pdftex.def)             Requested size: 227.62183pt x 158.29498pt.


[8 <./AMC8_Combined_Problems_2010-2024-9.pdf> <./AMC8_Combined_Problems_2010-20
24-10.pdf>]
\openout4 = `AMC8_Combined_Problems_2010-2024-11.asy'.

<AMC8_Combined_Problems_2010-2024-11.pdf, id=272, 170.83824pt x 227.62039pt>
File: AMC8_Combined_Problems_2010-2024-11.pdf Graphic file (type pdf)
<use AMC8_Combined_Problems_2010-2024-11.pdf>
Package pdftex.def Info: AMC8_Combined_Problems_2010-2024-11.pdf  used on input
 line 384.
(pdftex.def)             Requested size: 170.83781pt x 227.61983pt.
\openout4 = `AMC8_Combined_Problems_2010-2024-12.asy'.

<AMC8_Combined_Problems_2010-2024-12.pdf, id=273, 227.62239pt x 124.20905pt>
File: AMC8_Combined_Problems_2010-2024-12.pdf Graphic file (type pdf)
<use AMC8_Combined_Problems_2010-2024-12.pdf>
Package pdftex.def Info: AMC8_Combined_Problems_2010-2024-12.pdf  used on input
 line 417.
(pdftex.def)             Requested size: 227.62183pt x 124.20872pt.


[9 <./AMC8_Combined_Problems_2010-2024-11.pdf> <./AMC8_Combined_Problems_2010-2
024-12.pdf>]
\openout4 = `AMC8_Combined_Problems_2010-2024-13.asy'.

<AMC8_Combined_Problems_2010-2024-13.pdf, id=294, 227.62039pt x 227.62039pt>
File: AMC8_Combined_Problems_2010-2024-13.pdf Graphic file (type pdf)
<use AMC8_Combined_Problems_2010-2024-13.pdf>
Package pdftex.def Info: AMC8_Combined_Problems_2010-2024-13.pdf  used on input
 line 439.
(pdftex.def)             Requested size: 227.61983pt x 227.61983pt.


[10 <./AMC8_Combined_Problems_2010-2024-13.pdf>]
\openout4 = `AMC8_Combined_Problems_2010-2024-14.asy'.

<AMC8_Combined_Problems_2010-2024-14.pdf, id=304, 227.62239pt x 176.19928pt>
File: AMC8_Combined_Problems_2010-2024-14.pdf Graphic file (type pdf)
<use AMC8_Combined_Problems_2010-2024-14.pdf>
Package pdftex.def Info: AMC8_Combined_Problems_2010-2024-14.pdf  used on input
 line 497.
(pdftex.def)             Requested size: 227.62183pt x 176.19884pt.


[11 <./AMC8_Combined_Problems_2010-2024-14.pdf>]

LaTeX Warning: Command \textdollar invalid in math mode on input line 516.


LaTeX Warning: Command \textdollar invalid in math mode on input line 516.


LaTeX Warning: Command \textdollar invalid in math mode on input line 516.


LaTeX Warning: Command \textdollar invalid in math mode on input line 516.



[12]
\openout4 = `AMC8_Combined_Problems_2010-2024-15.asy'.

<AMC8_Combined_Problems_2010-2024-15.pdf, id=351, 120.95187pt x 50.1875pt>
File: AMC8_Combined_Problems_2010-2024-15.pdf Graphic file (type pdf)
<use AMC8_Combined_Problems_2010-2024-15.pdf>
Package pdftex.def Info: AMC8_Combined_Problems_2010-2024-15.pdf  used on input
 line 562.
(pdftex.def)             Requested size: 120.95157pt x 50.18736pt.
\openout4 = `AMC8_Combined_Problems_2010-2024-16.asy'.

<AMC8_Combined_Problems_2010-2024-16.pdf, id=352, 227.62239pt x 212.67857pt>
File: AMC8_Combined_Problems_2010-2024-16.pdf Graphic file (type pdf)
<use AMC8_Combined_Problems_2010-2024-16.pdf>
Package pdftex.def Info: AMC8_Combined_Problems_2010-2024-16.pdf  used on input
 line 578.
(pdftex.def)             Requested size: 227.62183pt x 212.67804pt.


[13 <./AMC8_Combined_Problems_2010-2024-15.pdf> <./AMC8_Combined_Problems_2010-
2024-16.pdf>]
Overfull \hbox (19.20294pt too wide) in paragraph at lines 594--594
[]$[] [] [] [] [] [] [] [] [] []$ 
 []

\openout4 = `AMC8_Combined_Problems_2010-2024-17.asy'.

<AMC8_Combined_Problems_2010-2024-17.pdf, id=371, 137.07512pt x 137.07512pt>
File: AMC8_Combined_Problems_2010-2024-17.pdf Graphic file (type pdf)
<use AMC8_Combined_Problems_2010-2024-17.pdf>
Package pdftex.def Info: AMC8_Combined_Problems_2010-2024-17.pdf  used on input
 line 612.
(pdftex.def)             Requested size: 137.07477pt x 137.07477pt.


[14 <./AMC8_Combined_Problems_2010-2024-17.pdf>]
\openout4 = `AMC8_Combined_Problems_2010-2024-18.asy'.

<AMC8_Combined_Problems_2010-2024-18.pdf, id=394, 216.81pt x 188.93585pt>
File: AMC8_Combined_Problems_2010-2024-18.pdf Graphic file (type pdf)
<use AMC8_Combined_Problems_2010-2024-18.pdf>
Package pdftex.def Info: AMC8_Combined_Problems_2010-2024-18.pdf  used on input
 line 699.
(pdftex.def)             Requested size: 216.80946pt x 188.93538pt.


[15 <./AMC8_Combined_Problems_2010-2024-18.pdf>]
\openout4 = `AMC8_Combined_Problems_2010-2024-19.asy'.

<AMC8_Combined_Problems_2010-2024-19.pdf, id=410, 227.62039pt x 166.24107pt>
File: AMC8_Combined_Problems_2010-2024-19.pdf Graphic file (type pdf)
<use AMC8_Combined_Problems_2010-2024-19.pdf>
Package pdftex.def Info: AMC8_Combined_Problems_2010-2024-19.pdf  used on input
 line 736.
(pdftex.def)             Requested size: 227.61983pt x 166.24065pt.
\openout4 = `AMC8_Combined_Problems_2010-2024-20.asy'.

<AMC8_Combined_Problems_2010-2024-20.pdf, id=411, 227.62239pt x 225.81564pt>
File: AMC8_Combined_Problems_2010-2024-20.pdf Graphic file (type pdf)
<use AMC8_Combined_Problems_2010-2024-20.pdf>
Package pdftex.def Info: AMC8_Combined_Problems_2010-2024-20.pdf  used on input
 line 763.
(pdftex.def)             Requested size: 227.62183pt x 225.81508pt.


[16 <./AMC8_Combined_Problems_2010-2024-19.pdf> <./AMC8_Combined_Problems_2010-
2024-20.pdf>]
\openout4 = `AMC8_Combined_Problems_2010-2024-21.asy'.

<AMC8_Combined_Problems_2010-2024-21.pdf, id=430, 227.1717pt x 227.62239pt>
File: AMC8_Combined_Problems_2010-2024-21.pdf Graphic file (type pdf)
<use AMC8_Combined_Problems_2010-2024-21.pdf>
Package pdftex.def Info: AMC8_Combined_Problems_2010-2024-21.pdf  used on input
 line 806.
(pdftex.def)             Requested size: 227.17114pt x 227.62183pt.
\openout4 = `AMC8_Combined_Problems_2010-2024-22.asy'.

<AMC8_Combined_Problems_2010-2024-22.pdf, id=431, 227.62239pt x 67.5594pt>
File: AMC8_Combined_Problems_2010-2024-22.pdf Graphic file (type pdf)
<use AMC8_Combined_Problems_2010-2024-22.pdf>
Package pdftex.def Info: AMC8_Combined_Problems_2010-2024-22.pdf  used on input
 line 835.
(pdftex.def)             Requested size: 227.62183pt x 67.55922pt.


[17 <./AMC8_Combined_Problems_2010-2024-21.pdf> <./AMC8_Combined_Problems_2010-
2024-22.pdf>]

LaTeX Warning: Command \textdollar invalid in math mode on input line 859.


LaTeX Warning: Command \textdollar invalid in math mode on input line 859.

\openout4 = `AMC8_Combined_Problems_2010-2024-23.asy'.

<AMC8_Combined_Problems_2010-2024-23.pdf, id=460, 301.125pt x 114.11935pt>
File: AMC8_Combined_Problems_2010-2024-23.pdf Graphic file (type pdf)
<use AMC8_Combined_Problems_2010-2024-23.pdf>
Package pdftex.def Info: AMC8_Combined_Problems_2010-2024-23.pdf  used on input
 line 878.
(pdftex.def)             Requested size: 301.12425pt x 114.11906pt.


[18 <./AMC8_Combined_Problems_2010-2024-23.pdf>]
\openout4 = `AMC8_Combined_Problems_2010-2024-24.asy'.

<AMC8_Combined_Problems_2010-2024-24.pdf, id=494, 250.9375pt x 91.10336pt>
File: AMC8_Combined_Problems_2010-2024-24.pdf Graphic file (type pdf)
<use AMC8_Combined_Problems_2010-2024-24.pdf>
Package pdftex.def Info: AMC8_Combined_Problems_2010-2024-24.pdf  used on input
 line 909.
(pdftex.def)             Requested size: 250.93687pt x 91.10312pt.
\openout4 = `AMC8_Combined_Problems_2010-2024-25.asy'.

<AMC8_Combined_Problems_2010-2024-25.pdf, id=495, 230.8625pt x 227.00308pt>
File: AMC8_Combined_Problems_2010-2024-25.pdf Graphic file (type pdf)
<use AMC8_Combined_Problems_2010-2024-25.pdf>
Package pdftex.def Info: AMC8_Combined_Problems_2010-2024-25.pdf  used on input
 line 936.
(pdftex.def)             Requested size: 230.86192pt x 227.00252pt.


[19 <./AMC8_Combined_Problems_2010-2024-24.pdf> <./AMC8_Combined_Problems_2010-
2024-25.pdf>]
\openout4 = `AMC8_Combined_Problems_2010-2024-26.asy'.

<AMC8_Combined_Problems_2010-2024-26.pdf, id=527, 227.62239pt x 159.48584pt>
File: AMC8_Combined_Problems_2010-2024-26.pdf Graphic file (type pdf)
<use AMC8_Combined_Problems_2010-2024-26.pdf>
Package pdftex.def Info: AMC8_Combined_Problems_2010-2024-26.pdf  used on input
 line 965.
(pdftex.def)             Requested size: 227.62183pt x 159.48543pt.


[20 <./AMC8_Combined_Problems_2010-2024-26.pdf>]
\openout4 = `AMC8_Combined_Problems_2010-2024-27.asy'.

<AMC8_Combined_Problems_2010-2024-27.pdf, id=548, 284.52296pt x 81.65506pt>
File: AMC8_Combined_Problems_2010-2024-27.pdf Graphic file (type pdf)
<use AMC8_Combined_Problems_2010-2024-27.pdf>
Package pdftex.def Info: AMC8_Combined_Problems_2010-2024-27.pdf  used on input
 line 1001.
(pdftex.def)             Requested size: 284.52225pt x 81.65485pt.


[21 <./AMC8_Combined_Problems_2010-2024-27.pdf>]
\openout4 = `AMC8_Combined_Problems_2010-2024-28.asy'.

<AMC8_Combined_Problems_2010-2024-28.pdf, id=556, 227.62239pt x 223.27716pt>
File: AMC8_Combined_Problems_2010-2024-28.pdf Graphic file (type pdf)
<use AMC8_Combined_Problems_2010-2024-28.pdf>
Package pdftex.def Info: AMC8_Combined_Problems_2010-2024-28.pdf  used on input
 line 1043.
(pdftex.def)             Requested size: 227.62183pt x 223.27661pt.


[22 <./AMC8_Combined_Problems_2010-2024-28.pdf>]
\openout4 = `AMC8_Combined_Problems_2010-2024-29.asy'.

<AMC8_Combined_Problems_2010-2024-29.pdf, id=576, 190.49167pt x 222.07968pt>
File: AMC8_Combined_Problems_2010-2024-29.pdf Graphic file (type pdf)
<use AMC8_Combined_Problems_2010-2024-29.pdf>
Package pdftex.def Info: AMC8_Combined_Problems_2010-2024-29.pdf  used on input
 line 1083.
(pdftex.def)             Requested size: 190.4912pt x 222.07913pt.


[23 <./AMC8_Combined_Problems_2010-2024-29.pdf>]
\openout4 = `AMC8_Combined_Problems_2010-2024-30.asy'.

<AMC8_Combined_Problems_2010-2024-30.pdf, id=591, 109.54326pt x 109.54326pt>
File: AMC8_Combined_Problems_2010-2024-30.pdf Graphic file (type pdf)
<use AMC8_Combined_Problems_2010-2024-30.pdf>
Package pdftex.def Info: AMC8_Combined_Problems_2010-2024-30.pdf  used on input
 line 1117.
(pdftex.def)             Requested size: 109.54297pt x 109.54297pt.
\openout4 = `AMC8_Combined_Problems_2010-2024-31.asy'.

<AMC8_Combined_Problems_2010-2024-31.pdf, id=592, 227.62239pt x 196.82434pt>
File: AMC8_Combined_Problems_2010-2024-31.pdf Graphic file (type pdf)
<use AMC8_Combined_Problems_2010-2024-31.pdf>
Package pdftex.def Info: AMC8_Combined_Problems_2010-2024-31.pdf  used on input
 line 1144.
(pdftex.def)             Requested size: 227.62183pt x 196.82385pt.
\openout4 = `AMC8_Combined_Problems_2010-2024-32.asy'.

<AMC8_Combined_Problems_2010-2024-32.pdf, id=593, 220.59714pt x 227.62239pt>
File: AMC8_Combined_Problems_2010-2024-32.pdf Graphic file (type pdf)
<use AMC8_Combined_Problems_2010-2024-32.pdf>
Package pdftex.def Info: AMC8_Combined_Problems_2010-2024-32.pdf  used on input
 line 1175.
(pdftex.def)             Requested size: 220.59659pt x 227.62183pt.


[24 <./AMC8_Combined_Problems_2010-2024-30.pdf> <./AMC8_Combined_Problems_2010-
2024-31.pdf>]
\openout4 = `AMC8_Combined_Problems_2010-2024-33.asy'.

<AMC8_Combined_Problems_2010-2024-33.pdf, id=625, 227.62039pt x 227.62039pt>
File: AMC8_Combined_Problems_2010-2024-33.pdf Graphic file (type pdf)
<use AMC8_Combined_Problems_2010-2024-33.pdf>
Package pdftex.def Info: AMC8_Combined_Problems_2010-2024-33.pdf  used on input
 line 1203.
(pdftex.def)             Requested size: 227.61983pt x 227.61983pt.


[25 <./AMC8_Combined_Problems_2010-2024-32.pdf>]

[26 <./AMC8_Combined_Problems_2010-2024-33.pdf>]
\openout4 = `AMC8_Combined_Problems_2010-2024-34.asy'.

<AMC8_Combined_Problems_2010-2024-34.pdf, id=653, 183.21048pt x 227.62239pt>
File: AMC8_Combined_Problems_2010-2024-34.pdf Graphic file (type pdf)
<use AMC8_Combined_Problems_2010-2024-34.pdf>
Package pdftex.def Info: AMC8_Combined_Problems_2010-2024-34.pdf  used on input
 line 1226.
(pdftex.def)             Requested size: 183.21002pt x 227.62183pt.
\openout4 = `AMC8_Combined_Problems_2010-2024-35.asy'.

<AMC8_Combined_Problems_2010-2024-35.pdf, id=654, 295.77502pt x 244.1361pt>
File: AMC8_Combined_Problems_2010-2024-35.pdf Graphic file (type pdf)
<use AMC8_Combined_Problems_2010-2024-35.pdf>
Package pdftex.def Info: AMC8_Combined_Problems_2010-2024-35.pdf  used on input
 line 1290.
(pdftex.def)             Requested size: 295.77429pt x 244.13548pt.


[27 <./AMC8_Combined_Problems_2010-2024-34.pdf>]

[28 <./AMC8_Combined_Problems_2010-2024-35.pdf>]
\openout4 = `AMC8_Combined_Problems_2010-2024-36.asy'.

<AMC8_Combined_Problems_2010-2024-36.pdf, id=695, 162.46596pt x 227.62239pt>
File: AMC8_Combined_Problems_2010-2024-36.pdf Graphic file (type pdf)
<use AMC8_Combined_Problems_2010-2024-36.pdf>
Package pdftex.def Info: AMC8_Combined_Problems_2010-2024-36.pdf  used on input
 line 1396.
(pdftex.def)             Requested size: 162.46555pt x 227.62183pt.


[29]
\openout4 = `AMC8_Combined_Problems_2010-2024-37.asy'.

<AMC8_Combined_Problems_2010-2024-37.pdf, id=710, 227.62039pt x 213.42737pt>
File: AMC8_Combined_Problems_2010-2024-37.pdf Graphic file (type pdf)
<use AMC8_Combined_Problems_2010-2024-37.pdf>
Package pdftex.def Info: AMC8_Combined_Problems_2010-2024-37.pdf  used on input
 line 1426.
(pdftex.def)             Requested size: 227.61983pt x 213.42683pt.


[30 <./AMC8_Combined_Problems_2010-2024-36.pdf> <./AMC8_Combined_Problems_2010-
2024-37.pdf>]

[31]
\openout4 = `AMC8_Combined_Problems_2010-2024-38.asy'.

<AMC8_Combined_Problems_2010-2024-38.pdf, id=732, 227.61537pt x 227.62239pt>
File: AMC8_Combined_Problems_2010-2024-38.pdf Graphic file (type pdf)
<use AMC8_Combined_Problems_2010-2024-38.pdf>
Package pdftex.def Info: AMC8_Combined_Problems_2010-2024-38.pdf  used on input
 line 1458.
(pdftex.def)             Requested size: 227.6148pt x 227.62183pt.


[32 <./AMC8_Combined_Problems_2010-2024-38.pdf>]
\openout4 = `AMC8_Combined_Problems_2010-2024-39.asy'.

<AMC8_Combined_Problems_2010-2024-39.pdf, id=753, 209.62215pt x 227.62239pt>
File: AMC8_Combined_Problems_2010-2024-39.pdf Graphic file (type pdf)
<use AMC8_Combined_Problems_2010-2024-39.pdf>
Package pdftex.def Info: AMC8_Combined_Problems_2010-2024-39.pdf  used on input
 line 1564.
(pdftex.def)             Requested size: 209.62163pt x 227.62183pt.


[33]
\openout4 = `AMC8_Combined_Problems_2010-2024-40.asy'.

<AMC8_Combined_Problems_2010-2024-40.pdf, id=766, 227.62239pt x 176.45021pt>
File: AMC8_Combined_Problems_2010-2024-40.pdf Graphic file (type pdf)
<use AMC8_Combined_Problems_2010-2024-40.pdf>
Package pdftex.def Info: AMC8_Combined_Problems_2010-2024-40.pdf  used on input
 line 1584.
(pdftex.def)             Requested size: 227.62183pt x 176.44977pt.
\openout4 = `AMC8_Combined_Problems_2010-2024-41.asy'.

<AMC8_Combined_Problems_2010-2024-41.pdf, id=767, 227.62239pt x 109.06245pt>
File: AMC8_Combined_Problems_2010-2024-41.pdf Graphic file (type pdf)
<use AMC8_Combined_Problems_2010-2024-41.pdf>
Package pdftex.def Info: AMC8_Combined_Problems_2010-2024-41.pdf  used on input
 line 1607.
(pdftex.def)             Requested size: 227.62183pt x 109.06216pt.


[34 <./AMC8_Combined_Problems_2010-2024-39.pdf> <./AMC8_Combined_Problems_2010-
2024-40.pdf>]
\openout4 = `AMC8_Combined_Problems_2010-2024-42.asy'.

<AMC8_Combined_Problems_2010-2024-42.pdf, id=798, 227.62239pt x 108.15005pt>
File: AMC8_Combined_Problems_2010-2024-42.pdf Graphic file (type pdf)
<use AMC8_Combined_Problems_2010-2024-42.pdf>
Package pdftex.def Info: AMC8_Combined_Problems_2010-2024-42.pdf  used on input
 line 1643.
(pdftex.def)             Requested size: 227.62183pt x 108.14978pt.
LaTeX Font Info:    Calculating math sizes for size <5.99998> on input line 166
0.


[35 <./AMC8_Combined_Problems_2010-2024-41.pdf> <./AMC8_Combined_Problems_2010-
2024-42.pdf>]
\openout4 = `AMC8_Combined_Problems_2010-2024-43.asy'.

<AMC8_Combined_Problems_2010-2024-43.pdf, id=829, 142.7172pt x 227.62239pt>
File: AMC8_Combined_Problems_2010-2024-43.pdf Graphic file (type pdf)
<use AMC8_Combined_Problems_2010-2024-43.pdf>
Package pdftex.def Info: AMC8_Combined_Problems_2010-2024-43.pdf  used on input
 line 1668.
(pdftex.def)             Requested size: 142.71684pt x 227.62183pt.


[36 <./AMC8_Combined_Problems_2010-2024-43.pdf>]
\openout4 = `AMC8_Combined_Problems_2010-2024-44.asy'.

<AMC8_Combined_Problems_2010-2024-44.pdf, id=844, 159.83716pt x 159.83716pt>
File: AMC8_Combined_Problems_2010-2024-44.pdf Graphic file (type pdf)
<use AMC8_Combined_Problems_2010-2024-44.pdf>
Package pdftex.def Info: AMC8_Combined_Problems_2010-2024-44.pdf  used on input
 line 1699.
(pdftex.def)             Requested size: 159.83675pt x 159.83675pt.
\openout4 = `AMC8_Combined_Problems_2010-2024-45.asy'.

<AMC8_Combined_Problems_2010-2024-45.pdf, id=845, 227.62239pt x 155.86029pt>
File: AMC8_Combined_Problems_2010-2024-45.pdf Graphic file (type pdf)
<use AMC8_Combined_Problems_2010-2024-45.pdf>
Package pdftex.def Info: AMC8_Combined_Problems_2010-2024-45.pdf  used on input
 line 1739.
(pdftex.def)             Requested size: 227.62183pt x 155.85991pt.


[37 <./AMC8_Combined_Problems_2010-2024-44.pdf>]
\openout4 = `AMC8_Combined_Problems_2010-2024-46.asy'.

<AMC8_Combined_Problems_2010-2024-46.pdf, id=861, 113.81522pt x 113.81522pt>
File: AMC8_Combined_Problems_2010-2024-46.pdf Graphic file (type pdf)
<use AMC8_Combined_Problems_2010-2024-46.pdf>
Package pdftex.def Info: AMC8_Combined_Problems_2010-2024-46.pdf  used on input
 line 1776.
(pdftex.def)             Requested size: 113.81493pt x 113.81493pt.


[38 <./AMC8_Combined_Problems_2010-2024-45.pdf>]
\openout4 = `AMC8_Combined_Problems_2010-2024-47.asy'.

<AMC8_Combined_Problems_2010-2024-47.pdf, id=881, 228.12427pt x 91.55104pt>
File: AMC8_Combined_Problems_2010-2024-47.pdf Graphic file (type pdf)
<use AMC8_Combined_Problems_2010-2024-47.pdf>
Package pdftex.def Info: AMC8_Combined_Problems_2010-2024-47.pdf  used on input
 line 1805.
(pdftex.def)             Requested size: 228.1237pt x 91.5508pt.
\openout4 = `AMC8_Combined_Problems_2010-2024-48.asy'.

<AMC8_Combined_Problems_2010-2024-48.pdf, id=882, 199.1691pt x 182.45465pt>
File: AMC8_Combined_Problems_2010-2024-48.pdf Graphic file (type pdf)
<use AMC8_Combined_Problems_2010-2024-48.pdf>
Package pdftex.def Info: AMC8_Combined_Problems_2010-2024-48.pdf  used on input
 line 1826.
(pdftex.def)             Requested size: 199.1686pt x 182.4542pt.


[39 <./AMC8_Combined_Problems_2010-2024-46.pdf> <./AMC8_Combined_Problems_2010-
2024-47.pdf> <./AMC8_Combined_Problems_2010-2024-48.pdf>]
\openout4 = `AMC8_Combined_Problems_2010-2024-49.asy'.

<AMC8_Combined_Problems_2010-2024-49.pdf, id=918, 142.26349pt x 140.10744pt>
File: AMC8_Combined_Problems_2010-2024-49.pdf Graphic file (type pdf)
<use AMC8_Combined_Problems_2010-2024-49.pdf>
Package pdftex.def Info: AMC8_Combined_Problems_2010-2024-49.pdf  used on input
 line 1848.
(pdftex.def)             Requested size: 142.26312pt x 140.10709pt.
\openout4 = `AMC8_Combined_Problems_2010-2024-50.asy'.

<AMC8_Combined_Problems_2010-2024-50.pdf, id=919, 85.3589pt x 85.3589pt>
File: AMC8_Combined_Problems_2010-2024-50.pdf Graphic file (type pdf)
<use AMC8_Combined_Problems_2010-2024-50.pdf>
Package pdftex.def Info: AMC8_Combined_Problems_2010-2024-50.pdf  used on input
 line 1866.
(pdftex.def)             Requested size: 85.35869pt x 85.35869pt.
\openout4 = `AMC8_Combined_Problems_2010-2024-51.asy'.

<AMC8_Combined_Problems_2010-2024-51.pdf, id=920, 153.92607pt x 170.7168pt>
File: AMC8_Combined_Problems_2010-2024-51.pdf Graphic file (type pdf)
<use AMC8_Combined_Problems_2010-2024-51.pdf>
Package pdftex.def Info: AMC8_Combined_Problems_2010-2024-51.pdf  used on input
 line 1903.
(pdftex.def)             Requested size: 153.92569pt x 170.71637pt.


[40 <./AMC8_Combined_Problems_2010-2024-49.pdf> <./AMC8_Combined_Problems_2010-
2024-50.pdf> <./AMC8_Combined_Problems_2010-2024-51.pdf>]
\openout4 = `AMC8_Combined_Problems_2010-2024-52.asy'.

<AMC8_Combined_Problems_2010-2024-52.pdf, id=948, 227.62239pt x 170.55118pt>
File: AMC8_Combined_Problems_2010-2024-52.pdf Graphic file (type pdf)
<use AMC8_Combined_Problems_2010-2024-52.pdf>
Package pdftex.def Info: AMC8_Combined_Problems_2010-2024-52.pdf  used on input
 line 1934.
(pdftex.def)             Requested size: 227.62183pt x 170.55074pt.
\openout4 = `AMC8_Combined_Problems_2010-2024-53.asy'.

<AMC8_Combined_Problems_2010-2024-53.pdf, id=949, 227.62239pt x 103.58699pt>
File: AMC8_Combined_Problems_2010-2024-53.pdf Graphic file (type pdf)
<use AMC8_Combined_Problems_2010-2024-53.pdf>
Package pdftex.def Info: AMC8_Combined_Problems_2010-2024-53.pdf  used on input
 line 1959.
(pdftex.def)             Requested size: 227.62183pt x 103.58673pt.
\openout4 = `AMC8_Combined_Problems_2010-2024-54.asy'.

<AMC8_Combined_Problems_2010-2024-54.pdf, id=950, 227.62239pt x 227.62239pt>
File: AMC8_Combined_Problems_2010-2024-54.pdf Graphic file (type pdf)
<use AMC8_Combined_Problems_2010-2024-54.pdf>
Package pdftex.def Info: AMC8_Combined_Problems_2010-2024-54.pdf  used on input
 line 2064.
(pdftex.def)             Requested size: 227.62183pt x 227.62183pt.


[41 <./AMC8_Combined_Problems_2010-2024-52.pdf> <./AMC8_Combined_Problems_2010-
2024-53.pdf>]
\openout4 = `AMC8_Combined_Problems_2010-2024-55.asy'.

<AMC8_Combined_Problems_2010-2024-55.pdf, id=977, 215.5784pt x 167.09125pt>
File: AMC8_Combined_Problems_2010-2024-55.pdf Graphic file (type pdf)
<use AMC8_Combined_Problems_2010-2024-55.pdf>
Package pdftex.def Info: AMC8_Combined_Problems_2010-2024-55.pdf  used on input
 line 2098.
(pdftex.def)             Requested size: 215.57787pt x 167.09082pt.


[42 <./AMC8_Combined_Problems_2010-2024-54.pdf> <./AMC8_Combined_Problems_2010-
2024-55.pdf>]
\openout4 = `AMC8_Combined_Problems_2010-2024-56.asy'.

<AMC8_Combined_Problems_2010-2024-56.pdf, id=1002, 318.95663pt x 90.8193pt>
File: AMC8_Combined_Problems_2010-2024-56.pdf Graphic file (type pdf)
<use AMC8_Combined_Problems_2010-2024-56.pdf>
Package pdftex.def Info: AMC8_Combined_Problems_2010-2024-56.pdf  used on input
 line 2146.
(pdftex.def)             Requested size: 318.95584pt x 90.81908pt.


[43 <./AMC8_Combined_Problems_2010-2024-56.pdf>]
\openout4 = `AMC8_Combined_Problems_2010-2024-57.asy'.

<AMC8_Combined_Problems_2010-2024-57.pdf, id=1024, 197.62532pt x 123.36389pt>
File: AMC8_Combined_Problems_2010-2024-57.pdf Graphic file (type pdf)
<use AMC8_Combined_Problems_2010-2024-57.pdf>
Package pdftex.def Info: AMC8_Combined_Problems_2010-2024-57.pdf  used on input
 line 2215.
(pdftex.def)             Requested size: 197.62482pt x 123.36357pt.


[44 <./AMC8_Combined_Problems_2010-2024-57.pdf>]
Overfull \hbox (107.18446pt too wide) in paragraph at lines 2229--2230
\OT1/cmr/m/n/10 ber-ries per plant. How many straw-ber-ries can she ex-pect to 
har-vest? $[]560 []960 []1120 []1920 []3840$ 
 []

\openout4 = `AMC8_Combined_Problems_2010-2024-58.asy'.

<AMC8_Combined_Problems_2010-2024-58.pdf, id=1043, 250.9375pt x 93.92088pt>
File: AMC8_Combined_Problems_2010-2024-58.pdf Graphic file (type pdf)
<use AMC8_Combined_Problems_2010-2024-58.pdf>
Package pdftex.def Info: AMC8_Combined_Problems_2010-2024-58.pdf  used on input
 line 2259.
(pdftex.def)             Requested size: 250.93687pt x 93.92064pt.
\openout4 = `AMC8_Combined_Problems_2010-2024-59.asy'.

<AMC8_Combined_Problems_2010-2024-59.pdf, id=1044, 214.41104pt x 227.62039pt>
File: AMC8_Combined_Problems_2010-2024-59.pdf Graphic file (type pdf)
<use AMC8_Combined_Problems_2010-2024-59.pdf>
Package pdftex.def Info: AMC8_Combined_Problems_2010-2024-59.pdf  used on input
 line 2328.
(pdftex.def)             Requested size: 214.4105pt x 227.61983pt.


[45 <./AMC8_Combined_Problems_2010-2024-58.pdf>]
\openout4 = `AMC8_Combined_Problems_2010-2024-60.asy'.

<AMC8_Combined_Problems_2010-2024-60.pdf, id=1060, 255.66718pt x 253.65866pt>
File: AMC8_Combined_Problems_2010-2024-60.pdf Graphic file (type pdf)
<use AMC8_Combined_Problems_2010-2024-60.pdf>
Package pdftex.def Info: AMC8_Combined_Problems_2010-2024-60.pdf  used on input
 line 2373.
(pdftex.def)             Requested size: 255.66653pt x 253.65804pt.


[46 <./AMC8_Combined_Problems_2010-2024-59.pdf> <./AMC8_Combined_Problems_2010-
2024-60.pdf>]
\openout4 = `AMC8_Combined_Problems_2010-2024-61.asy'.

<AMC8_Combined_Problems_2010-2024-61.pdf, id=1078, 301.125pt x 217.0258pt>
File: AMC8_Combined_Problems_2010-2024-61.pdf Graphic file (type pdf)
<use AMC8_Combined_Problems_2010-2024-61.pdf>
Package pdftex.def Info: AMC8_Combined_Problems_2010-2024-61.pdf  used on input
 line 2429.
(pdftex.def)             Requested size: 301.12425pt x 217.02525pt.
\openout4 = `AMC8_Combined_Problems_2010-2024-62.asy'.

<AMC8_Combined_Problems_2010-2024-62.pdf, id=1079, 200.75pt x 122.5639pt>
File: AMC8_Combined_Problems_2010-2024-62.pdf Graphic file (type pdf)
<use AMC8_Combined_Problems_2010-2024-62.pdf>
Package pdftex.def Info: AMC8_Combined_Problems_2010-2024-62.pdf  used on input
 line 2484.
(pdftex.def)             Requested size: 200.7495pt x 122.56358pt.
\openout4 = `AMC8_Combined_Problems_2010-2024-63.asy'.

<AMC8_Combined_Problems_2010-2024-63.pdf, id=1080, 227.62239pt x 123.41508pt>
File: AMC8_Combined_Problems_2010-2024-63.pdf Graphic file (type pdf)
<use AMC8_Combined_Problems_2010-2024-63.pdf>
Package pdftex.def Info: AMC8_Combined_Problems_2010-2024-63.pdf  used on input
 line 2511.
(pdftex.def)             Requested size: 227.62183pt x 123.41478pt.


[47 <./AMC8_Combined_Problems_2010-2024-61.pdf> <./AMC8_Combined_Problems_2010-
2024-62.pdf>]
\openout4 = `AMC8_Combined_Problems_2010-2024-64.asy'.

<AMC8_Combined_Problems_2010-2024-64.pdf, id=1107, 200.75pt x 200.75pt>
File: AMC8_Combined_Problems_2010-2024-64.pdf Graphic file (type pdf)
<use AMC8_Combined_Problems_2010-2024-64.pdf>
Package pdftex.def Info: AMC8_Combined_Problems_2010-2024-64.pdf  used on input
 line 2561.
(pdftex.def)             Requested size: 200.7495pt x 200.7495pt.


[48 <./AMC8_Combined_Problems_2010-2024-63.pdf> <./AMC8_Combined_Problems_2010-
2024-64.pdf>]
\openout4 = `AMC8_Combined_Problems_2010-2024-65.asy'.

<AMC8_Combined_Problems_2010-2024-65.pdf, id=1135, 301.125pt x 113.61748pt>
File: AMC8_Combined_Problems_2010-2024-65.pdf Graphic file (type pdf)
<use AMC8_Combined_Problems_2010-2024-65.pdf>
Package pdftex.def Info: AMC8_Combined_Problems_2010-2024-65.pdf  used on input
 line 2590.
(pdftex.def)             Requested size: 301.12425pt x 113.61719pt.
\openout4 = `AMC8_Combined_Problems_2010-2024-66.asy'.

<AMC8_Combined_Problems_2010-2024-66.pdf, id=1136, 227.62039pt x 227.62039pt>
File: AMC8_Combined_Problems_2010-2024-66.pdf Graphic file (type pdf)
<use AMC8_Combined_Problems_2010-2024-66.pdf>
Package pdftex.def Info: AMC8_Combined_Problems_2010-2024-66.pdf  used on input
 line 2626.
(pdftex.def)             Requested size: 227.61983pt x 227.61983pt.
\openout4 = `AMC8_Combined_Problems_2010-2024-67.asy'.

<AMC8_Combined_Problems_2010-2024-67.pdf, id=1137, 227.62239pt x 136.77399pt>
File: AMC8_Combined_Problems_2010-2024-67.pdf Graphic file (type pdf)
<use AMC8_Combined_Problems_2010-2024-67.pdf>
Package pdftex.def Info: AMC8_Combined_Problems_2010-2024-67.pdf  used on input
 line 2646.
(pdftex.def)             Requested size: 227.62183pt x 136.77364pt.


[49 <./AMC8_Combined_Problems_2010-2024-65.pdf> <./AMC8_Combined_Problems_2010-
2024-66.pdf>]

[50 <./AMC8_Combined_Problems_2010-2024-67.pdf>]
\openout4 = `AMC8_Combined_Problems_2010-2024-68.asy'.

<AMC8_Combined_Problems_2010-2024-68.pdf, id=1189, 142.26349pt x 142.26349pt>
File: AMC8_Combined_Problems_2010-2024-68.pdf Graphic file (type pdf)
<use AMC8_Combined_Problems_2010-2024-68.pdf>
Package pdftex.def Info: AMC8_Combined_Problems_2010-2024-68.pdf  used on input
 line 2681.
(pdftex.def)             Requested size: 142.26312pt x 142.26312pt.
\openout4 = `AMC8_Combined_Problems_2010-2024-69.asy'.

<AMC8_Combined_Problems_2010-2024-69.pdf, id=1190, 85.3579pt x 85.3579pt>
File: AMC8_Combined_Problems_2010-2024-69.pdf Graphic file (type pdf)
<use AMC8_Combined_Problems_2010-2024-69.pdf>
Package pdftex.def Info: AMC8_Combined_Problems_2010-2024-69.pdf  used on input
 line 2708.
(pdftex.def)             Requested size: 85.35768pt x 85.35768pt.
\openout4 = `AMC8_Combined_Problems_2010-2024-70.asy'.

<AMC8_Combined_Problems_2010-2024-70.pdf, id=1191, 355.65973pt x 194.60304pt>
File: AMC8_Combined_Problems_2010-2024-70.pdf Graphic file (type pdf)
<use AMC8_Combined_Problems_2010-2024-70.pdf>
Package pdftex.def Info: AMC8_Combined_Problems_2010-2024-70.pdf  used on input
 line 2735.
(pdftex.def)             Requested size: 355.65886pt x 194.60255pt.


[51 <./AMC8_Combined_Problems_2010-2024-68.pdf> <./AMC8_Combined_Problems_2010-
2024-69.pdf> <./AMC8_Combined_Problems_2010-2024-70.pdf>]
\openout4 = `AMC8_Combined_Problems_2010-2024-71.asy'.

<AMC8_Combined_Problems_2010-2024-71.pdf, id=1238, 231.16864pt x 228.32703pt>
File: AMC8_Combined_Problems_2010-2024-71.pdf Graphic file (type pdf)
<use AMC8_Combined_Problems_2010-2024-71.pdf>
Package pdftex.def Info: AMC8_Combined_Problems_2010-2024-71.pdf  used on input
 line 2805.
(pdftex.def)             Requested size: 231.16806pt x 228.32645pt.
\openout4 = `AMC8_Combined_Problems_2010-2024-72.asy'.

<AMC8_Combined_Problems_2010-2024-72.pdf, id=1239, 170.7168pt x 87.99475pt>
File: AMC8_Combined_Problems_2010-2024-72.pdf Graphic file (type pdf)
<use AMC8_Combined_Problems_2010-2024-72.pdf>
Package pdftex.def Info: AMC8_Combined_Problems_2010-2024-72.pdf  used on input
 line 2836.
(pdftex.def)             Requested size: 170.71637pt x 87.99452pt.


[52 <./AMC8_Combined_Problems_2010-2024-71.pdf>]
\openout4 = `AMC8_Combined_Problems_2010-2024-73.asy'.

<AMC8_Combined_Problems_2010-2024-73.pdf, id=1268, 156.30295pt x 156.49065pt>
File: AMC8_Combined_Problems_2010-2024-73.pdf Graphic file (type pdf)
<use AMC8_Combined_Problems_2010-2024-73.pdf>
Package pdftex.def Info: AMC8_Combined_Problems_2010-2024-73.pdf  used on input
 line 2907.
(pdftex.def)             Requested size: 156.30255pt x 156.49025pt.
\openout4 = `AMC8_Combined_Problems_2010-2024-74.asy'.

<AMC8_Combined_Problems_2010-2024-74.pdf, id=1269, 142.26349pt x 61.69148pt>
File: AMC8_Combined_Problems_2010-2024-74.pdf Graphic file (type pdf)
<use AMC8_Combined_Problems_2010-2024-74.pdf>
Package pdftex.def Info: AMC8_Combined_Problems_2010-2024-74.pdf  used on input
 line 2961.
(pdftex.def)             Requested size: 142.26312pt x 61.69131pt.


[53 <./AMC8_Combined_Problems_2010-2024-72.pdf> <./AMC8_Combined_Problems_2010-
2024-73.pdf>]
\openout4 = `AMC8_Combined_Problems_2010-2024-75.asy'.

<AMC8_Combined_Problems_2010-2024-75.pdf, id=1297, 85.85977pt x 85.85977pt>
File: AMC8_Combined_Problems_2010-2024-75.pdf Graphic file (type pdf)
<use AMC8_Combined_Problems_2010-2024-75.pdf>
Package pdftex.def Info: AMC8_Combined_Problems_2010-2024-75.pdf  used on input
 line 2990.
(pdftex.def)             Requested size: 85.85956pt x 85.85956pt.
\openout4 = `AMC8_Combined_Problems_2010-2024-76.asy'.

<AMC8_Combined_Problems_2010-2024-76.pdf, id=1298, 199.1691pt x 87.4186pt>
File: AMC8_Combined_Problems_2010-2024-76.pdf Graphic file (type pdf)
<use AMC8_Combined_Problems_2010-2024-76.pdf>
Package pdftex.def Info: AMC8_Combined_Problems_2010-2024-76.pdf  used on input
 line 3020.
(pdftex.def)             Requested size: 199.1686pt x 87.41837pt.
\openout4 = `AMC8_Combined_Problems_2010-2024-77.asy'.

<AMC8_Combined_Problems_2010-2024-77.pdf, id=1299, 93.89078pt x 93.89078pt>
File: AMC8_Combined_Problems_2010-2024-77.pdf Graphic file (type pdf)
<use AMC8_Combined_Problems_2010-2024-77.pdf>
Package pdftex.def Info: AMC8_Combined_Problems_2010-2024-77.pdf  used on input
 line 3050.
(pdftex.def)             Requested size: 93.89053pt x 93.89053pt.


[54 <./AMC8_Combined_Problems_2010-2024-74.pdf> <./AMC8_Combined_Problems_2010-
2024-75.pdf> <./AMC8_Combined_Problems_2010-2024-76.pdf> <./AMC8_Combined_Probl
ems_2010-2024-77.pdf>]
\openout4 = `AMC8_Combined_Problems_2010-2024-78.asy'.

<AMC8_Combined_Problems_2010-2024-78.pdf, id=1342, 276.03125pt x 208.8041pt>
File: AMC8_Combined_Problems_2010-2024-78.pdf Graphic file (type pdf)
<use AMC8_Combined_Problems_2010-2024-78.pdf>
Package pdftex.def Info: AMC8_Combined_Problems_2010-2024-78.pdf  used on input
 line 3082.
(pdftex.def)             Requested size: 276.03056pt x 208.80356pt.


[55 <./AMC8_Combined_Problems_2010-2024-78.pdf>]
\openout4 = `AMC8_Combined_Problems_2010-2024-79.asy'.

<AMC8_Combined_Problems_2010-2024-79.pdf, id=1360, 340.77313pt x 85.3589pt>
File: AMC8_Combined_Problems_2010-2024-79.pdf Graphic file (type pdf)
<use AMC8_Combined_Problems_2010-2024-79.pdf>
Package pdftex.def Info: AMC8_Combined_Problems_2010-2024-79.pdf  used on input
 line 3154.
(pdftex.def)             Requested size: 340.7723pt x 85.35869pt.
\openout4 = `AMC8_Combined_Problems_2010-2024-80.asy'.

<AMC8_Combined_Problems_2010-2024-80.pdf, id=1361, 365.78255pt x 213.39525pt>
File: AMC8_Combined_Problems_2010-2024-80.pdf Graphic file (type pdf)
<use AMC8_Combined_Problems_2010-2024-80.pdf>
Package pdftex.def Info: AMC8_Combined_Problems_2010-2024-80.pdf  used on input
 line 3188.
(pdftex.def)             Requested size: 365.78165pt x 213.39471pt.
\openout4 = `AMC8_Combined_Problems_2010-2024-81.asy'.

<AMC8_Combined_Problems_2010-2024-81.pdf, id=1362, 175.65625pt x 175.65625pt>
File: AMC8_Combined_Problems_2010-2024-81.pdf Graphic file (type pdf)
<use AMC8_Combined_Problems_2010-2024-81.pdf>
Package pdftex.def Info: AMC8_Combined_Problems_2010-2024-81.pdf  used on input
 line 3243.
(pdftex.def)             Requested size: 175.6558pt x 175.6558pt.


[56 <./AMC8_Combined_Problems_2010-2024-79.pdf> <./AMC8_Combined_Problems_2010-
2024-80.pdf>]
\openout4 = `AMC8_Combined_Problems_2010-2024-82.asy'.

<AMC8_Combined_Problems_2010-2024-82.pdf, id=1381, 142.26349pt x 45.25206pt>
File: AMC8_Combined_Problems_2010-2024-82.pdf Graphic file (type pdf)
<use AMC8_Combined_Problems_2010-2024-82.pdf>
Package pdftex.def Info: AMC8_Combined_Problems_2010-2024-82.pdf  used on input
 line 3285.
(pdftex.def)             Requested size: 142.26312pt x 45.25194pt.
\openout4 = `AMC8_Combined_Problems_2010-2024-83.asy'.

<AMC8_Combined_Problems_2010-2024-83.pdf, id=1382, 256.07469pt x 168.51157pt>
File: AMC8_Combined_Problems_2010-2024-83.pdf Graphic file (type pdf)
<use AMC8_Combined_Problems_2010-2024-83.pdf>
Package pdftex.def Info: AMC8_Combined_Problems_2010-2024-83.pdf  used on input
 line 3399.
(pdftex.def)             Requested size: 256.07405pt x 168.51114pt.


[57 <./AMC8_Combined_Problems_2010-2024-81.pdf> <./AMC8_Combined_Problems_2010-
2024-82.pdf> <./AMC8_Combined_Problems_2010-2024-83.pdf>]
\openout4 = `AMC8_Combined_Problems_2010-2024-84.asy'.

<AMC8_Combined_Problems_2010-2024-84.pdf, id=1419, 227.62239pt x 227.62239pt>
File: AMC8_Combined_Problems_2010-2024-84.pdf Graphic file (type pdf)
<use AMC8_Combined_Problems_2010-2024-84.pdf>
Package pdftex.def Info: AMC8_Combined_Problems_2010-2024-84.pdf  used on input
 line 3453.
(pdftex.def)             Requested size: 227.62183pt x 227.62183pt.
\openout4 = `AMC8_Combined_Problems_2010-2024-85.asy'.

<AMC8_Combined_Problems_2010-2024-85.pdf, id=1420, 170.7178pt x 170.7178pt>
File: AMC8_Combined_Problems_2010-2024-85.pdf Graphic file (type pdf)
<use AMC8_Combined_Problems_2010-2024-85.pdf>
Package pdftex.def Info: AMC8_Combined_Problems_2010-2024-85.pdf  used on input
 line 3483.
(pdftex.def)             Requested size: 170.71738pt x 170.71738pt.


[58 <./AMC8_Combined_Problems_2010-2024-84.pdf> <./AMC8_Combined_Problems_2010-
2024-85.pdf>]
\openout4 = `AMC8_Combined_Problems_2010-2024-86.asy'.

<AMC8_Combined_Problems_2010-2024-86.pdf, id=1445, 284.52798pt x 71.18294pt>
File: AMC8_Combined_Problems_2010-2024-86.pdf Graphic file (type pdf)
<use AMC8_Combined_Problems_2010-2024-86.pdf>
Package pdftex.def Info: AMC8_Combined_Problems_2010-2024-86.pdf  used on input
 line 3520.
(pdftex.def)             Requested size: 284.52728pt x 71.18275pt.
\openout4 = `AMC8_Combined_Problems_2010-2024-87.asy'.

<AMC8_Combined_Problems_2010-2024-87.pdf, id=1446, 370.13683pt x 56.08353pt>
File: AMC8_Combined_Problems_2010-2024-87.pdf Graphic file (type pdf)
<use AMC8_Combined_Problems_2010-2024-87.pdf>
Package pdftex.def Info: AMC8_Combined_Problems_2010-2024-87.pdf  used on input
 line 3557.
(pdftex.def)             Requested size: 370.13591pt x 56.08337pt.
\openout4 = `AMC8_Combined_Problems_2010-2024-88.asy'.

<AMC8_Combined_Problems_2010-2024-88.pdf, id=1447, 142.0778pt x 142.26349pt>
File: AMC8_Combined_Problems_2010-2024-88.pdf Graphic file (type pdf)
<use AMC8_Combined_Problems_2010-2024-88.pdf>
Package pdftex.def Info: AMC8_Combined_Problems_2010-2024-88.pdf  used on input
 line 3624.
(pdftex.def)             Requested size: 142.07744pt x 142.26312pt.
\openout4 = `AMC8_Combined_Problems_2010-2024-89.asy'.

<AMC8_Combined_Problems_2010-2024-89.pdf, id=1448, 426.79147pt x 154.40787pt>
File: AMC8_Combined_Problems_2010-2024-89.pdf Graphic file (type pdf)
<use AMC8_Combined_Problems_2010-2024-89.pdf>
Package pdftex.def Info: AMC8_Combined_Problems_2010-2024-89.pdf  used on input
 line 3684.
(pdftex.def)             Requested size: 426.79044pt x 154.40749pt.


[59 <./AMC8_Combined_Problems_2010-2024-86.pdf> <./AMC8_Combined_Problems_2010-
2024-87.pdf> <./AMC8_Combined_Problems_2010-2024-88.pdf>]
\openout4 = `AMC8_Combined_Problems_2010-2024-90.asy'.

<AMC8_Combined_Problems_2010-2024-90.pdf, id=1487, 227.62039pt x 197.52795pt>
File: AMC8_Combined_Problems_2010-2024-90.pdf Graphic file (type pdf)
<use AMC8_Combined_Problems_2010-2024-90.pdf>
Package pdftex.def Info: AMC8_Combined_Problems_2010-2024-90.pdf  used on input
 line 3714.
(pdftex.def)             Requested size: 227.61983pt x 197.52745pt.


[60 <./AMC8_Combined_Problems_2010-2024-89.pdf> <./AMC8_Combined_Problems_2010-
2024-90.pdf>]
\openout4 = `AMC8_Combined_Problems_2010-2024-91.asy'.

<AMC8_Combined_Problems_2010-2024-91.pdf, id=1511, 161.14201pt x 58.35802pt>
File: AMC8_Combined_Problems_2010-2024-91.pdf Graphic file (type pdf)
<use AMC8_Combined_Problems_2010-2024-91.pdf>
Package pdftex.def Info: AMC8_Combined_Problems_2010-2024-91.pdf  used on input
 line 3743.
(pdftex.def)             Requested size: 161.14162pt x 58.35786pt.
\openout4 = `AMC8_Combined_Problems_2010-2024-92.asy'.

<AMC8_Combined_Problems_2010-2024-92.pdf, id=1512, 56.90259pt x 56.90259pt>
File: AMC8_Combined_Problems_2010-2024-92.pdf Graphic file (type pdf)
<use AMC8_Combined_Problems_2010-2024-92.pdf>
Package pdftex.def Info: AMC8_Combined_Problems_2010-2024-92.pdf  used on input
 line 3763.
(pdftex.def)             Requested size: 56.90244pt x 56.90244pt.
\openout4 = `AMC8_Combined_Problems_2010-2024-93.asy'.

<AMC8_Combined_Problems_2010-2024-93.pdf, id=1513, 341.4326pt x 156.91924pt>
File: AMC8_Combined_Problems_2010-2024-93.pdf Graphic file (type pdf)
<use AMC8_Combined_Problems_2010-2024-93.pdf>
Package pdftex.def Info: AMC8_Combined_Problems_2010-2024-93.pdf  used on input
 line 3814.
(pdftex.def)             Requested size: 341.43176pt x 156.91884pt.


[61 <./AMC8_Combined_Problems_2010-2024-91.pdf> <./AMC8_Combined_Problems_2010-
2024-92.pdf> <./AMC8_Combined_Problems_2010-2024-93.pdf>]
\openout4 = `AMC8_Combined_Problems_2010-2024-94.asy'.

<AMC8_Combined_Problems_2010-2024-94.pdf, id=1539, 150.5625pt x 149.26767pt>
File: AMC8_Combined_Problems_2010-2024-94.pdf Graphic file (type pdf)
<use AMC8_Combined_Problems_2010-2024-94.pdf>
Package pdftex.def Info: AMC8_Combined_Problems_2010-2024-94.pdf  used on input
 line 3870.
(pdftex.def)             Requested size: 150.56212pt x 149.26729pt.


[62 <./AMC8_Combined_Problems_2010-2024-94.pdf>]
\openout4 = `AMC8_Combined_Problems_2010-2024-95.asy'.

<AMC8_Combined_Problems_2010-2024-95.pdf, id=1561, 284.52798pt x 116.59862pt>
File: AMC8_Combined_Problems_2010-2024-95.pdf Graphic file (type pdf)
<use AMC8_Combined_Problems_2010-2024-95.pdf>
Package pdftex.def Info: AMC8_Combined_Problems_2010-2024-95.pdf  used on input
 line 3911.
(pdftex.def)             Requested size: 284.52728pt x 116.59833pt.
\openout4 = `AMC8_Combined_Problems_2010-2024-96.asy'.

<AMC8_Combined_Problems_2010-2024-96.pdf, id=1562, 181.51814pt x 84.99754pt>
File: AMC8_Combined_Problems_2010-2024-96.pdf Graphic file (type pdf)
<use AMC8_Combined_Problems_2010-2024-96.pdf>
Package pdftex.def Info: AMC8_Combined_Problems_2010-2024-96.pdf  used on input
 line 4017.
(pdftex.def)             Requested size: 181.5177pt x 84.99731pt.
\openout4 = `AMC8_Combined_Problems_2010-2024-97.asy'.

<AMC8_Combined_Problems_2010-2024-97.pdf, id=1563, 370.38776pt x 119.84875pt>
File: AMC8_Combined_Problems_2010-2024-97.pdf Graphic file (type pdf)
<use AMC8_Combined_Problems_2010-2024-97.pdf>
Package pdftex.def Info: AMC8_Combined_Problems_2010-2024-97.pdf  used on input
 line 4056.
(pdftex.def)             Requested size: 370.38684pt x 119.84845pt.


[63 <./AMC8_Combined_Problems_2010-2024-95.pdf> <./AMC8_Combined_Problems_2010-
2024-96.pdf> <./AMC8_Combined_Problems_2010-2024-97.pdf>]
\openout4 = `AMC8_Combined_Problems_2010-2024-98.asy'.

<AMC8_Combined_Problems_2010-2024-98.pdf, id=1599, 87.5019pt x 87.5019pt>
File: AMC8_Combined_Problems_2010-2024-98.pdf Graphic file (type pdf)
<use AMC8_Combined_Problems_2010-2024-98.pdf>
Package pdftex.def Info: AMC8_Combined_Problems_2010-2024-98.pdf  used on input
 line 4092.
(pdftex.def)             Requested size: 87.5017pt x 87.5017pt.
\openout4 = `AMC8_Combined_Problems_2010-2024-99.asy'.

<AMC8_Combined_Problems_2010-2024-99.pdf, id=1600, 94.27922pt x 100.375pt>
File: AMC8_Combined_Problems_2010-2024-99.pdf Graphic file (type pdf)
<use AMC8_Combined_Problems_2010-2024-99.pdf>
Package pdftex.def Info: AMC8_Combined_Problems_2010-2024-99.pdf  used on input
 line 4120.
(pdftex.def)             Requested size: 94.27898pt x 100.37474pt.
\openout4 = `AMC8_Combined_Problems_2010-2024-100.asy'.

<AMC8_Combined_Problems_2010-2024-100.pdf, id=1601, 190.66733pt x 186.1665pt>
File: AMC8_Combined_Problems_2010-2024-100.pdf Graphic file (type pdf)
<use AMC8_Combined_Problems_2010-2024-100.pdf>
Package pdftex.def Info: AMC8_Combined_Problems_2010-2024-100.pdf  used on inpu
t line 4156.
(pdftex.def)             Requested size: 190.66685pt x 186.16605pt.


[64 <./AMC8_Combined_Problems_2010-2024-98.pdf> <./AMC8_Combined_Problems_2010-
2024-99.pdf>]
\openout4 = `AMC8_Combined_Problems_2010-2024-101.asy'.

<AMC8_Combined_Problems_2010-2024-101.pdf, id=1628, 122.76566pt x 150.5625pt>
File: AMC8_Combined_Problems_2010-2024-101.pdf Graphic file (type pdf)
<use AMC8_Combined_Problems_2010-2024-101.pdf>
Package pdftex.def Info: AMC8_Combined_Problems_2010-2024-101.pdf  used on inpu
t line 4189.
(pdftex.def)             Requested size: 122.76535pt x 150.56212pt.
\openout4 = `AMC8_Combined_Problems_2010-2024-102.asy'.

<AMC8_Combined_Problems_2010-2024-102.pdf, id=1629, 227.62239pt x 227.62239pt>
File: AMC8_Combined_Problems_2010-2024-102.pdf Graphic file (type pdf)
<use AMC8_Combined_Problems_2010-2024-102.pdf>
Package pdftex.def Info: AMC8_Combined_Problems_2010-2024-102.pdf  used on inpu
t line 4232.
(pdftex.def)             Requested size: 227.62183pt x 227.62183pt.


[65 <./AMC8_Combined_Problems_2010-2024-100.pdf> <./AMC8_Combined_Problems_2010
-2024-101.pdf>]
\openout4 = `AMC8_Combined_Problems_2010-2024-103.asy'.

<AMC8_Combined_Problems_2010-2024-103.pdf, id=1653, 300.99551pt x 103.43343pt>
File: AMC8_Combined_Problems_2010-2024-103.pdf Graphic file (type pdf)
<use AMC8_Combined_Problems_2010-2024-103.pdf>
Package pdftex.def Info: AMC8_Combined_Problems_2010-2024-103.pdf  used on inpu
t line 4261.
(pdftex.def)             Requested size: 300.99478pt x 103.43315pt.


[66 <./AMC8_Combined_Problems_2010-2024-102.pdf> <./AMC8_Combined_Problems_2010
-2024-103.pdf>] (AMC8_Combined_Problems_2010-2024.aux)
 ***********
LaTeX2e <2024-11-01> patch level 1
L3 programming layer <2024-12-25>
 ***********
Package rerunfilecheck Info: File `AMC8_Combined_Problems_2010-2024.out' has no
t changed.
(rerunfilecheck)             Checksum: 6B034DC7F4E9C716B32A1DE7AB364DF2;2083.
 ) 
Here is how much of TeX's memory you used:
 26962 strings out of 473536
 534934 string characters out of 5712052
 899421 words of memory out of 5000000
 49246 multiletter control sequences out of 15000+600000
 576325 words of font info for 103 fonts, out of 8000000 for 9000
 1141 hyphenation exceptions out of 8191
 102i,12n,107p,1842b,688s stack positions out of 10000i,1000n,20000p,200000b,200000s
 <C:\Users\DefaultUser\AppData\Local\MiKTeX\fonts/pk/ljfour/jknappen/ec/dpi60
0\tcrm1000.pk><C:/Users/DefaultUser/AppData/Local/Programs/MiKTeX/fonts/type1/p
ublic/amsfonts/cm/cmbx10.pfb><C:/Users/DefaultUser/AppData/Local/Programs/MiKTe
X/fonts/type1/public/amsfonts/cm/cmbx12.pfb><C:/Users/DefaultUser/AppData/Local
/Programs/MiKTeX/fonts/type1/public/amsfonts/cm/cmcsc10.pfb><C:/Users/DefaultUs
er/AppData/Local/Programs/MiKTeX/fonts/type1/public/amsfonts/cm/cmex10.pfb><C:/
Users/DefaultUser/AppData/Local/Programs/MiKTeX/fonts/type1/public/amsfonts/cm/
cmmi10.pfb><C:/Users/DefaultUser/AppData/Local/Programs/MiKTeX/fonts/type1/publ
ic/amsfonts/cm/cmmi12.pfb><C:/Users/DefaultUser/AppData/Local/Programs/MiKTeX/f
onts/type1/public/amsfonts/cm/cmmi7.pfb><C:/Users/DefaultUser/AppData/Local/Pro
grams/MiKTeX/fonts/type1/public/amsfonts/cm/cmmi8.pfb><C:/Users/DefaultUser/App
Data/Local/Programs/MiKTeX/fonts/type1/public/amsfonts/cm/cmmi9.pfb><C:/Users/D
efaultUser/AppData/Local/Programs/MiKTeX/fonts/type1/public/amsfonts/cm/cmr10.p
fb><C:/Users/DefaultUser/AppData/Local/Programs/MiKTeX/fonts/type1/public/amsfo
nts/cm/cmr12.pfb><C:/Users/DefaultUser/AppData/Local/Programs/MiKTeX/fonts/type
1/public/amsfonts/cm/cmr17.pfb><C:/Users/DefaultUser/AppData/Local/Programs/MiK
TeX/fonts/type1/public/amsfonts/cm/cmr6.pfb><C:/Users/DefaultUser/AppData/Local
/Programs/MiKTeX/fonts/type1/public/amsfonts/cm/cmr7.pfb><C:/Users/DefaultUser/
AppData/Local/Programs/MiKTeX/fonts/type1/public/amsfonts/cm/cmr8.pfb><C:/Users
/DefaultUser/AppData/Local/Programs/MiKTeX/fonts/type1/public/amsfonts/cm/cmr9.
pfb><C:/Users/DefaultUser/AppData/Local/Programs/MiKTeX/fonts/type1/public/amsf
onts/cm/cmss12.pfb><C:/Users/DefaultUser/AppData/Local/Programs/MiKTeX/fonts/ty
pe1/public/amsfonts/cm/cmsy10.pfb><C:/Users/DefaultUser/AppData/Local/Programs/
MiKTeX/fonts/type1/public/amsfonts/cm/cmsy7.pfb><C:/Users/DefaultUser/AppData/L
ocal/Programs/MiKTeX/fonts/type1/public/amsfonts/cm/cmsy8.pfb><C:/Users/Default
User/AppData/Local/Programs/MiKTeX/fonts/type1/public/amsfonts/cm/cmti10.pfb><C
:/Users/DefaultUser/AppData/Local/Programs/MiKTeX/fonts/type1/public/amsfonts/c
m/cmtt10.pfb><C:/Users/DefaultUser/AppData/Local/Programs/MiKTeX/fonts/type1/pu
blic/amsfonts/symbols/msam10.pfb><C:/Users/DefaultUser/AppData/Local/Programs/M
iKTeX/fonts/type1/public/tex-gyre/qhvb.pfb><C:/Users/DefaultUser/AppData/Local/
Programs/MiKTeX/fonts/type1/urw/times/utmb8a.pfb><C:/Users/DefaultUser/AppData/
Local/Programs/MiKTeX/fonts/type1/urw/times/utmr8a.pfb><C:/Users/DefaultUser/Ap
pData/Local/Programs/MiKTeX/fonts/type1/urw/times/utmri8a.pfb><C:/Users/Default
User/AppData/Local/Programs/MiKTeX/fonts/type1/public/newtx/ztmb.pfb>
Output written on AMC8_Combined_Problems_2010-2024.pdf (66 pages, 940377 bytes)
.
PDF statistics:
 1857 PDF objects out of 2073 (max. 8388607)
 428 named destinations out of 1000 (max. 500000)
 640 words of extra memory for PDF output out of 10000 (max. 10000000)

