This is pdfTeX, Version 3.141592653-2.6-1.40.26 (MiKTeX 24.4) (preloaded format=pdflatex.fmt)
 \write18 enabled.
entering extended mode
(2011_AMC_12A_Problems.tex
LaTeX2e <2024-11-01> patch level 1
L3 programming layer <2024-12-25>
(C:\Users\DefaultUser\AppData\Local\Programs\MiKTeX\tex/latex/base\article.cls
Document Class: article 2024/06/29 v1.4n Standard LaTeX document class
(C:\Users\DefaultUser\AppData\Local\Programs\MiKTeX\tex/latex/base\size10.clo))

(C:\Users\DefaultUser\AppData\Local\Programs\MiKTeX\tex/latex/amsmath\amsmath.s
ty
For additional information on amsmath, use the `?' option.

(C:\Users\DefaultUser\AppData\Local\Programs\MiKTeX\tex/latex/amsmath\amstext.s
ty
(C:\Users\DefaultUser\AppData\Local\Programs\MiKTeX\tex/latex/amsmath\amsgen.st
y))
(C:\Users\DefaultUser\AppData\Local\Programs\MiKTeX\tex/latex/amsmath\amsbsy.st
y)
(C:\Users\DefaultUser\AppData\Local\Programs\MiKTeX\tex/latex/amsmath\amsopn.st
y))
(C:\Users\DefaultUser\AppData\Local\Programs\MiKTeX\tex/latex/amsfonts\amssymb.
sty
(C:\Users\DefaultUser\AppData\Local\Programs\MiKTeX\tex/latex/amsfonts\amsfonts
.sty))
(C:\Users\DefaultUser\AppData\Local\Programs\MiKTeX\tex/latex/geometry\geometry
.sty
(C:\Users\DefaultUser\AppData\Local\Programs\MiKTeX\tex/latex/graphics\keyval.s
ty)
(C:\Users\DefaultUser\AppData\Local\Programs\MiKTeX\tex/generic/iftex\ifvtex.st
y
(C:\Users\DefaultUser\AppData\Local\Programs\MiKTeX\tex/generic/iftex\iftex.sty
))
(C:\Users\DefaultUser\AppData\Local\Programs\MiKTeX\tex/latex/geometry\geometry
.cfg))
(C:\Users\DefaultUser\AppData\Local\Programs\MiKTeX\tex/latex/enumitem\enumitem
.sty)
(C:\Users\DefaultUser\AppData\Local\Programs\MiKTeX\tex/latex/hyperref\hyperref
.sty
(C:\Users\DefaultUser\AppData\Local\Programs\MiKTeX\tex/latex/kvsetkeys\kvsetke
ys.sty)
(C:\Users\DefaultUser\AppData\Local\Programs\MiKTeX\tex/generic/kvdefinekeys\kv
definekeys.sty)
(C:\Users\DefaultUser\AppData\Local\Programs\MiKTeX\tex/generic/pdfescape\pdfes
cape.sty
(C:\Users\DefaultUser\AppData\Local\Programs\MiKTeX\tex/generic/ltxcmds\ltxcmds
.sty)
(C:\Users\DefaultUser\AppData\Local\Programs\MiKTeX\tex/generic/pdftexcmds\pdft
excmds.sty
(C:\Users\DefaultUser\AppData\Local\Programs\MiKTeX\tex/generic/infwarerr\infwa
rerr.sty)))
(C:\Users\DefaultUser\AppData\Local\Programs\MiKTeX\tex/latex/hycolor\hycolor.s
ty)
(C:\Users\DefaultUser\AppData\Local\Programs\MiKTeX\tex/latex/hyperref\nameref.
sty
(C:\Users\DefaultUser\AppData\Local\Programs\MiKTeX\tex/latex/refcount\refcount
.sty)
(C:\Users\DefaultUser\AppData\Local\Programs\MiKTeX\tex/generic/gettitlestring\
gettitlestring.sty
(C:\Users\DefaultUser\AppData\Local\Programs\MiKTeX\tex/latex/kvoptions\kvoptio
ns.sty)))
(C:\Users\DefaultUser\AppData\Local\Programs\MiKTeX\tex/latex/etoolbox\etoolbox
.sty)
(C:\Users\DefaultUser\AppData\Local\Programs\MiKTeX\tex/generic/stringenc\strin
genc.sty)
(C:\Users\DefaultUser\AppData\Local\Programs\MiKTeX\tex/latex/hyperref\pd1enc.d
ef)
(C:\Users\DefaultUser\AppData\Local\Programs\MiKTeX\tex/generic/intcalc\intcalc
.sty)
(C:\Users\DefaultUser\AppData\Local\Programs\MiKTeX\tex/latex/hyperref\puenc.de
f) (C:\Users\DefaultUser\AppData\Local\Programs\MiKTeX\tex/latex/url\url.sty)
(C:\Users\DefaultUser\AppData\Local\Programs\MiKTeX\tex/generic/bitset\bitset.s
ty
(C:\Users\DefaultUser\AppData\Local\Programs\MiKTeX\tex/generic/bigintcalc\bigi
ntcalc.sty))
(C:\Users\DefaultUser\AppData\Local\Programs\MiKTeX\tex/latex/base\atbegshi-ltx
.sty))
(C:\Users\DefaultUser\AppData\Local\Programs\MiKTeX\tex/latex/hyperref\hpdftex.
def
(C:\Users\DefaultUser\AppData\Local\Programs\MiKTeX\tex/latex/base\atveryend-lt
x.sty)
(C:\Users\DefaultUser\AppData\Local\Programs\MiKTeX\tex/latex/rerunfilecheck\re
runfilecheck.sty
(C:\Users\DefaultUser\AppData\Local\Programs\MiKTeX\tex/generic/uniquecounter\u
niquecounter.sty)))
(C:\Users\DefaultUser\AppData\Local\Programs\MiKTeX\tex/latex/fancyhdr\fancyhdr
.sty)
(C:\Users\DefaultUser\AppData\Local\Programs\MiKTeX\tex/latex/pgf/frontendlayer
\tikz.sty
(C:\Users\DefaultUser\AppData\Local\Programs\MiKTeX\tex/latex/pgf/basiclayer\pg
f.sty
(C:\Users\DefaultUser\AppData\Local\Programs\MiKTeX\tex/latex/pgf/utilities\pgf
rcs.sty
(C:\Users\DefaultUser\AppData\Local\Programs\MiKTeX\tex/generic/pgf/utilities\p
gfutil-common.tex)
(C:\Users\DefaultUser\AppData\Local\Programs\MiKTeX\tex/generic/pgf/utilities\p
gfutil-latex.def)
(C:\Users\DefaultUser\AppData\Local\Programs\MiKTeX\tex/generic/pgf/utilities\p
gfrcs.code.tex
(C:\Users\DefaultUser\AppData\Local\Programs\MiKTeX\tex/generic/pgf\pgf.revisio
n.tex)))
(C:\Users\DefaultUser\AppData\Local\Programs\MiKTeX\tex/latex/pgf/basiclayer\pg
fcore.sty
(C:\Users\DefaultUser\AppData\Local\Programs\MiKTeX\tex/latex/graphics\graphicx
.sty
(C:\Users\DefaultUser\AppData\Local\Programs\MiKTeX\tex/latex/graphics\graphics
.sty
(C:\Users\DefaultUser\AppData\Local\Programs\MiKTeX\tex/latex/graphics\trig.sty
)
(C:\Users\DefaultUser\AppData\Local\Programs\MiKTeX\tex/latex/graphics-cfg\grap
hics.cfg)
(C:\Users\DefaultUser\AppData\Local\Programs\MiKTeX\tex/latex/graphics-def\pdft
ex.def)))
(C:\Users\DefaultUser\AppData\Local\Programs\MiKTeX\tex/latex/pgf/systemlayer\p
gfsys.sty
(C:\Users\DefaultUser\AppData\Local\Programs\MiKTeX\tex/generic/pgf/systemlayer
\pgfsys.code.tex
(C:\Users\DefaultUser\AppData\Local\Programs\MiKTeX\tex/generic/pgf/utilities\p
gfkeys.code.tex
(C:\Users\DefaultUser\AppData\Local\Programs\MiKTeX\tex/generic/pgf/utilities\p
gfkeyslibraryfiltered.code.tex))
(C:\Users\DefaultUser\AppData\Local\Programs\MiKTeX\tex/generic/pgf/systemlayer
\pgf.cfg)
(C:\Users\DefaultUser\AppData\Local\Programs\MiKTeX\tex/generic/pgf/systemlayer
\pgfsys-pdftex.def
(C:\Users\DefaultUser\AppData\Local\Programs\MiKTeX\tex/generic/pgf/systemlayer
\pgfsys-common-pdf.def)))
(C:\Users\DefaultUser\AppData\Local\Programs\MiKTeX\tex/generic/pgf/systemlayer
\pgfsyssoftpath.code.tex)
(C:\Users\DefaultUser\AppData\Local\Programs\MiKTeX\tex/generic/pgf/systemlayer
\pgfsysprotocol.code.tex))
(C:\Users\DefaultUser\AppData\Local\Programs\MiKTeX\tex/latex/xcolor\xcolor.sty

(C:\Users\DefaultUser\AppData\Local\Programs\MiKTeX\tex/latex/graphics-cfg\colo
r.cfg)
(C:\Users\DefaultUser\AppData\Local\Programs\MiKTeX\tex/latex/graphics\mathcolo
r.ltx))
(C:\Users\DefaultUser\AppData\Local\Programs\MiKTeX\tex/generic/pgf/basiclayer\
pgfcore.code.tex
(C:\Users\DefaultUser\AppData\Local\Programs\MiKTeX\tex/generic/pgf/math\pgfmat
h.code.tex
(C:\Users\DefaultUser\AppData\Local\Programs\MiKTeX\tex/generic/pgf/math\pgfmat
hutil.code.tex)
(C:\Users\DefaultUser\AppData\Local\Programs\MiKTeX\tex/generic/pgf/math\pgfmat
hparser.code.tex)
(C:\Users\DefaultUser\AppData\Local\Programs\MiKTeX\tex/generic/pgf/math\pgfmat
hfunctions.code.tex)
(C:\Users\DefaultUser\AppData\Local\Programs\MiKTeX\tex/generic/pgf/math\pgfmat
hfunctions.basic.code.tex)
(C:\Users\DefaultUser\AppData\Local\Programs\MiKTeX\tex/generic/pgf/math\pgfmat
hfunctions.trigonometric.code.tex)
(C:\Users\DefaultUser\AppData\Local\Programs\MiKTeX\tex/generic/pgf/math\pgfmat
hfunctions.random.code.tex)
(C:\Users\DefaultUser\AppData\Local\Programs\MiKTeX\tex/generic/pgf/math\pgfmat
hfunctions.comparison.code.tex)
(C:\Users\DefaultUser\AppData\Local\Programs\MiKTeX\tex/generic/pgf/math\pgfmat
hfunctions.base.code.tex)
(C:\Users\DefaultUser\AppData\Local\Programs\MiKTeX\tex/generic/pgf/math\pgfmat
hfunctions.round.code.tex)
(C:\Users\DefaultUser\AppData\Local\Programs\MiKTeX\tex/generic/pgf/math\pgfmat
hfunctions.misc.code.tex)
(C:\Users\DefaultUser\AppData\Local\Programs\MiKTeX\tex/generic/pgf/math\pgfmat
hfunctions.integerarithmetics.code.tex)
(C:\Users\DefaultUser\AppData\Local\Programs\MiKTeX\tex/generic/pgf/math\pgfmat
hcalc.code.tex)
(C:\Users\DefaultUser\AppData\Local\Programs\MiKTeX\tex/generic/pgf/math\pgfmat
hfloat.code.tex))
(C:\Users\DefaultUser\AppData\Local\Programs\MiKTeX\tex/generic/pgf/math\pgfint
.code.tex)
(C:\Users\DefaultUser\AppData\Local\Programs\MiKTeX\tex/generic/pgf/basiclayer\
pgfcorepoints.code.tex)
(C:\Users\DefaultUser\AppData\Local\Programs\MiKTeX\tex/generic/pgf/basiclayer\
pgfcorepathconstruct.code.tex)
(C:\Users\DefaultUser\AppData\Local\Programs\MiKTeX\tex/generic/pgf/basiclayer\
pgfcorepathusage.code.tex)
(C:\Users\DefaultUser\AppData\Local\Programs\MiKTeX\tex/generic/pgf/basiclayer\
pgfcorescopes.code.tex)
(C:\Users\DefaultUser\AppData\Local\Programs\MiKTeX\tex/generic/pgf/basiclayer\
pgfcoregraphicstate.code.tex)
(C:\Users\DefaultUser\AppData\Local\Programs\MiKTeX\tex/generic/pgf/basiclayer\
pgfcoretransformations.code.tex)
(C:\Users\DefaultUser\AppData\Local\Programs\MiKTeX\tex/generic/pgf/basiclayer\
pgfcorequick.code.tex)
(C:\Users\DefaultUser\AppData\Local\Programs\MiKTeX\tex/generic/pgf/basiclayer\
pgfcoreobjects.code.tex)
(C:\Users\DefaultUser\AppData\Local\Programs\MiKTeX\tex/generic/pgf/basiclayer\
pgfcorepathprocessing.code.tex)
(C:\Users\DefaultUser\AppData\Local\Programs\MiKTeX\tex/generic/pgf/basiclayer\
pgfcorearrows.code.tex)
(C:\Users\DefaultUser\AppData\Local\Programs\MiKTeX\tex/generic/pgf/basiclayer\
pgfcoreshade.code.tex)
(C:\Users\DefaultUser\AppData\Local\Programs\MiKTeX\tex/generic/pgf/basiclayer\
pgfcoreimage.code.tex)
(C:\Users\DefaultUser\AppData\Local\Programs\MiKTeX\tex/generic/pgf/basiclayer\
pgfcoreexternal.code.tex)
(C:\Users\DefaultUser\AppData\Local\Programs\MiKTeX\tex/generic/pgf/basiclayer\
pgfcorelayers.code.tex)
(C:\Users\DefaultUser\AppData\Local\Programs\MiKTeX\tex/generic/pgf/basiclayer\
pgfcoretransparency.code.tex)
(C:\Users\DefaultUser\AppData\Local\Programs\MiKTeX\tex/generic/pgf/basiclayer\
pgfcorepatterns.code.tex)
(C:\Users\DefaultUser\AppData\Local\Programs\MiKTeX\tex/generic/pgf/basiclayer\
pgfcorerdf.code.tex)))
(C:\Users\DefaultUser\AppData\Local\Programs\MiKTeX\tex/generic/pgf/modules\pgf
moduleshapes.code.tex)
(C:\Users\DefaultUser\AppData\Local\Programs\MiKTeX\tex/generic/pgf/modules\pgf
moduleplot.code.tex)
(C:\Users\DefaultUser\AppData\Local\Programs\MiKTeX\tex/latex/pgf/compatibility
\pgfcomp-version-0-65.sty)
(C:\Users\DefaultUser\AppData\Local\Programs\MiKTeX\tex/latex/pgf/compatibility
\pgfcomp-version-1-18.sty))
(C:\Users\DefaultUser\AppData\Local\Programs\MiKTeX\tex/latex/pgf/utilities\pgf
for.sty
(C:\Users\DefaultUser\AppData\Local\Programs\MiKTeX\tex/latex/pgf/utilities\pgf
keys.sty
(C:\Users\DefaultUser\AppData\Local\Programs\MiKTeX\tex/generic/pgf/utilities\p
gfkeys.code.tex))
(C:\Users\DefaultUser\AppData\Local\Programs\MiKTeX\tex/latex/pgf/math\pgfmath.
sty
(C:\Users\DefaultUser\AppData\Local\Programs\MiKTeX\tex/generic/pgf/math\pgfmat
h.code.tex))
(C:\Users\DefaultUser\AppData\Local\Programs\MiKTeX\tex/generic/pgf/utilities\p
gffor.code.tex))
(C:\Users\DefaultUser\AppData\Local\Programs\MiKTeX\tex/generic/pgf/frontendlay
er/tikz\tikz.code.tex
(C:\Users\DefaultUser\AppData\Local\Programs\MiKTeX\tex/generic/pgf/libraries\p
gflibraryplothandlers.code.tex)
(C:\Users\DefaultUser\AppData\Local\Programs\MiKTeX\tex/generic/pgf/modules\pgf
modulematrix.code.tex)
(C:\Users\DefaultUser\AppData\Local\Programs\MiKTeX\tex/generic/pgf/frontendlay
er/tikz/libraries\tikzlibrarytopaths.code.tex)))
(C:\Users\DefaultUser\AppData\Local\Programs\MiKTeX\tex/latex/asymptote\asympto
te.sty (2011_AMC_12A_Problems.pre)
(C:\Users\DefaultUser\AppData\Local\Programs\MiKTeX\tex/latex/base\ifthen.sty)
(C:\Users\DefaultUser\AppData\Local\Programs\MiKTeX\tex/generic/iftex\ifpdf.sty
)
(C:\Users\DefaultUser\AppData\Local\Programs\MiKTeX\tex/generic/iftex\ifxetex.s
ty)
(C:\Users\DefaultUser\AppData\Local\Programs\MiKTeX\tex/generic/catchfile\catch
file.sty
(C:\Users\DefaultUser\AppData\Local\Programs\MiKTeX\tex/generic/etexcmds\etexcm
ds.sty)))
(C:\Users\DefaultUser\AppData\Local\Programs\MiKTeX\tex/latex/l3backend\l3backe
nd-pdftex.def) (2011_AMC_12A_Problems.aux)
*geometry* driver: auto-detecting
*geometry* detected driver: pdftex
(2011_AMC_12A_Problems.out) (2011_AMC_12A_Problems.out)
(C:\Users\DefaultUser\AppData\Local\Programs\MiKTeX\tex/context/base/mkii\supp-
pdf.mkii
[Loading MPS to PDF converter (version 2006.09.02).]
)
(C:\Users\DefaultUser\AppData\Local\Programs\MiKTeX\tex/latex/epstopdf-pkg\epst
opdf-base.sty
(C:\Users\DefaultUser\AppData\Local\Programs\MiKTeX\tex/latex/00miktex\epstopdf
-sys.cfg))
(C:\Users\DefaultUser\AppData\Local\Programs\MiKTeX\tex/latex/amsfonts\umsa.fd)
(C:\Users\DefaultUser\AppData\Local\Programs\MiKTeX\tex/latex/amsfonts\umsb.fd)


LaTeX Warning: No \author given.


[1{C:/Users/DefaultUser/AppData/Local/MiKTeX/fonts/map/pdftex/pdftex.map}]
(C:\Users\DefaultUser\AppData\Local\Programs\MiKTeX\tex/latex/base\omscmr.fd)
! Missing $ inserted.
<inserted text> 
                $
l.36 \textbf\{(E)\}\ 30.00 \$\par
                                  \vspace{0.5em}\item There are $5$ coins pl...

! Missing } inserted.
<inserted text> 
                }
l.36 \textbf\{(E)\}\ 30.00 \$\par
                                  \vspace{0.5em}\item There are $5$ coins pl...


Overfull \hbox (423.593pt too wide) in paragraph at lines 30--36
\OT1/cmr/m/n/10 minute used over $30$ hours. In Jan-uary Michelle sent $100$ te
xt mes-sages and talked for $30\OML/cmm/m/it/10 :\OT1/cmr/m/n/10 5$\OML/cmm/m/i
t/10 hours:Howmuchdidshehavetopay\OT1/cmr/m/n/10 ?$[](\OML/cmm/m/it/10 A\OT1/cm
r/m/n/10 )\OMS/cmsy/m/n/10 g \OT1/cmr/m/n/10 24\OML/cmm/m/it/10 :\OT1/cmr/m/n/1
0 00 [](\OML/cmm/m/it/10 B\OT1/cmr/m/n/10 )\OMS/cmsy/m/n/10 g \OT1/cmr/m/n/10 2
4\OML/cmm/m/it/10 :\OT1/cmr/m/n/10 50 [](\OML/cmm/m/it/10 C\OT1/cmr/m/n/10 )\OM
S/cmsy/m/n/10 g \OT1/cmr/m/n/10 25\OML/cmm/m/it/10 :\OT1/cmr/m/n/10 50 [](\OML/
cmm/m/it/10 D\OT1/cmr/m/n/10 )\OMS/cmsy/m/n/10 g \OT1/cmr/m/n/10 28\OML/cmm/m/i
t/10 :\OT1/cmr/m/n/10 00 [](\OML/cmm/m/it/10 E\OT1/cmr/m/n/10 )\OMS/cmsy/m/n/10
 g \OT1/cmr/m/n/10 30\OML/cmm/m/it/10 :\OT1/cmr/m/n/10 00$[]$ 
! Extra }, or forgotten \endgroup.
\par ...m \@noitemerr {\@@par }\fi \else {\@@par }
                                                  \fi 
l.36 \textbf\{(E)\}\ 30.00 \$\par
                                  \vspace{0.5em}\item There are $5$ coins pl...

! Missing $ inserted.
<inserted text> 
                $
l.68 \textbf\{(B)\}\ \frac\{3
                             7\}\{3\} \qquad
! Extra }, or forgotten $.
\frac  #1#2->{\begingroup #1\endgroup \@@over #2}
                                                 
l.68 \textbf\{(B)\}\ \frac\{3
                             7\}\{3\} \qquad
! Missing $ inserted.
<inserted text> 
                $
l.71 \textbf\{(E)\}\ 14 \$\par
                               \vspace{0.5em}\item Last summer $30\%$ of the...

! Missing } inserted.
<inserted text> 
                }
l.71 \textbf\{(E)\}\ 14 \$\par
                               \vspace{0.5em}\item Last summer $30\%$ of the...

! Missing $ inserted.
<inserted text> 
                $
l.109 \textbf\{(A)\}\ \frac\{1
                              \}\{36\} \qquad
! Extra }, or forgotten $.
\frac  #1#2->{\begingroup #1\endgroup \@@over #2}
                                                 
l.109 \textbf\{(A)\}\ \frac\{1
                              \}\{36\} \qquad
! Missing $ inserted.
<inserted text> 
                $
l.113 \textbf\{(E)\}\ \frac\{5\}\{18\} \$\par
                                              \vspace{0.5em}\item Circles $A...

! Missing } inserted.
<inserted text> 
                }
l.113 \textbf\{(E)\}\ \frac\{5\}\{18\} \$\par
                                              \vspace{0.5em}\item Circles $A...


[2 <./2011_AMC_12A_Problems-1.pdf>]
! Missing $ inserted.
<inserted text> 
                $
l.116 \textbf\{(A)\}\ 3 - \frac\{\pi
                                    \}\{2\} \qquad
! Extra }, or forgotten $.
\frac  #1#2->{\begingroup #1\endgroup \@@over #2}
                                                 
l.116 \textbf\{(A)\}\ 3 - \frac\{\pi
                                    \}\{2\} \qquad
! Missing $ inserted.
<inserted text> 
                $
l.120 \textbf\{(E)\}\ 1+\frac\{\pi\}\{2\} \$\par
                                                 \vspace{0.5em}\item A power...

! Missing } inserted.
<inserted text> 
                }
l.120 \textbf\{(E)\}\ 1+\frac\{\pi\}\{2\} \$\par
                                                 \vspace{0.5em}\item A power...

! Missing $ inserted.
<inserted text> 
                $
l.137 \textbf\{(A)\}\ \frac\{1
                              1\}\{81\} \qquad
! Extra }, or forgotten $.
\frac  #1#2->{\begingroup #1\endgroup \@@over #2}
                                                 
l.137 \textbf\{(A)\}\ \frac\{1
                              1\}\{81\} \qquad
! Missing $ inserted.
<inserted text> 
                $
l.141 \textbf\{(E)\}\ \frac\{19\}\{81\} \$\par
                                               \vspace{0.5em}\item The circu...

! Missing } inserted.
<inserted text> 
                }
l.141 \textbf\{(E)\}\ \frac\{19\}\{81\} \$\par
                                               \vspace{0.5em}\item The circu...

! Missing $ inserted.
<inserted text> 
                $
l.144 \textbf\{(A)\}\ 3\sqrt\{
                              2\} \qquad
! Missing $ inserted.
<inserted text> 
                $
l.148 \textbf\{(E)\}\ \frac\{13\}\{2\} \$\par
                                              \vspace{0.5em}\item Each verte...

! Missing } inserted.
<inserted text> 
                }
l.148 \textbf\{(E)\}\ \frac\{13\}\{2\} \$\par
                                              \vspace{0.5em}\item Each verte...

! Extra }, or forgotten \endgroup.
\@par ... \@noitemerr {\@@par }\fi \else {\@@par }
                                                  \fi 
l.148 \textbf\{(E)\}\ \frac\{13\}\{2\} \$\par
                                              \vspace{0.5em}\item Each verte...

! Missing $ inserted.
<inserted text> 
                $
l.158 \textbf\{(A)\}\ \frac\{3
                              \}\{5\} \qquad
! Extra }, or forgotten $.
\frac  #1#2->{\begingroup #1\endgroup \@@over #2}
                                                 
l.158 \textbf\{(A)\}\ \frac\{3
                              \}\{5\} \qquad
! Missing $ inserted.
<inserted text> 
                $
l.162 \textbf\{(E)\}\ \frac\{4\}\{3\} \$\par
                                             \vspace{0.5em}\item Suppose tha...

! Missing } inserted.
<inserted text> 
                }
l.162 \textbf\{(E)\}\ \frac\{4\}\{3\} \$\par
                                             \vspace{0.5em}\item Suppose tha...


[3]
! Missing $ inserted.
<inserted text> 
                $
l.201 \textbf\{(B)\}\ \sqrt\{
                             2\}-1 \qquad
! Missing $ inserted.
<inserted text> 
                $
l.204 \textbf\{(E)\}\ 2 \$\par
                               \vspace{0.5em}\item Consider all quadrilatera...

! Missing } inserted.
<inserted text> 
                }
l.204 \textbf\{(E)\}\ 2 \$\par
                               \vspace{0.5em}\item Consider all quadrilatera...

! Extra }, or forgotten \endgroup.
\@par ... \@noitemerr {\@@par }\fi \else {\@@par }
                                                  \fi 
l.204 \textbf\{(E)\}\ 2 \$\par
                               \vspace{0.5em}\item Consider all quadrilatera...

! Missing $ inserted.
<inserted text> 
                $
l.207 \textbf\{(A)\}\ \sqrt\{
                             15\} \qquad
! Missing $ inserted.
<inserted text> 
                $
l.211 \textbf\{(E)\}\ 2\sqrt\{7\} \$\par
                                         \vspace{0.5em}\item Triangle $ABC$ ...

! Missing } inserted.
<inserted text> 
                }
l.211 \textbf\{(E)\}\ 2\sqrt\{7\} \$\par
                                         \vspace{0.5em}\item Triangle $ABC$ ...

! Extra }, or forgotten \endgroup.
\@par ... \@noitemerr {\@@par }\fi \else {\@@par }
                                                  \fi 
l.211 \textbf\{(E)\}\ 2\sqrt\{7\} \$\par
                                         \vspace{0.5em}\item Triangle $ABC$ ...

! Missing $ inserted.
<inserted text> 
                $
l.214 \textbf\{(A)\}\ 60\^\{\circ
                                 \} \qquad

LaTeX Warning: Command \^ invalid in math mode on input line 215.

! Please use \mathaccent for accents in math mode.
\add@accent ... \let \ignorespaces \relax \accent 
                                                  #1 #2\egroup \ifmmode \els...
l.215 \textbf\{(B)\}\ 72\^\{
                            \circ\} \qquad

LaTeX Warning: Command \^ invalid in math mode on input line 216.

! Please use \mathaccent for accents in math mode.
\add@accent ... \let \ignorespaces \relax \accent 
                                                  #1 #2\egroup \ifmmode \els...
l.216 \textbf\{(C)\}\ 75\^\{
                            \circ\} \qquad

LaTeX Warning: Command \^ invalid in math mode on input line 217.

! Please use \mathaccent for accents in math mode.
\add@accent ... \let \ignorespaces \relax \accent 
                                                  #1 #2\egroup \ifmmode \els...
l.217 \textbf\{(D)\}\ 80\^\{
                            \circ\} \qquad

LaTeX Warning: Command \^ invalid in math mode on input line 218.

! Please use \mathaccent for accents in math mode.
\add@accent ... \let \ignorespaces \relax \accent 
                                                  #1 #2\egroup \ifmmode \els...
l.218 \textbf\{(E)\}\ 90\^\{
                            \circ\} \$\par \vspace{0.5em}\end{enumerate}
! Missing $ inserted.
<inserted text> 
                $
l.218 \textbf\{(E)\}\ 90\^\{\circ\} \$\par
                                           \vspace{0.5em}\end{enumerate}
! Missing } inserted.
<inserted text> 
                }
l.218 \textbf\{(E)\}\ 90\^\{\circ\} \$\par
                                           \vspace{0.5em}\end{enumerate}
! Extra }, or forgotten \endgroup.
\@par ... \@noitemerr {\@@par }\fi \else {\@@par }
                                                  \fi 
l.218 \textbf\{(E)\}\ 90\^\{\circ\} \$\par
                                           \vspace{0.5em}\end{enumerate}

[4] (2011_AMC_12A_Problems.aux) )
(see the transcript file for additional information) <C:\Users\DefaultUser\AppD
ata\Local\MiKTeX\fonts/pk/ljfour/jknappen/ec/dpi600\tcrm1000.pk><C:/Users/Defau
ltUser/AppData/Local/Programs/MiKTeX/fonts/type1/public/amsfonts/cm/cmbsy10.pfb
><C:/Users/DefaultUser/AppData/Local/Programs/MiKTeX/fonts/type1/public/amsfont
s/cmextra/cmbsy7.pfb><C:/Users/DefaultUser/AppData/Local/Programs/MiKTeX/fonts/
type1/public/amsfonts/cm/cmbx10.pfb><C:/Users/DefaultUser/AppData/Local/Program
s/MiKTeX/fonts/type1/public/amsfonts/cm/cmbx12.pfb><C:/Users/DefaultUser/AppDat
a/Local/Programs/MiKTeX/fonts/type1/public/amsfonts/cm/cmex10.pfb><C:/Users/Def
aultUser/AppData/Local/Programs/MiKTeX/fonts/type1/public/amsfonts/cm/cmmi10.pf
b><C:/Users/DefaultUser/AppData/Local/Programs/MiKTeX/fonts/type1/public/amsfon
ts/cm/cmmi5.pfb><C:/Users/DefaultUser/AppData/Local/Programs/MiKTeX/fonts/type1
/public/amsfonts/cm/cmmi7.pfb><C:/Users/DefaultUser/AppData/Local/Programs/MiKT
eX/fonts/type1/public/amsfonts/cm/cmmi8.pfb><C:/Users/DefaultUser/AppData/Local
/Programs/MiKTeX/fonts/type1/public/amsfonts/cm/cmr10.pfb><C:/Users/DefaultUser
/AppData/Local/Programs/MiKTeX/fonts/type1/public/amsfonts/cm/cmr17.pfb><C:/Use
rs/DefaultUser/AppData/Local/Programs/MiKTeX/fonts/type1/public/amsfonts/cm/cmr
5.pfb><C:/Users/DefaultUser/AppData/Local/Programs/MiKTeX/fonts/type1/public/am
sfonts/cm/cmr7.pfb><C:/Users/DefaultUser/AppData/Local/Programs/MiKTeX/fonts/ty
pe1/public/amsfonts/cm/cmsy10.pfb><C:/Users/DefaultUser/AppData/Local/Programs/
MiKTeX/fonts/type1/public/amsfonts/cm/cmsy5.pfb><C:/Users/DefaultUser/AppData/L
ocal/Programs/MiKTeX/fonts/type1/public/amsfonts/cm/cmsy7.pfb><C:/Users/Default
User/AppData/Local/Programs/MiKTeX/fonts/type1/public/amsfonts/symbols/msam10.p
fb>
Output written on 2011_AMC_12A_Problems.pdf (4 pages, 202328 bytes).
Transcript written on 2011_AMC_12A_Problems.log.
