This is pdfTeX, Version 3.141592653-2.6-1.40.26 (MiKTeX 24.4) (preloaded format=pdflatex 2025.1.22)  25 JAN 2025 00:04
entering extended mode
 \write18 enabled.
 %&-line parsing enabled.
**./AMC12_Combined_Problems_2010-2024.tex
(AMC12_Combined_Problems_2010-2024.tex
LaTeX2e <2024-11-01> patch level 1
L3 programming layer <2024-12-25>
(C:\Users\DefaultUser\AppData\Local\Programs\MiKTeX\tex/latex/base\article.cls
Document Class: article 2024/06/29 v1.4n Standard LaTeX document class
(C:\Users\DefaultUser\AppData\Local\Programs\MiKTeX\tex/latex/base\size10.clo
File: size10.clo 2024/06/29 v1.4n Standard LaTeX file (size option)
)
\c@part=\count196
\c@section=\count197
\c@subsection=\count198
\c@subsubsection=\count199
\c@paragraph=\count266
\c@subparagraph=\count267
\c@figure=\count268
\c@table=\count269
\abovecaptionskip=\skip49
\belowcaptionskip=\skip50
\bibindent=\dimen141
)
(C:\Users\DefaultUser\AppData\Local\Programs\MiKTeX\tex/latex/amsmath\amsmath.s
ty
Package: amsmath 2024/11/05 v2.17t AMS math features
\@mathmargin=\skip51

For additional information on amsmath, use the `?' option.

(C:\Users\DefaultUser\AppData\Local\Programs\MiKTeX\tex/latex/amsmath\amstext.s
ty
Package: amstext 2021/08/26 v2.01 AMS text

(C:\Users\DefaultUser\AppData\Local\Programs\MiKTeX\tex/latex/amsmath\amsgen.st
y
File: amsgen.sty 1999/11/30 v2.0 generic functions
\@emptytoks=\toks17
\ex@=\dimen142
))
(C:\Users\DefaultUser\AppData\Local\Programs\MiKTeX\tex/latex/amsmath\amsbsy.st
y
Package: amsbsy 1999/11/29 v1.2d Bold Symbols
\pmbraise@=\dimen143
)
(C:\Users\DefaultUser\AppData\Local\Programs\MiKTeX\tex/latex/amsmath\amsopn.st
y
Package: amsopn 2022/04/08 v2.04 operator names
)
\inf@bad=\count270
LaTeX Info: Redefining \frac on input line 233.
\uproot@=\count271
\leftroot@=\count272
LaTeX Info: Redefining \overline on input line 398.
LaTeX Info: Redefining \colon on input line 409.
\classnum@=\count273
\DOTSCASE@=\count274
LaTeX Info: Redefining \ldots on input line 495.
LaTeX Info: Redefining \dots on input line 498.
LaTeX Info: Redefining \cdots on input line 619.
\Mathstrutbox@=\box52
\strutbox@=\box53
LaTeX Info: Redefining \big on input line 721.
LaTeX Info: Redefining \Big on input line 722.
LaTeX Info: Redefining \bigg on input line 723.
LaTeX Info: Redefining \Bigg on input line 724.
\big@size=\dimen144
LaTeX Font Info:    Redeclaring font encoding OML on input line 742.
LaTeX Font Info:    Redeclaring font encoding OMS on input line 743.
\macc@depth=\count275
LaTeX Info: Redefining \bmod on input line 904.
LaTeX Info: Redefining \pmod on input line 909.
LaTeX Info: Redefining \smash on input line 939.
LaTeX Info: Redefining \relbar on input line 969.
LaTeX Info: Redefining \Relbar on input line 970.
\c@MaxMatrixCols=\count276
\dotsspace@=\muskip17
\c@parentequation=\count277
\dspbrk@lvl=\count278
\tag@help=\toks18
\row@=\count279
\column@=\count280
\maxfields@=\count281
\andhelp@=\toks19
\eqnshift@=\dimen145
\alignsep@=\dimen146
\tagshift@=\dimen147
\tagwidth@=\dimen148
\totwidth@=\dimen149
\lineht@=\dimen150
\@envbody=\toks20
\multlinegap=\skip52
\multlinetaggap=\skip53
\mathdisplay@stack=\toks21
LaTeX Info: Redefining \[ on input line 2953.
LaTeX Info: Redefining \] on input line 2954.
)
(C:\Users\DefaultUser\AppData\Local\Programs\MiKTeX\tex/latex/amsfonts\amssymb.
sty
Package: amssymb 2013/01/14 v3.01 AMS font symbols

(C:\Users\DefaultUser\AppData\Local\Programs\MiKTeX\tex/latex/amsfonts\amsfonts
.sty
Package: amsfonts 2013/01/14 v3.01 Basic AMSFonts support
\symAMSa=\mathgroup4
\symAMSb=\mathgroup5
LaTeX Font Info:    Redeclaring math symbol \hbar on input line 98.
LaTeX Font Info:    Overwriting math alphabet `\mathfrak' in version `bold'
(Font)                  U/euf/m/n --> U/euf/b/n on input line 106.
))
(C:\Users\DefaultUser\AppData\Local\Programs\MiKTeX\tex/latex/geometry\geometry
.sty
Package: geometry 2020/01/02 v5.9 Page Geometry

(C:\Users\DefaultUser\AppData\Local\Programs\MiKTeX\tex/latex/graphics\keyval.s
ty
Package: keyval 2022/05/29 v1.15 key=value parser (DPC)
\KV@toks@=\toks22
)
(C:\Users\DefaultUser\AppData\Local\Programs\MiKTeX\tex/generic/iftex\ifvtex.st
y
Package: ifvtex 2019/10/25 v1.7 ifvtex legacy package. Use iftex instead.

(C:\Users\DefaultUser\AppData\Local\Programs\MiKTeX\tex/generic/iftex\iftex.sty
Package: iftex 2024/12/12 v1.0g TeX engine tests
))
\Gm@cnth=\count282
\Gm@cntv=\count283
\c@Gm@tempcnt=\count284
\Gm@bindingoffset=\dimen151
\Gm@wd@mp=\dimen152
\Gm@odd@mp=\dimen153
\Gm@even@mp=\dimen154
\Gm@layoutwidth=\dimen155
\Gm@layoutheight=\dimen156
\Gm@layouthoffset=\dimen157
\Gm@layoutvoffset=\dimen158
\Gm@dimlist=\toks23

(C:\Users\DefaultUser\AppData\Local\Programs\MiKTeX\tex/latex/geometry\geometry
.cfg))
(C:\Users\DefaultUser\AppData\Local\Programs\MiKTeX\tex/latex/enumitem\enumitem
.sty
Package: enumitem 2019/06/20 v3.9 Customized lists
\labelindent=\skip54
\enit@outerparindent=\dimen159
\enit@toks=\toks24
\enit@inbox=\box54
\enit@count@id=\count285
\enitdp@description=\count286
)
(C:\Users\DefaultUser\AppData\Local\Programs\MiKTeX\tex/latex/hyperref\hyperref
.sty
Package: hyperref 2024-11-05 v7.01l Hypertext links for LaTeX

(C:\Users\DefaultUser\AppData\Local\Programs\MiKTeX\tex/latex/kvsetkeys\kvsetke
ys.sty
Package: kvsetkeys 2022-10-05 v1.19 Key value parser (HO)
)
(C:\Users\DefaultUser\AppData\Local\Programs\MiKTeX\tex/generic/kvdefinekeys\kv
definekeys.sty
Package: kvdefinekeys 2019-12-19 v1.6 Define keys (HO)
)
(C:\Users\DefaultUser\AppData\Local\Programs\MiKTeX\tex/generic/pdfescape\pdfes
cape.sty
Package: pdfescape 2019/12/09 v1.15 Implements pdfTeX's escape features (HO)

(C:\Users\DefaultUser\AppData\Local\Programs\MiKTeX\tex/generic/ltxcmds\ltxcmds
.sty
Package: ltxcmds 2023-12-04 v1.26 LaTeX kernel commands for general use (HO)
)
(C:\Users\DefaultUser\AppData\Local\Programs\MiKTeX\tex/generic/pdftexcmds\pdft
excmds.sty
Package: pdftexcmds 2020-06-27 v0.33 Utility functions of pdfTeX for LuaTeX (HO
)

(C:\Users\DefaultUser\AppData\Local\Programs\MiKTeX\tex/generic/infwarerr\infwa
rerr.sty
Package: infwarerr 2019/12/03 v1.5 Providing info/warning/error messages (HO)
)
Package pdftexcmds Info: \pdf@primitive is available.
Package pdftexcmds Info: \pdf@ifprimitive is available.
Package pdftexcmds Info: \pdfdraftmode found.
))
(C:\Users\DefaultUser\AppData\Local\Programs\MiKTeX\tex/latex/hycolor\hycolor.s
ty
Package: hycolor 2020-01-27 v1.10 Color options for hyperref/bookmark (HO)
)
(C:\Users\DefaultUser\AppData\Local\Programs\MiKTeX\tex/latex/hyperref\nameref.
sty
Package: nameref 2023-11-26 v2.56 Cross-referencing by name of section

(C:\Users\DefaultUser\AppData\Local\Programs\MiKTeX\tex/latex/refcount\refcount
.sty
Package: refcount 2019/12/15 v3.6 Data extraction from label references (HO)
)
(C:\Users\DefaultUser\AppData\Local\Programs\MiKTeX\tex/generic/gettitlestring\
gettitlestring.sty
Package: gettitlestring 2019/12/15 v1.6 Cleanup title references (HO)

(C:\Users\DefaultUser\AppData\Local\Programs\MiKTeX\tex/latex/kvoptions\kvoptio
ns.sty
Package: kvoptions 2022-06-15 v3.15 Key value format for package options (HO)
))
\c@section@level=\count287
)
(C:\Users\DefaultUser\AppData\Local\Programs\MiKTeX\tex/latex/etoolbox\etoolbox
.sty
Package: etoolbox 2020/10/05 v2.5k e-TeX tools for LaTeX (JAW)
\etb@tempcnta=\count288
)
(C:\Users\DefaultUser\AppData\Local\Programs\MiKTeX\tex/generic/stringenc\strin
genc.sty
Package: stringenc 2019/11/29 v1.12 Convert strings between diff. encodings (HO
)
)
\@linkdim=\dimen160
\Hy@linkcounter=\count289
\Hy@pagecounter=\count290

(C:\Users\DefaultUser\AppData\Local\Programs\MiKTeX\tex/latex/hyperref\pd1enc.d
ef
File: pd1enc.def 2024-11-05 v7.01l Hyperref: PDFDocEncoding definition (HO)
Now handling font encoding PD1 ...
... no UTF-8 mapping file for font encoding PD1
)
(C:\Users\DefaultUser\AppData\Local\Programs\MiKTeX\tex/generic/intcalc\intcalc
.sty
Package: intcalc 2019/12/15 v1.3 Expandable calculations with integers (HO)
)
\Hy@SavedSpaceFactor=\count291

(C:\Users\DefaultUser\AppData\Local\Programs\MiKTeX\tex/latex/hyperref\puenc.de
f
File: puenc.def 2024-11-05 v7.01l Hyperref: PDF Unicode definition (HO)
Now handling font encoding PU ...
... no UTF-8 mapping file for font encoding PU
)
Package hyperref Info: Option `hypertexnames' set `true' on input line 4040.
Package hyperref Info: Hyper figures OFF on input line 4157.
Package hyperref Info: Link nesting OFF on input line 4162.
Package hyperref Info: Hyper index ON on input line 4165.
Package hyperref Info: Plain pages OFF on input line 4172.
Package hyperref Info: Backreferencing OFF on input line 4177.
Package hyperref Info: Implicit mode ON; LaTeX internals redefined.
Package hyperref Info: Bookmarks ON on input line 4424.
\c@Hy@tempcnt=\count292
 (C:\Users\DefaultUser\AppData\Local\Programs\MiKTeX\tex/latex/url\url.sty
\Urlmuskip=\muskip18
Package: url 2013/09/16  ver 3.4  Verb mode for urls, etc.
)
LaTeX Info: Redefining \url on input line 4763.
\XeTeXLinkMargin=\dimen161

(C:\Users\DefaultUser\AppData\Local\Programs\MiKTeX\tex/generic/bitset\bitset.s
ty
Package: bitset 2019/12/09 v1.3 Handle bit-vector datatype (HO)

(C:\Users\DefaultUser\AppData\Local\Programs\MiKTeX\tex/generic/bigintcalc\bigi
ntcalc.sty
Package: bigintcalc 2019/12/15 v1.5 Expandable calculations on big integers (HO
)
))
\Fld@menulength=\count293
\Field@Width=\dimen162
\Fld@charsize=\dimen163
Package hyperref Info: Hyper figures OFF on input line 6042.
Package hyperref Info: Link nesting OFF on input line 6047.
Package hyperref Info: Hyper index ON on input line 6050.
Package hyperref Info: backreferencing OFF on input line 6057.
Package hyperref Info: Link coloring OFF on input line 6062.
Package hyperref Info: Link coloring with OCG OFF on input line 6067.
Package hyperref Info: PDF/A mode OFF on input line 6072.

(C:\Users\DefaultUser\AppData\Local\Programs\MiKTeX\tex/latex/base\atbegshi-ltx
.sty
Package: atbegshi-ltx 2021/01/10 v1.0c Emulation of the original atbegshi
package with kernel methods
)
\Hy@abspage=\count294
\c@Item=\count295
\c@Hfootnote=\count296
)
Package hyperref Info: Driver (autodetected): hpdftex.

(C:\Users\DefaultUser\AppData\Local\Programs\MiKTeX\tex/latex/hyperref\hpdftex.
def
File: hpdftex.def 2024-11-05 v7.01l Hyperref driver for pdfTeX

(C:\Users\DefaultUser\AppData\Local\Programs\MiKTeX\tex/latex/base\atveryend-lt
x.sty
Package: atveryend-ltx 2020/08/19 v1.0a Emulation of the original atveryend pac
kage
with kernel methods
)
\Fld@listcount=\count297
\c@bookmark@seq@number=\count298

(C:\Users\DefaultUser\AppData\Local\Programs\MiKTeX\tex/latex/rerunfilecheck\re
runfilecheck.sty
Package: rerunfilecheck 2022-07-10 v1.10 Rerun checks for auxiliary files (HO)

(C:\Users\DefaultUser\AppData\Local\Programs\MiKTeX\tex/generic/uniquecounter\u
niquecounter.sty
Package: uniquecounter 2019/12/15 v1.4 Provide unlimited unique counter (HO)
)
Package uniquecounter Info: New unique counter `rerunfilecheck' on input line 2
85.
)
\Hy@SectionHShift=\skip55
)
(C:\Users\DefaultUser\AppData\Local\Programs\MiKTeX\tex/latex/fancyhdr\fancyhdr
.sty
Package: fancyhdr 2025/01/07 v5.1.1 Extensive control of page headers and foote
rs
\f@nch@headwidth=\skip56
\f@nch@offset@elh=\skip57
\f@nch@offset@erh=\skip58
\f@nch@offset@olh=\skip59
\f@nch@offset@orh=\skip60
\f@nch@offset@elf=\skip61
\f@nch@offset@erf=\skip62
\f@nch@offset@olf=\skip63
\f@nch@offset@orf=\skip64
\f@nch@height=\skip65
\f@nch@footalignment=\skip66
\f@nch@widthL=\skip67
\f@nch@widthC=\skip68
\f@nch@widthR=\skip69
\@temptokenb=\toks25
)
(C:\Users\DefaultUser\AppData\Local\Programs\MiKTeX\tex/latex/pgf/frontendlayer
\tikz.sty
(C:\Users\DefaultUser\AppData\Local\Programs\MiKTeX\tex/latex/pgf/basiclayer\pg
f.sty
(C:\Users\DefaultUser\AppData\Local\Programs\MiKTeX\tex/latex/pgf/utilities\pgf
rcs.sty
(C:\Users\DefaultUser\AppData\Local\Programs\MiKTeX\tex/generic/pgf/utilities\p
gfutil-common.tex
\pgfutil@everybye=\toks26
\pgfutil@tempdima=\dimen164
\pgfutil@tempdimb=\dimen165
)
(C:\Users\DefaultUser\AppData\Local\Programs\MiKTeX\tex/generic/pgf/utilities\p
gfutil-latex.def
\pgfutil@abb=\box55
)
(C:\Users\DefaultUser\AppData\Local\Programs\MiKTeX\tex/generic/pgf/utilities\p
gfrcs.code.tex
(C:\Users\DefaultUser\AppData\Local\Programs\MiKTeX\tex/generic/pgf\pgf.revisio
n.tex)
Package: pgfrcs 2023-01-15 v3.1.10 (3.1.10)
))
Package: pgf 2023-01-15 v3.1.10 (3.1.10)

(C:\Users\DefaultUser\AppData\Local\Programs\MiKTeX\tex/latex/pgf/basiclayer\pg
fcore.sty
(C:\Users\DefaultUser\AppData\Local\Programs\MiKTeX\tex/latex/graphics\graphicx
.sty
Package: graphicx 2021/09/16 v1.2d Enhanced LaTeX Graphics (DPC,SPQR)

(C:\Users\DefaultUser\AppData\Local\Programs\MiKTeX\tex/latex/graphics\graphics
.sty
Package: graphics 2024/08/06 v1.4g Standard LaTeX Graphics (DPC,SPQR)

(C:\Users\DefaultUser\AppData\Local\Programs\MiKTeX\tex/latex/graphics\trig.sty
Package: trig 2023/12/02 v1.11 sin cos tan (DPC)
)
(C:\Users\DefaultUser\AppData\Local\Programs\MiKTeX\tex/latex/graphics-cfg\grap
hics.cfg
File: graphics.cfg 2016/06/04 v1.11 sample graphics configuration
)
Package graphics Info: Driver file: pdftex.def on input line 106.

(C:\Users\DefaultUser\AppData\Local\Programs\MiKTeX\tex/latex/graphics-def\pdft
ex.def
File: pdftex.def 2024/04/13 v1.2c Graphics/color driver for pdftex
))
\Gin@req@height=\dimen166
\Gin@req@width=\dimen167
)
(C:\Users\DefaultUser\AppData\Local\Programs\MiKTeX\tex/latex/pgf/systemlayer\p
gfsys.sty
(C:\Users\DefaultUser\AppData\Local\Programs\MiKTeX\tex/generic/pgf/systemlayer
\pgfsys.code.tex
Package: pgfsys 2023-01-15 v3.1.10 (3.1.10)

(C:\Users\DefaultUser\AppData\Local\Programs\MiKTeX\tex/generic/pgf/utilities\p
gfkeys.code.tex
\pgfkeys@pathtoks=\toks27
\pgfkeys@temptoks=\toks28

(C:\Users\DefaultUser\AppData\Local\Programs\MiKTeX\tex/generic/pgf/utilities\p
gfkeyslibraryfiltered.code.tex
\pgfkeys@tmptoks=\toks29
))
\pgf@x=\dimen168
\pgf@y=\dimen169
\pgf@xa=\dimen170
\pgf@ya=\dimen171
\pgf@xb=\dimen172
\pgf@yb=\dimen173
\pgf@xc=\dimen174
\pgf@yc=\dimen175
\pgf@xd=\dimen176
\pgf@yd=\dimen177
\w@pgf@writea=\write3
\r@pgf@reada=\read2
\c@pgf@counta=\count299
\c@pgf@countb=\count300
\c@pgf@countc=\count301
\c@pgf@countd=\count302
\t@pgf@toka=\toks30
\t@pgf@tokb=\toks31
\t@pgf@tokc=\toks32
\pgf@sys@id@count=\count303

(C:\Users\DefaultUser\AppData\Local\Programs\MiKTeX\tex/generic/pgf/systemlayer
\pgf.cfg
File: pgf.cfg 2023-01-15 v3.1.10 (3.1.10)
)
Driver file for pgf: pgfsys-pdftex.def

(C:\Users\DefaultUser\AppData\Local\Programs\MiKTeX\tex/generic/pgf/systemlayer
\pgfsys-pdftex.def
File: pgfsys-pdftex.def 2023-01-15 v3.1.10 (3.1.10)

(C:\Users\DefaultUser\AppData\Local\Programs\MiKTeX\tex/generic/pgf/systemlayer
\pgfsys-common-pdf.def
File: pgfsys-common-pdf.def 2023-01-15 v3.1.10 (3.1.10)
)))
(C:\Users\DefaultUser\AppData\Local\Programs\MiKTeX\tex/generic/pgf/systemlayer
\pgfsyssoftpath.code.tex
File: pgfsyssoftpath.code.tex 2023-01-15 v3.1.10 (3.1.10)
\pgfsyssoftpath@smallbuffer@items=\count304
\pgfsyssoftpath@bigbuffer@items=\count305
)
(C:\Users\DefaultUser\AppData\Local\Programs\MiKTeX\tex/generic/pgf/systemlayer
\pgfsysprotocol.code.tex
File: pgfsysprotocol.code.tex 2023-01-15 v3.1.10 (3.1.10)
))
(C:\Users\DefaultUser\AppData\Local\Programs\MiKTeX\tex/latex/xcolor\xcolor.sty
Package: xcolor 2024/09/29 v3.02 LaTeX color extensions (UK)

(C:\Users\DefaultUser\AppData\Local\Programs\MiKTeX\tex/latex/graphics-cfg\colo
r.cfg
File: color.cfg 2016/01/02 v1.6 sample color configuration
)
Package xcolor Info: Driver file: pdftex.def on input line 274.

(C:\Users\DefaultUser\AppData\Local\Programs\MiKTeX\tex/latex/graphics\mathcolo
r.ltx)
Package xcolor Info: Model `cmy' substituted by `cmy0' on input line 1349.
Package xcolor Info: Model `hsb' substituted by `rgb' on input line 1353.
Package xcolor Info: Model `RGB' extended on input line 1365.
Package xcolor Info: Model `HTML' substituted by `rgb' on input line 1367.
Package xcolor Info: Model `Hsb' substituted by `hsb' on input line 1368.
Package xcolor Info: Model `tHsb' substituted by `hsb' on input line 1369.
Package xcolor Info: Model `HSB' substituted by `hsb' on input line 1370.
Package xcolor Info: Model `Gray' substituted by `gray' on input line 1371.
Package xcolor Info: Model `wave' substituted by `hsb' on input line 1372.
)
(C:\Users\DefaultUser\AppData\Local\Programs\MiKTeX\tex/generic/pgf/basiclayer\
pgfcore.code.tex
Package: pgfcore 2023-01-15 v3.1.10 (3.1.10)

(C:\Users\DefaultUser\AppData\Local\Programs\MiKTeX\tex/generic/pgf/math\pgfmat
h.code.tex
(C:\Users\DefaultUser\AppData\Local\Programs\MiKTeX\tex/generic/pgf/math\pgfmat
hutil.code.tex)
(C:\Users\DefaultUser\AppData\Local\Programs\MiKTeX\tex/generic/pgf/math\pgfmat
hparser.code.tex
\pgfmath@dimen=\dimen178
\pgfmath@count=\count306
\pgfmath@box=\box56
\pgfmath@toks=\toks33
\pgfmath@stack@operand=\toks34
\pgfmath@stack@operation=\toks35
)
(C:\Users\DefaultUser\AppData\Local\Programs\MiKTeX\tex/generic/pgf/math\pgfmat
hfunctions.code.tex)
(C:\Users\DefaultUser\AppData\Local\Programs\MiKTeX\tex/generic/pgf/math\pgfmat
hfunctions.basic.code.tex)
(C:\Users\DefaultUser\AppData\Local\Programs\MiKTeX\tex/generic/pgf/math\pgfmat
hfunctions.trigonometric.code.tex)
(C:\Users\DefaultUser\AppData\Local\Programs\MiKTeX\tex/generic/pgf/math\pgfmat
hfunctions.random.code.tex)
(C:\Users\DefaultUser\AppData\Local\Programs\MiKTeX\tex/generic/pgf/math\pgfmat
hfunctions.comparison.code.tex)
(C:\Users\DefaultUser\AppData\Local\Programs\MiKTeX\tex/generic/pgf/math\pgfmat
hfunctions.base.code.tex)
(C:\Users\DefaultUser\AppData\Local\Programs\MiKTeX\tex/generic/pgf/math\pgfmat
hfunctions.round.code.tex)
(C:\Users\DefaultUser\AppData\Local\Programs\MiKTeX\tex/generic/pgf/math\pgfmat
hfunctions.misc.code.tex)
(C:\Users\DefaultUser\AppData\Local\Programs\MiKTeX\tex/generic/pgf/math\pgfmat
hfunctions.integerarithmetics.code.tex)
(C:\Users\DefaultUser\AppData\Local\Programs\MiKTeX\tex/generic/pgf/math\pgfmat
hcalc.code.tex)
(C:\Users\DefaultUser\AppData\Local\Programs\MiKTeX\tex/generic/pgf/math\pgfmat
hfloat.code.tex
\c@pgfmathroundto@lastzeros=\count307
))
(C:\Users\DefaultUser\AppData\Local\Programs\MiKTeX\tex/generic/pgf/math\pgfint
.code.tex)
(C:\Users\DefaultUser\AppData\Local\Programs\MiKTeX\tex/generic/pgf/basiclayer\
pgfcorepoints.code.tex
File: pgfcorepoints.code.tex 2023-01-15 v3.1.10 (3.1.10)
\pgf@picminx=\dimen179
\pgf@picmaxx=\dimen180
\pgf@picminy=\dimen181
\pgf@picmaxy=\dimen182
\pgf@pathminx=\dimen183
\pgf@pathmaxx=\dimen184
\pgf@pathminy=\dimen185
\pgf@pathmaxy=\dimen186
\pgf@xx=\dimen187
\pgf@xy=\dimen188
\pgf@yx=\dimen189
\pgf@yy=\dimen190
\pgf@zx=\dimen191
\pgf@zy=\dimen192
)
(C:\Users\DefaultUser\AppData\Local\Programs\MiKTeX\tex/generic/pgf/basiclayer\
pgfcorepathconstruct.code.tex
File: pgfcorepathconstruct.code.tex 2023-01-15 v3.1.10 (3.1.10)
\pgf@path@lastx=\dimen193
\pgf@path@lasty=\dimen194
)
(C:\Users\DefaultUser\AppData\Local\Programs\MiKTeX\tex/generic/pgf/basiclayer\
pgfcorepathusage.code.tex
File: pgfcorepathusage.code.tex 2023-01-15 v3.1.10 (3.1.10)
\pgf@shorten@end@additional=\dimen195
\pgf@shorten@start@additional=\dimen196
)
(C:\Users\DefaultUser\AppData\Local\Programs\MiKTeX\tex/generic/pgf/basiclayer\
pgfcorescopes.code.tex
File: pgfcorescopes.code.tex 2023-01-15 v3.1.10 (3.1.10)
\pgfpic=\box57
\pgf@hbox=\box58
\pgf@layerbox@main=\box59
\pgf@picture@serial@count=\count308
)
(C:\Users\DefaultUser\AppData\Local\Programs\MiKTeX\tex/generic/pgf/basiclayer\
pgfcoregraphicstate.code.tex
File: pgfcoregraphicstate.code.tex 2023-01-15 v3.1.10 (3.1.10)
\pgflinewidth=\dimen197
)
(C:\Users\DefaultUser\AppData\Local\Programs\MiKTeX\tex/generic/pgf/basiclayer\
pgfcoretransformations.code.tex
File: pgfcoretransformations.code.tex 2023-01-15 v3.1.10 (3.1.10)
\pgf@pt@x=\dimen198
\pgf@pt@y=\dimen199
\pgf@pt@temp=\dimen256
)
(C:\Users\DefaultUser\AppData\Local\Programs\MiKTeX\tex/generic/pgf/basiclayer\
pgfcorequick.code.tex
File: pgfcorequick.code.tex 2023-01-15 v3.1.10 (3.1.10)
)
(C:\Users\DefaultUser\AppData\Local\Programs\MiKTeX\tex/generic/pgf/basiclayer\
pgfcoreobjects.code.tex
File: pgfcoreobjects.code.tex 2023-01-15 v3.1.10 (3.1.10)
)
(C:\Users\DefaultUser\AppData\Local\Programs\MiKTeX\tex/generic/pgf/basiclayer\
pgfcorepathprocessing.code.tex
File: pgfcorepathprocessing.code.tex 2023-01-15 v3.1.10 (3.1.10)
)
(C:\Users\DefaultUser\AppData\Local\Programs\MiKTeX\tex/generic/pgf/basiclayer\
pgfcorearrows.code.tex
File: pgfcorearrows.code.tex 2023-01-15 v3.1.10 (3.1.10)
\pgfarrowsep=\dimen257
)
(C:\Users\DefaultUser\AppData\Local\Programs\MiKTeX\tex/generic/pgf/basiclayer\
pgfcoreshade.code.tex
File: pgfcoreshade.code.tex 2023-01-15 v3.1.10 (3.1.10)
\pgf@max=\dimen258
\pgf@sys@shading@range@num=\count309
\pgf@shadingcount=\count310
)
(C:\Users\DefaultUser\AppData\Local\Programs\MiKTeX\tex/generic/pgf/basiclayer\
pgfcoreimage.code.tex
File: pgfcoreimage.code.tex 2023-01-15 v3.1.10 (3.1.10)
)
(C:\Users\DefaultUser\AppData\Local\Programs\MiKTeX\tex/generic/pgf/basiclayer\
pgfcoreexternal.code.tex
File: pgfcoreexternal.code.tex 2023-01-15 v3.1.10 (3.1.10)
\pgfexternal@startupbox=\box60
)
(C:\Users\DefaultUser\AppData\Local\Programs\MiKTeX\tex/generic/pgf/basiclayer\
pgfcorelayers.code.tex
File: pgfcorelayers.code.tex 2023-01-15 v3.1.10 (3.1.10)
)
(C:\Users\DefaultUser\AppData\Local\Programs\MiKTeX\tex/generic/pgf/basiclayer\
pgfcoretransparency.code.tex
File: pgfcoretransparency.code.tex 2023-01-15 v3.1.10 (3.1.10)
)
(C:\Users\DefaultUser\AppData\Local\Programs\MiKTeX\tex/generic/pgf/basiclayer\
pgfcorepatterns.code.tex
File: pgfcorepatterns.code.tex 2023-01-15 v3.1.10 (3.1.10)
)
(C:\Users\DefaultUser\AppData\Local\Programs\MiKTeX\tex/generic/pgf/basiclayer\
pgfcorerdf.code.tex
File: pgfcorerdf.code.tex 2023-01-15 v3.1.10 (3.1.10)
)))
(C:\Users\DefaultUser\AppData\Local\Programs\MiKTeX\tex/generic/pgf/modules\pgf
moduleshapes.code.tex
File: pgfmoduleshapes.code.tex 2023-01-15 v3.1.10 (3.1.10)
\pgfnodeparttextbox=\box61
)
(C:\Users\DefaultUser\AppData\Local\Programs\MiKTeX\tex/generic/pgf/modules\pgf
moduleplot.code.tex
File: pgfmoduleplot.code.tex 2023-01-15 v3.1.10 (3.1.10)
)
(C:\Users\DefaultUser\AppData\Local\Programs\MiKTeX\tex/latex/pgf/compatibility
\pgfcomp-version-0-65.sty
Package: pgfcomp-version-0-65 2023-01-15 v3.1.10 (3.1.10)
\pgf@nodesepstart=\dimen259
\pgf@nodesepend=\dimen260
)
(C:\Users\DefaultUser\AppData\Local\Programs\MiKTeX\tex/latex/pgf/compatibility
\pgfcomp-version-1-18.sty
Package: pgfcomp-version-1-18 2023-01-15 v3.1.10 (3.1.10)
))
(C:\Users\DefaultUser\AppData\Local\Programs\MiKTeX\tex/latex/pgf/utilities\pgf
for.sty
(C:\Users\DefaultUser\AppData\Local\Programs\MiKTeX\tex/latex/pgf/utilities\pgf
keys.sty
(C:\Users\DefaultUser\AppData\Local\Programs\MiKTeX\tex/generic/pgf/utilities\p
gfkeys.code.tex))
(C:\Users\DefaultUser\AppData\Local\Programs\MiKTeX\tex/latex/pgf/math\pgfmath.
sty
(C:\Users\DefaultUser\AppData\Local\Programs\MiKTeX\tex/generic/pgf/math\pgfmat
h.code.tex))
(C:\Users\DefaultUser\AppData\Local\Programs\MiKTeX\tex/generic/pgf/utilities\p
gffor.code.tex
Package: pgffor 2023-01-15 v3.1.10 (3.1.10)
\pgffor@iter=\dimen261
\pgffor@skip=\dimen262
\pgffor@stack=\toks36
\pgffor@toks=\toks37
))
(C:\Users\DefaultUser\AppData\Local\Programs\MiKTeX\tex/generic/pgf/frontendlay
er/tikz\tikz.code.tex
Package: tikz 2023-01-15 v3.1.10 (3.1.10)

(C:\Users\DefaultUser\AppData\Local\Programs\MiKTeX\tex/generic/pgf/libraries\p
gflibraryplothandlers.code.tex
File: pgflibraryplothandlers.code.tex 2023-01-15 v3.1.10 (3.1.10)
\pgf@plot@mark@count=\count311
\pgfplotmarksize=\dimen263
)
\tikz@lastx=\dimen264
\tikz@lasty=\dimen265
\tikz@lastxsaved=\dimen266
\tikz@lastysaved=\dimen267
\tikz@lastmovetox=\dimen268
\tikz@lastmovetoy=\dimen269
\tikzleveldistance=\dimen270
\tikzsiblingdistance=\dimen271
\tikz@figbox=\box62
\tikz@figbox@bg=\box63
\tikz@tempbox=\box64
\tikz@tempbox@bg=\box65
\tikztreelevel=\count312
\tikznumberofchildren=\count313
\tikznumberofcurrentchild=\count314
\tikz@fig@count=\count315

(C:\Users\DefaultUser\AppData\Local\Programs\MiKTeX\tex/generic/pgf/modules\pgf
modulematrix.code.tex
File: pgfmodulematrix.code.tex 2023-01-15 v3.1.10 (3.1.10)
\pgfmatrixcurrentrow=\count316
\pgfmatrixcurrentcolumn=\count317
\pgf@matrix@numberofcolumns=\count318
)
\tikz@expandcount=\count319

(C:\Users\DefaultUser\AppData\Local\Programs\MiKTeX\tex/generic/pgf/frontendlay
er/tikz/libraries\tikzlibrarytopaths.code.tex
File: tikzlibrarytopaths.code.tex 2023-01-15 v3.1.10 (3.1.10)
)))
(C:\Users\DefaultUser\AppData\Local\Programs\MiKTeX\tex/latex/asymptote\asympto
te.sty
Package: asymptote 2024/02/26 v1.38 Asymptote style file for LaTeX
 (AMC12_Combined_Problems_2010-2024.pre)
\ASYbox=\box66
\ASYdimen=\dimen272
\c@asy=\count320
\AsyStream=\write4
\AsyPreStream=\write5

(C:\Users\DefaultUser\AppData\Local\Programs\MiKTeX\tex/latex/base\ifthen.sty
Package: ifthen 2024/03/16 v1.1e Standard LaTeX ifthen package (DPC)
)
(C:\Users\DefaultUser\AppData\Local\Programs\MiKTeX\tex/generic/iftex\ifpdf.sty
Package: ifpdf 2019/10/25 v3.4 ifpdf legacy package. Use iftex instead.
)
(C:\Users\DefaultUser\AppData\Local\Programs\MiKTeX\tex/generic/iftex\ifxetex.s
ty
Package: ifxetex 2019/10/25 v0.7 ifxetex legacy package. Use iftex instead.
)
(C:\Users\DefaultUser\AppData\Local\Programs\MiKTeX\tex/generic/catchfile\catch
file.sty
Package: catchfile 2019/12/09 v1.8 Catch the contents of a file (HO)

(C:\Users\DefaultUser\AppData\Local\Programs\MiKTeX\tex/generic/etexcmds\etexcm
ds.sty
Package: etexcmds 2019/12/15 v1.7 Avoid name clashes with e-TeX commands (HO)
))
\openout5 = `AMC12_Combined_Problems_2010-2024.pre'.

)
(C:\Users\DefaultUser\AppData\Local\Programs\MiKTeX\tex/latex/arcs\arcs.sty
Package: arcs 2004/05/09

(C:\Users\DefaultUser\AppData\Local\Programs\MiKTeX\tex/latex/relsize\relsize.s
ty
Package: relsize 2013/03/29 ver 4.1
))
(C:\Users\DefaultUser\AppData\Local\Programs\MiKTeX\tex/latex/xwatermark\xwater
mark.sty
(C:\Users\DefaultUser\AppData\Local\Programs\MiKTeX\tex/latex/catoptions\catopt
ions.sty
\m@one=\count321
\z@pt=\dimen273
Package: catoptions 2023/10/29 v0.2.7i Securing catcodes and parsing options (A
M)


Package catoptions Warning: 
(catoptions)                catoptions modifies package option handling and is
(catoptions)                incompatible with many other packages.
(catoptions)                For new documents it is recommended to use
(catoptions)                The built in option processor:
(catoptions)                \ProcessKeyOptions, see clsguide.

\cpt@csvdepth=\count322
\cpt@optdepth=\count323
\cpt@cnta=\count324
\indrisdepth=\count325
\cpt@foreachdepth=\count326
\cpt@exprcnt=\count327
)
Package: xwatermark 2012/10/23 v1.5.2d A dynamic watermarking scheme (Ahmed Mus
a)
 (C:\Users\DefaultUser\AppData\Local\Programs\MiKTeX\tex/latex/base\fix-cm.sty
Package: fix-cm 2020/11/24 v1.1t fixes to LaTeX
(C:\Users\DefaultUser\AppData\Local\Programs\MiKTeX\tex/latex/base\ts1enc.def
File: ts1enc.def 2001/06/05 v3.0e (jk/car/fm) Standard LaTeX file
LaTeX Font Info:    Redeclaring font encoding TS1 on input line 47.
))
(C:\Users\DefaultUser\AppData\Local\Programs\MiKTeX\tex/latex/picture\picture.s
ty
Package: picture 2020-04-22 v1.6 Dimens for picture macros (HO)
Package picture Info: Calculation method: etex.
)
(C:\Users\DefaultUser\AppData\Local\Programs\MiKTeX\tex/latex/ltxkeys\ltxkeys.s
ty
Package: ltxkeys 2012/11/17 v0.0.3c A robust key-value parser (AM) (Ahmed Musa)

\ltxkeys@csvdepth=\count328
\ltxkeys@keydepth=\count329
)
(C:\Users\DefaultUser\AppData\Local\Programs\MiKTeX\tex/latex/framed\framed.sty
Package: framed 2011/10/22 v 0.96: framed or shaded text with page breaks
\OuterFrameSep=\skip70
\fb@frw=\dimen274
\fb@frh=\dimen275
\FrameRule=\dimen276
\FrameSep=\dimen277
)
\xwm@boxa=\box67
\xwm@boxb=\box68
\xwm@cnta=\count330
\xwm@wrt=\write6
 (AMC12_Combined_Problems_2010-2024.xwm)
\openout6 = `AMC12_Combined_Problems_2010-2024.xwm'.

)
(C:\Users\DefaultUser\AppData\Local\Programs\MiKTeX\tex/latex/l3backend\l3backe
nd-pdftex.def
File: l3backend-pdftex.def 2024-05-08 L3 backend support: PDF output (pdfTeX)
\l__color_backend_stack_int=\count331
\l__pdf_internal_box=\box69
) (AMC12_Combined_Problems_2010-2024.aux)
\openout1 = `AMC12_Combined_Problems_2010-2024.aux'.

LaTeX Font Info:    Checking defaults for OML/cmm/m/it on input line 32.
LaTeX Font Info:    ... okay on input line 32.
LaTeX Font Info:    Checking defaults for OMS/cmsy/m/n on input line 32.
LaTeX Font Info:    ... okay on input line 32.
LaTeX Font Info:    Checking defaults for OT1/cmr/m/n on input line 32.
LaTeX Font Info:    ... okay on input line 32.
LaTeX Font Info:    Checking defaults for T1/cmr/m/n on input line 32.
LaTeX Font Info:    ... okay on input line 32.
LaTeX Font Info:    Checking defaults for TS1/cmr/m/n on input line 32.
LaTeX Font Info:    ... okay on input line 32.
LaTeX Font Info:    Checking defaults for OMX/cmex/m/n on input line 32.
LaTeX Font Info:    ... okay on input line 32.
LaTeX Font Info:    Checking defaults for U/cmr/m/n on input line 32.
LaTeX Font Info:    ... okay on input line 32.
LaTeX Font Info:    Checking defaults for PD1/pdf/m/n on input line 32.
LaTeX Font Info:    ... okay on input line 32.
LaTeX Font Info:    Checking defaults for PU/pdf/m/n on input line 32.
LaTeX Font Info:    ... okay on input line 32.

*geometry* driver: auto-detecting
*geometry* detected driver: pdftex
*geometry* verbose mode - [ preamble ] result:
* driver: pdftex
* paper: a4paper
* layout: <same size as paper>
* layoutoffset:(h,v)=(0.0pt,0.0pt)
* modes: 
* h-part:(L,W,R)=(54.2025pt, 489.10287pt, 54.2025pt)
* v-part:(T,H,B)=(54.2025pt, 736.64185pt, 54.2025pt)
* \paperwidth=597.50787pt
* \paperheight=845.04684pt
* \textwidth=489.10287pt
* \textheight=736.64185pt
* \oddsidemargin=-18.06749pt
* \evensidemargin=-18.06749pt
* \topmargin=-55.06749pt
* \headheight=12.0pt
* \headsep=25.0pt
* \topskip=10.0pt
* \footskip=30.0pt
* \marginparwidth=65.0pt
* \marginparsep=11.0pt
* \columnsep=10.0pt
* \skip\footins=9.0pt plus 4.0pt minus 2.0pt
* \hoffset=0.0pt
* \voffset=0.0pt
* \mag=1000
* \@twocolumnfalse
* \@twosidefalse
* \@mparswitchfalse
* \@reversemarginfalse
* (1in=72.27pt=25.4mm, 1cm=28.453pt)

Package hyperref Info: Link coloring OFF on input line 32.
(AMC12_Combined_Problems_2010-2024.out) (AMC12_Combined_Problems_2010-2024.out)
\@outlinefile=\write7
\openout7 = `AMC12_Combined_Problems_2010-2024.out'.


(C:\Users\DefaultUser\AppData\Local\Programs\MiKTeX\tex/context/base/mkii\supp-
pdf.mkii
[Loading MPS to PDF converter (version 2006.09.02).]
\scratchcounter=\count332
\scratchdimen=\dimen278
\scratchbox=\box70
\nofMPsegments=\count333
\nofMParguments=\count334
\everyMPshowfont=\toks38
\MPscratchCnt=\count335
\MPscratchDim=\dimen279
\MPnumerator=\count336
\makeMPintoPDFobject=\count337
\everyMPtoPDFconversion=\toks39
)
(C:\Users\DefaultUser\AppData\Local\Programs\MiKTeX\tex/latex/epstopdf-pkg\epst
opdf-base.sty
Package: epstopdf-base 2020-01-24 v2.11 Base part for package epstopdf
Package epstopdf-base Info: Redefining graphics rule for `.eps' on input line 4
85.

(C:\Users\DefaultUser\AppData\Local\Programs\MiKTeX\tex/latex/00miktex\epstopdf
-sys.cfg
File: epstopdf-sys.cfg 2021/03/18 v2.0 Configuration of epstopdf for MiKTeX
))
LaTeX Font Info:    Trying to load font information for U+msa on input line 32.


(C:\Users\DefaultUser\AppData\Local\Programs\MiKTeX\tex/latex/amsfonts\umsa.fd
File: umsa.fd 2013/01/14 v3.01 AMS symbols A
)
LaTeX Font Info:    Trying to load font information for U+msb on input line 32.

(C:\Users\DefaultUser\AppData\Local\Programs\MiKTeX\tex/latex/amsfonts\umsb.fd
File: umsb.fd 2013/01/14 v3.01 AMS symbols B
)

LaTeX Warning: No \author given.

(AMC12_Combined_Problems_2010-2024.toc

[1{C:/Users/DefaultUser/AppData/Local/MiKTeX/fonts/map/pdftex/pdftex.map}

])
\tf@toc=\write8
\openout8 = `AMC12_Combined_Problems_2010-2024.toc'.



[2]
\openout4 = `AMC12_Combined_Problems_2010-2024-1.asy'.

<AMC12_Combined_Problems_2010-2024-1.pdf, id=212, 163.7608pt x 88.00076pt>
File: AMC12_Combined_Problems_2010-2024-1.pdf Graphic file (type pdf)
<use AMC12_Combined_Problems_2010-2024-1.pdf>
Package pdftex.def Info: AMC12_Combined_Problems_2010-2024-1.pdf  used on input
 line 61.
(pdftex.def)             Requested size: 163.76039pt x 88.00053pt.


[3 <./AMC12_Combined_Problems_2010-2024-1.pdf>]

[4]

[5]
\openout4 = `AMC12_Combined_Problems_2010-2024-2.asy'.

<AMC12_Combined_Problems_2010-2024-2.pdf, id=268, 79.17781pt x 117.03725pt>
File: AMC12_Combined_Problems_2010-2024-2.pdf Graphic file (type pdf)
<use AMC12_Combined_Problems_2010-2024-2.pdf>
Package pdftex.def Info: AMC12_Combined_Problems_2010-2024-2.pdf  used on input
 line 139.
(pdftex.def)             Requested size: 79.1776pt x 117.03694pt.


[6 <./AMC12_Combined_Problems_2010-2024-2.pdf>]

[7]
Overfull \hbox (2.13248pt too wide) in paragraph at lines 197--198
[]\OT1/cmr/m/n/10 Monic quadratic poly-no-mi-als $\OML/cmm/m/it/10 P\OT1/cmr/m/
n/10 (\OML/cmm/m/it/10 x\OT1/cmr/m/n/10 )$ and $\OML/cmm/m/it/10 Q\OT1/cmr/m/n/
10 (\OML/cmm/m/it/10 x\OT1/cmr/m/n/10 )$ have the prop-erty that $\OML/cmm/m/it
/10 P\OT1/cmr/m/n/10 (\OML/cmm/m/it/10 Q\OT1/cmr/m/n/10 (\OML/cmm/m/it/10 x\OT1
/cmr/m/n/10 ))$ has ze-ros at $\OML/cmm/m/it/10 x \OT1/cmr/m/n/10 = \OMS/cmsy/m
/n/10 ^^@\OT1/cmr/m/n/10 23\OML/cmm/m/it/10 ; \OMS/cmsy/m/n/10 ^^@\OT1/cmr/m/n/
10 21\OML/cmm/m/it/10 ; \OMS/cmsy/m/n/10 ^^@\OT1/cmr/m/n/10 17\OML/cmm/m/it/10 
;$
 []



[8]
\openout4 = `AMC12_Combined_Problems_2010-2024-3.asy'.

<AMC12_Combined_Problems_2010-2024-3.pdf, id=319, 100.375pt x 98.22195pt>
File: AMC12_Combined_Problems_2010-2024-3.pdf Graphic file (type pdf)
<use AMC12_Combined_Problems_2010-2024-3.pdf>
Package pdftex.def Info: AMC12_Combined_Problems_2010-2024-3.pdf  used on input
 line 237.
(pdftex.def)             Requested size: 100.37474pt x 98.2217pt.


[9 <./AMC12_Combined_Problems_2010-2024-3.pdf>]

[10]

[11]
\openout4 = `AMC12_Combined_Problems_2010-2024-4.asy'.

<AMC12_Combined_Problems_2010-2024-4.pdf, id=365, 97.94592pt x 97.94592pt>
File: AMC12_Combined_Problems_2010-2024-4.pdf Graphic file (type pdf)
<use AMC12_Combined_Problems_2010-2024-4.pdf>
Package pdftex.def Info: AMC12_Combined_Problems_2010-2024-4.pdf  used on input
 line 447.
(pdftex.def)             Requested size: 97.94568pt x 97.94568pt.


[12]

[13 <./AMC12_Combined_Problems_2010-2024-4.pdf>]

[14]

[15]
\openout4 = `AMC12_Combined_Problems_2010-2024-5.asy'.

<AMC12_Combined_Problems_2010-2024-5.pdf, id=421, 170.7168pt x 159.20981pt>
File: AMC12_Combined_Problems_2010-2024-5.pdf Graphic file (type pdf)
<use AMC12_Combined_Problems_2010-2024-5.pdf>
Package pdftex.def Info: AMC12_Combined_Problems_2010-2024-5.pdf  used on input
 line 560.
(pdftex.def)             Requested size: 170.71637pt x 159.20941pt.


[16 <./AMC12_Combined_Problems_2010-2024-5.pdf>]

[17]
\openout4 = `AMC12_Combined_Problems_2010-2024-6.asy'.

<AMC12_Combined_Problems_2010-2024-6.pdf, id=456, 227.62039pt x 114.06615pt>
File: AMC12_Combined_Problems_2010-2024-6.pdf Graphic file (type pdf)
<use AMC12_Combined_Problems_2010-2024-6.pdf>
Package pdftex.def Info: AMC12_Combined_Problems_2010-2024-6.pdf  used on input
 line 642.
(pdftex.def)             Requested size: 227.61983pt x 114.06586pt.


[18 <./AMC12_Combined_Problems_2010-2024-6.pdf>]
Overfull \hbox (9.60666pt too wide) in paragraph at lines 695--702
[]\OT1/cmr/m/n/10 label("$\OML/cmm/m/it/10 P[]$\OT1/cmr/m/n/10 ", P[1], dir(P[1
])); label("$\OML/cmm/m/it/10 P[]$\OT1/cmr/m/n/10 ", P[2], dir(P[2])); label("$
\OML/cmm/m/it/10 P[]$\OT1/cmr/m/n/10 ", P[3], dir(-45)); label("$\OML/cmm/m/it/
10 P[]$\OT1/cmr/m/n/10 ", P[4], dir(P[4]));
 []



[19]
\openout4 = `AMC12_Combined_Problems_2010-2024-7.asy'.

<AMC12_Combined_Problems_2010-2024-7.pdf, id=487, 200.75pt x 145.5036pt>
File: AMC12_Combined_Problems_2010-2024-7.pdf Graphic file (type pdf)
<use AMC12_Combined_Problems_2010-2024-7.pdf>
Package pdftex.def Info: AMC12_Combined_Problems_2010-2024-7.pdf  used on input
 line 726.
(pdftex.def)             Requested size: 200.7495pt x 145.50323pt.
\openout4 = `AMC12_Combined_Problems_2010-2024-8.asy'.

<AMC12_Combined_Problems_2010-2024-8.pdf, id=488, 284.52798pt x 173.53734pt>
File: AMC12_Combined_Problems_2010-2024-8.pdf Graphic file (type pdf)
<use AMC12_Combined_Problems_2010-2024-8.pdf>
Package pdftex.def Info: AMC12_Combined_Problems_2010-2024-8.pdf  used on input
 line 778.
(pdftex.def)             Requested size: 284.52728pt x 173.53691pt.


[20 <./AMC12_Combined_Problems_2010-2024-7.pdf> <./AMC12_Combined_Problems_2010
-2024-8.pdf>]

[21]
\openout4 = `AMC12_Combined_Problems_2010-2024-9.asy'.

<AMC12_Combined_Problems_2010-2024-9.pdf, id=520, 227.62239pt x 227.29819pt>
File: AMC12_Combined_Problems_2010-2024-9.pdf Graphic file (type pdf)
<use AMC12_Combined_Problems_2010-2024-9.pdf>
Package pdftex.def Info: AMC12_Combined_Problems_2010-2024-9.pdf  used on input
 line 830.
(pdftex.def)             Requested size: 227.62183pt x 227.2976pt.


[22 <./AMC12_Combined_Problems_2010-2024-9.pdf>]
\openout4 = `AMC12_Combined_Problems_2010-2024-10.asy'.

<AMC12_Combined_Problems_2010-2024-10.pdf, id=540, 144.62129pt x 180.675pt>
File: AMC12_Combined_Problems_2010-2024-10.pdf Graphic file (type pdf)
<use AMC12_Combined_Problems_2010-2024-10.pdf>
Package pdftex.def Info: AMC12_Combined_Problems_2010-2024-10.pdf  used on inpu
t line 878.
(pdftex.def)             Requested size: 144.62093pt x 180.67455pt.
\openout4 = `AMC12_Combined_Problems_2010-2024-11.asy'.

<AMC12_Combined_Problems_2010-2024-11.pdf, id=541, 180.675pt x 159.43765pt>
File: AMC12_Combined_Problems_2010-2024-11.pdf Graphic file (type pdf)
<use AMC12_Combined_Problems_2010-2024-11.pdf>
Package pdftex.def Info: AMC12_Combined_Problems_2010-2024-11.pdf  used on inpu
t line 908.
(pdftex.def)             Requested size: 180.67455pt x 159.43724pt.


[23 <./AMC12_Combined_Problems_2010-2024-10.pdf> <./AMC12_Combined_Problems_201
0-2024-11.pdf>]
Overfull \hbox (49.1192pt too wide) in paragraph at lines 940--944
[]$[] \OT1/cmr/m/n/10 ([] 2016\OML/cmm/m/it/10 ; [] \OT1/cmr/m/n/10 2017)$ $[] 
([] 2017\OML/cmm/m/it/10 ; [] \OT1/cmr/m/n/10 2018)$ $[] ([] 2018\OML/cmm/m/it/
10 ; [] \OT1/cmr/m/n/10 2019)$ $[] ([] 2019\OML/cmm/m/it/10 ; [] \OT1/cmr/m/n/1
0 2020)$ $[] ([] 2020\OML/cmm/m/it/10 ; [] \OT1/cmr/m/n/10 2021)$ 
 []



[24]

[25]
\openout4 = `AMC12_Combined_Problems_2010-2024-12.asy'.

<AMC12_Combined_Problems_2010-2024-12.pdf, id=592, 166.98386pt x 164.76355pt>
File: AMC12_Combined_Problems_2010-2024-12.pdf Graphic file (type pdf)
<use AMC12_Combined_Problems_2010-2024-12.pdf>
Package pdftex.def Info: AMC12_Combined_Problems_2010-2024-12.pdf  used on inpu
t line 1021.
(pdftex.def)             Requested size: 166.98343pt x 164.76312pt.


[26]

[27 <./AMC12_Combined_Problems_2010-2024-12.pdf>]
Overfull \hbox (4.1215pt too wide) in paragraph at lines 1059--1060
[]\OT1/cmr/m/n/10 For $135[] \OML/cmm/m/it/10 < x < \OT1/cmr/m/n/10 180[]$, poi
nts $\OML/cmm/m/it/10 P \OT1/cmr/m/n/10 = ([] \OML/cmm/m/it/10 x; [][] x\OT1/cm
r/m/n/10 )\OML/cmm/m/it/10 ; Q \OT1/cmr/m/n/10 = ([] \OML/cmm/m/it/10 x; [][] x
\OT1/cmr/m/n/10 )\OML/cmm/m/it/10 ; R \OT1/cmr/m/n/10 = ([] \OML/cmm/m/it/10 x;
 [][] x\OT1/cmr/m/n/10 )$ and $\OML/cmm/m/it/10 S \OT1/cmr/m/n/10 = ([] \OML/cm
m/m/it/10 x; [][] x\OT1/cmr/m/n/10 )$
 []



[28]

[29]
\openout4 = `AMC12_Combined_Problems_2010-2024-13.asy'.

<AMC12_Combined_Problems_2010-2024-13.pdf, id=653, 134.49246pt x 227.62039pt>
File: AMC12_Combined_Problems_2010-2024-13.pdf Graphic file (type pdf)
<use AMC12_Combined_Problems_2010-2024-13.pdf>
Package pdftex.def Info: AMC12_Combined_Problems_2010-2024-13.pdf  used on inpu
t line 1192.
(pdftex.def)             Requested size: 134.49213pt x 227.61983pt.


[30 <./AMC12_Combined_Problems_2010-2024-13.pdf>]

[31]
\openout4 = `AMC12_Combined_Problems_2010-2024-14.asy'.

<AMC12_Combined_Problems_2010-2024-14.pdf, id=968, 227.62039pt x 227.62039pt>
File: AMC12_Combined_Problems_2010-2024-14.pdf Graphic file (type pdf)
<use AMC12_Combined_Problems_2010-2024-14.pdf>
Package pdftex.def Info: AMC12_Combined_Problems_2010-2024-14.pdf  used on inpu
t line 1287.
(pdftex.def)             Requested size: 227.61983pt x 227.61983pt.


[32 <./AMC12_Combined_Problems_2010-2024-14.pdf>]
\openout4 = `AMC12_Combined_Problems_2010-2024-15.asy'.

<AMC12_Combined_Problems_2010-2024-15.pdf, id=982, 227.62239pt x 132.53717pt>
File: AMC12_Combined_Problems_2010-2024-15.pdf Graphic file (type pdf)
<use AMC12_Combined_Problems_2010-2024-15.pdf>
Package pdftex.def Info: AMC12_Combined_Problems_2010-2024-15.pdf  used on inpu
t line 1313.
(pdftex.def)             Requested size: 227.62183pt x 132.53683pt.


[33 <./AMC12_Combined_Problems_2010-2024-15.pdf>]
\openout4 = `AMC12_Combined_Problems_2010-2024-16.asy'.

<AMC12_Combined_Problems_2010-2024-16.pdf, id=1005, 227.62039pt x 168.7906pt>
File: AMC12_Combined_Problems_2010-2024-16.pdf Graphic file (type pdf)
<use AMC12_Combined_Problems_2010-2024-16.pdf>
Package pdftex.def Info: AMC12_Combined_Problems_2010-2024-16.pdf  used on inpu
t line 1368.
(pdftex.def)             Requested size: 227.61983pt x 168.79018pt.
\openout4 = `AMC12_Combined_Problems_2010-2024-17.asy'.

<AMC12_Combined_Problems_2010-2024-17.pdf, id=1006, 227.62239pt x 226.52328pt>
File: AMC12_Combined_Problems_2010-2024-17.pdf Graphic file (type pdf)
<use AMC12_Combined_Problems_2010-2024-17.pdf>
Package pdftex.def Info: AMC12_Combined_Problems_2010-2024-17.pdf  used on inpu
t line 1389.
(pdftex.def)             Requested size: 227.62183pt x 226.52272pt.


[34 <./AMC12_Combined_Problems_2010-2024-16.pdf> <./AMC12_Combined_Problems_201
0-2024-17.pdf>]

[35]

[36]

[37]
\openout4 = `AMC12_Combined_Problems_2010-2024-18.asy'.

<AMC12_Combined_Problems_2010-2024-18.pdf, id=1352, 351.3125pt x 156.28387pt>
File: AMC12_Combined_Problems_2010-2024-18.pdf Graphic file (type pdf)
<use AMC12_Combined_Problems_2010-2024-18.pdf>
Package pdftex.def Info: AMC12_Combined_Problems_2010-2024-18.pdf  used on inpu
t line 1530.
(pdftex.def)             Requested size: 351.31163pt x 156.28348pt.


[38 <./AMC12_Combined_Problems_2010-2024-18.pdf>]

[39]

[40]

[41]
\openout4 = `AMC12_Combined_Problems_2010-2024-19.asy'.

<AMC12_Combined_Problems_2010-2024-19.pdf, id=1398, 170.7168pt x 115.4955pt>
File: AMC12_Combined_Problems_2010-2024-19.pdf Graphic file (type pdf)
<use AMC12_Combined_Problems_2010-2024-19.pdf>
Package pdftex.def Info: AMC12_Combined_Problems_2010-2024-19.pdf  used on inpu
t line 1653.
(pdftex.def)             Requested size: 170.71637pt x 115.49521pt.
\openout4 = `AMC12_Combined_Problems_2010-2024-20.asy'.

<AMC12_Combined_Problems_2010-2024-20.pdf, id=1399, 227.62039pt x 227.62039pt>
File: AMC12_Combined_Problems_2010-2024-20.pdf Graphic file (type pdf)
<use AMC12_Combined_Problems_2010-2024-20.pdf>
Package pdftex.def Info: AMC12_Combined_Problems_2010-2024-20.pdf  used on inpu
t line 1671.
(pdftex.def)             Requested size: 227.61983pt x 227.61983pt.


[42 <./AMC12_Combined_Problems_2010-2024-19.pdf>]
\openout4 = `AMC12_Combined_Problems_2010-2024-21.asy'.

<AMC12_Combined_Problems_2010-2024-21.pdf, id=1423, 205.31908pt x 227.62239pt>
File: AMC12_Combined_Problems_2010-2024-21.pdf Graphic file (type pdf)
<use AMC12_Combined_Problems_2010-2024-21.pdf>
Package pdftex.def Info: AMC12_Combined_Problems_2010-2024-21.pdf  used on inpu
t line 1694.
(pdftex.def)             Requested size: 205.31856pt x 227.62183pt.


[43 <./AMC12_Combined_Problems_2010-2024-20.pdf> <./AMC12_Combined_Problems_201
0-2024-21.pdf>]

[44]

[45]

[46]
\openout4 = `AMC12_Combined_Problems_2010-2024-22.asy'.

<AMC12_Combined_Problems_2010-2024-22.pdf, id=1479, 231.13652pt x 265.51797pt>
File: AMC12_Combined_Problems_2010-2024-22.pdf Graphic file (type pdf)
<use AMC12_Combined_Problems_2010-2024-22.pdf>
Package pdftex.def Info: AMC12_Combined_Problems_2010-2024-22.pdf  used on inpu
t line 1826.
(pdftex.def)             Requested size: 231.13594pt x 265.51732pt.


[47 <./AMC12_Combined_Problems_2010-2024-22.pdf>]

[48]

[49]
\openout4 = `AMC12_Combined_Problems_2010-2024-23.asy'.

<AMC12_Combined_Problems_2010-2024-23.pdf, id=1530, 142.26149pt x 72.64139pt>
File: AMC12_Combined_Problems_2010-2024-23.pdf Graphic file (type pdf)
<use AMC12_Combined_Problems_2010-2024-23.pdf>
Package pdftex.def Info: AMC12_Combined_Problems_2010-2024-23.pdf  used on inpu
t line 1914.
(pdftex.def)             Requested size: 142.26112pt x 72.64119pt.


[50 <./AMC12_Combined_Problems_2010-2024-23.pdf>]

[51]

[52]
\openout4 = `AMC12_Combined_Problems_2010-2024-24.asy'.

<AMC12_Combined_Problems_2010-2024-24.pdf, id=1572, 100.375pt x 91.45166pt>
File: AMC12_Combined_Problems_2010-2024-24.pdf Graphic file (type pdf)
<use AMC12_Combined_Problems_2010-2024-24.pdf>
Package pdftex.def Info: AMC12_Combined_Problems_2010-2024-24.pdf  used on inpu
t line 2001.
(pdftex.def)             Requested size: 100.37474pt x 91.45143pt.


[53 <./AMC12_Combined_Problems_2010-2024-24.pdf>]

[54]
\openout4 = `AMC12_Combined_Problems_2010-2024-25.asy'.

<AMC12_Combined_Problems_2010-2024-25.pdf, id=1596, 328.03354pt x 176.12901pt>
File: AMC12_Combined_Problems_2010-2024-25.pdf Graphic file (type pdf)
<use AMC12_Combined_Problems_2010-2024-25.pdf>
Package pdftex.def Info: AMC12_Combined_Problems_2010-2024-25.pdf  used on inpu
t line 2082.
(pdftex.def)             Requested size: 328.03273pt x 176.12857pt.


[55 <./AMC12_Combined_Problems_2010-2024-25.pdf>]
\openout4 = `AMC12_Combined_Problems_2010-2024-26.asy'.

<AMC12_Combined_Problems_2010-2024-26.pdf, id=1619, 227.62239pt x 175.97946pt>
File: AMC12_Combined_Problems_2010-2024-26.pdf Graphic file (type pdf)
<use AMC12_Combined_Problems_2010-2024-26.pdf>
Package pdftex.def Info: AMC12_Combined_Problems_2010-2024-26.pdf  used on inpu
t line 2118.
(pdftex.def)             Requested size: 227.62183pt x 175.97903pt.


[56 <./AMC12_Combined_Problems_2010-2024-26.pdf>]
\openout4 = `AMC12_Combined_Problems_2010-2024-27.asy'.

<AMC12_Combined_Problems_2010-2024-27.pdf, id=1643, 160.6pt x 120.57547pt>
File: AMC12_Combined_Problems_2010-2024-27.pdf Graphic file (type pdf)
<use AMC12_Combined_Problems_2010-2024-27.pdf>
Package pdftex.def Info: AMC12_Combined_Problems_2010-2024-27.pdf  used on inpu
t line 2173.
(pdftex.def)             Requested size: 160.5996pt x 120.57516pt.


[57 <./AMC12_Combined_Problems_2010-2024-27.pdf>]

[58]
\openout4 = `AMC12_Combined_Problems_2010-2024-28.asy'.

<AMC12_Combined_Problems_2010-2024-28.pdf, id=1673, 269.99971pt x 145.56383pt>
File: AMC12_Combined_Problems_2010-2024-28.pdf Graphic file (type pdf)
<use AMC12_Combined_Problems_2010-2024-28.pdf>
Package pdftex.def Info: AMC12_Combined_Problems_2010-2024-28.pdf  used on inpu
t line 2305.
(pdftex.def)             Requested size: 269.99905pt x 145.56346pt.


[59]
\openout4 = `AMC12_Combined_Problems_2010-2024-29.asy'.

<AMC12_Combined_Problems_2010-2024-29.pdf, id=1689, 145.7977pt x 129.88524pt>
File: AMC12_Combined_Problems_2010-2024-29.pdf Graphic file (type pdf)
<use AMC12_Combined_Problems_2010-2024-29.pdf>
Package pdftex.def Info: AMC12_Combined_Problems_2010-2024-29.pdf  used on inpu
t line 2338.
(pdftex.def)             Requested size: 145.79733pt x 129.88492pt.


[60 <./AMC12_Combined_Problems_2010-2024-28.pdf> <./AMC12_Combined_Problems_201
0-2024-29.pdf>]
Overfull \hbox (19.75526pt too wide) in paragraph at lines 2372--2373
[]\OT1/cmr/m/n/10 Consider poly-no-mi-als $\OML/cmm/m/it/10 P\OT1/cmr/m/n/10 (\
OML/cmm/m/it/10 x\OT1/cmr/m/n/10 )$ of de-gree at most $3$, each of whose co-ef
-fi-cients is an el-e-ment of $\OMS/cmsy/m/n/10 f\OT1/cmr/m/n/10 0\OML/cmm/m/it
/10 ; \OT1/cmr/m/n/10 1\OML/cmm/m/it/10 ; \OT1/cmr/m/n/10 2\OML/cmm/m/it/10 ; \
OT1/cmr/m/n/10 3\OML/cmm/m/it/10 ; \OT1/cmr/m/n/10 4\OML/cmm/m/it/10 ; \OT1/cmr
/m/n/10 5\OML/cmm/m/it/10 ; \OT1/cmr/m/n/10 6\OML/cmm/m/it/10 ; \OT1/cmr/m/n/10
 7\OML/cmm/m/it/10 ; \OT1/cmr/m/n/10 8\OML/cmm/m/it/10 ; \OT1/cmr/m/n/10 9\OMS/
cmsy/m/n/10 g$\OT1/cmr/m/n/10 .
 []

\openout4 = `AMC12_Combined_Problems_2010-2024-30.asy'.

<AMC12_Combined_Problems_2010-2024-30.pdf, id=1716, 224.1153pt x 180.31165pt>
File: AMC12_Combined_Problems_2010-2024-30.pdf Graphic file (type pdf)
<use AMC12_Combined_Problems_2010-2024-30.pdf>
Package pdftex.def Info: AMC12_Combined_Problems_2010-2024-30.pdf  used on inpu
t line 2407.
(pdftex.def)             Requested size: 224.11473pt x 180.31119pt.


[61 <./AMC12_Combined_Problems_2010-2024-30.pdf>]
\openout4 = `AMC12_Combined_Problems_2010-2024-31.asy'.

<AMC12_Combined_Problems_2010-2024-31.pdf, id=1744, 301.125pt x 42.38837pt>
File: AMC12_Combined_Problems_2010-2024-31.pdf Graphic file (type pdf)
<use AMC12_Combined_Problems_2010-2024-31.pdf>
Package pdftex.def Info: AMC12_Combined_Problems_2010-2024-31.pdf  used on inpu
t line 2446.
(pdftex.def)             Requested size: 301.12425pt x 42.38824pt.
\openout4 = `AMC12_Combined_Problems_2010-2024-32.asy'.

<AMC12_Combined_Problems_2010-2024-32.pdf, id=1745, 179.73148pt x 179.73148pt>
File: AMC12_Combined_Problems_2010-2024-32.pdf Graphic file (type pdf)
<use AMC12_Combined_Problems_2010-2024-32.pdf>
Package pdftex.def Info: AMC12_Combined_Problems_2010-2024-32.pdf  used on inpu
t line 2474.
(pdftex.def)             Requested size: 179.73102pt x 179.73102pt.


[62 <./AMC12_Combined_Problems_2010-2024-31.pdf>]

[63 <./AMC12_Combined_Problems_2010-2024-32.pdf>]

[64]
Overfull \hbox (4.18251pt too wide) in paragraph at lines 2587--2589
[]\OT1/cmr/m/n/10 For how many in-te-gral val-ues of $\OML/cmm/m/it/10 x$ \OT1/
cmr/m/n/10 can a tri-an-gle of pos-i-tive area be formed hav-ing side lengths $
[][] \OML/cmm/m/it/10 x; [][] x; \OT1/cmr/m/n/10 3$? 
 []

\openout4 = `AMC12_Combined_Problems_2010-2024-33.asy'.

<AMC12_Combined_Problems_2010-2024-33.pdf, id=1787, 177.58946pt x 111.57686pt>
File: AMC12_Combined_Problems_2010-2024-33.pdf Graphic file (type pdf)
<use AMC12_Combined_Problems_2010-2024-33.pdf>
Package pdftex.def Info: AMC12_Combined_Problems_2010-2024-33.pdf  used on inpu
t line 2618.
(pdftex.def)             Requested size: 177.58902pt x 111.57657pt.


[65]
\openout4 = `AMC12_Combined_Problems_2010-2024-34.asy'.

<AMC12_Combined_Problems_2010-2024-34.pdf, id=1802, 182.3101pt x 240.77654pt>
File: AMC12_Combined_Problems_2010-2024-34.pdf Graphic file (type pdf)
<use AMC12_Combined_Problems_2010-2024-34.pdf>
Package pdftex.def Info: AMC12_Combined_Problems_2010-2024-34.pdf  used on inpu
t line 2661.
(pdftex.def)             Requested size: 182.30966pt x 240.77594pt.
LaTeX Font Info:    Calculating math sizes for size <5.99998> on input line 266
9.


[66 <./AMC12_Combined_Problems_2010-2024-33.pdf> <./AMC12_Combined_Problems_201
0-2024-34.pdf>]
\openout4 = `AMC12_Combined_Problems_2010-2024-35.asy'.

<AMC12_Combined_Problems_2010-2024-35.pdf, id=1833, 170.7168pt x 106.01508pt>
File: AMC12_Combined_Problems_2010-2024-35.pdf Graphic file (type pdf)
<use AMC12_Combined_Problems_2010-2024-35.pdf>
Package pdftex.def Info: AMC12_Combined_Problems_2010-2024-35.pdf  used on inpu
t line 2700.
(pdftex.def)             Requested size: 170.71637pt x 106.0148pt.


[67 <./AMC12_Combined_Problems_2010-2024-35.pdf>]
Overfull \hbox (11.61688pt too wide) in paragraph at lines 2733--2734
[]\OT1/cmr/m/n/10 Let $\OML/cmm/m/it/10 ABCD$ \OT1/cmr/m/n/10 be a con-vex quad
ri-lat-eral with $\OML/cmm/m/it/10 BC \OT1/cmr/m/n/10 = 2$ and $\OML/cmm/m/it/1
0 CD \OT1/cmr/m/n/10 = 6\OML/cmm/m/it/10 :$ \OT1/cmr/m/n/10 Sup-pose that the c
en-troids of $\OMS/cmsy/m/n/10 4\OML/cmm/m/it/10 ABC; \OMS/cmsy/m/n/10 4\OML/cm
m/m/it/10 BCD;$
 []



[68]
\openout4 = `AMC12_Combined_Problems_2010-2024-36.asy'.

<AMC12_Combined_Problems_2010-2024-36.pdf, id=1861, 202.7575pt x 52.195pt>
File: AMC12_Combined_Problems_2010-2024-36.pdf Graphic file (type pdf)
<use AMC12_Combined_Problems_2010-2024-36.pdf>
Package pdftex.def Info: AMC12_Combined_Problems_2010-2024-36.pdf  used on inpu
t line 2774.
(pdftex.def)             Requested size: 202.757pt x 52.19487pt.
\openout4 = `AMC12_Combined_Problems_2010-2024-37.asy'.

<AMC12_Combined_Problems_2010-2024-37.pdf, id=1862, 125.97063pt x 100.87688pt>
File: AMC12_Combined_Problems_2010-2024-37.pdf Graphic file (type pdf)
<use AMC12_Combined_Problems_2010-2024-37.pdf>
Package pdftex.def Info: AMC12_Combined_Problems_2010-2024-37.pdf  used on inpu
t line 2812.
(pdftex.def)             Requested size: 125.9703pt x 100.87662pt.


[69 <./AMC12_Combined_Problems_2010-2024-36.pdf> <./AMC12_Combined_Problems_201
0-2024-37.pdf>]
Overfull \hbox (36.31343pt too wide) in paragraph at lines 2846--2847
[]\OT1/cmr/m/n/10 A point is cho-sen at ran-dom within the square in the co-or-
di-nate plane whose ver-tices are $(0\OML/cmm/m/it/10 ; \OT1/cmr/m/n/10 0)\OML/
cmm/m/it/10 ; \OT1/cmr/m/n/10 (2020\OML/cmm/m/it/10 ; \OT1/cmr/m/n/10 0)\OML/cm
m/m/it/10 ; \OT1/cmr/m/n/10 (2020\OML/cmm/m/it/10 ; \OT1/cmr/m/n/10 2020)\OML/c
mm/m/it/10 ;$
 []



[70]

[71]
Overfull \hbox (55.70288pt too wide) in paragraph at lines 2908--2908
[]$[][] [][] [][] [][] [][]$ 
 []

\openout4 = `AMC12_Combined_Problems_2010-2024-38.asy'.

<AMC12_Combined_Problems_2010-2024-38.pdf, id=1904, 227.62239pt x 227.62239pt>
File: AMC12_Combined_Problems_2010-2024-38.pdf Graphic file (type pdf)
<use AMC12_Combined_Problems_2010-2024-38.pdf>
Package pdftex.def Info: AMC12_Combined_Problems_2010-2024-38.pdf  used on inpu
t line 2925.
(pdftex.def)             Requested size: 227.62183pt x 227.62183pt.


[72]
\openout4 = `AMC12_Combined_Problems_2010-2024-39.asy'.

<AMC12_Combined_Problems_2010-2024-39.pdf, id=1918, 140.525pt x 121.77094pt>
File: AMC12_Combined_Problems_2010-2024-39.pdf Graphic file (type pdf)
<use AMC12_Combined_Problems_2010-2024-39.pdf>
Package pdftex.def Info: AMC12_Combined_Problems_2010-2024-39.pdf  used on inpu
t line 2954.
(pdftex.def)             Requested size: 140.52464pt x 121.77063pt.

Overfull \hbox (343.0438pt too wide) in paragraph at lines 2964--2965
[]$[][] [][] [][]\OML/cmm/m/it/10 n[]$ $[][]n[] [][]n >
 []



[73 <./AMC12_Combined_Problems_2010-2024-38.pdf> <./AMC12_Combined_Problems_201
0-2024-39.pdf>]
\openout4 = `AMC12_Combined_Problems_2010-2024-40.asy'.

<AMC12_Combined_Problems_2010-2024-40.pdf, id=1945, 227.62239pt x 224.1213pt>
File: AMC12_Combined_Problems_2010-2024-40.pdf Graphic file (type pdf)
<use AMC12_Combined_Problems_2010-2024-40.pdf>
Package pdftex.def Info: AMC12_Combined_Problems_2010-2024-40.pdf  used on inpu
t line 3008.
(pdftex.def)             Requested size: 227.62183pt x 224.12076pt.


[74 <./AMC12_Combined_Problems_2010-2024-40.pdf>]

[75]

[76]
\openout4 = `AMC12_Combined_Problems_2010-2024-41.asy'.

<AMC12_Combined_Problems_2010-2024-41.pdf, id=1986, 351.3125pt x 195.02461pt>
File: AMC12_Combined_Problems_2010-2024-41.pdf Graphic file (type pdf)
<use AMC12_Combined_Problems_2010-2024-41.pdf>
Package pdftex.def Info: AMC12_Combined_Problems_2010-2024-41.pdf  used on inpu
t line 3150.
(pdftex.def)             Requested size: 351.31163pt x 195.02412pt.


[77 <./AMC12_Combined_Problems_2010-2024-41.pdf>]

[78]

[79]
\openout4 = `AMC12_Combined_Problems_2010-2024-42.asy'.

<AMC12_Combined_Problems_2010-2024-42.pdf, id=2035, 209.4264pt x 227.62239pt>
File: AMC12_Combined_Problems_2010-2024-42.pdf Graphic file (type pdf)
<use AMC12_Combined_Problems_2010-2024-42.pdf>
Package pdftex.def Info: AMC12_Combined_Problems_2010-2024-42.pdf  used on inpu
t line 3249.
(pdftex.def)             Requested size: 209.42589pt x 227.62183pt.
\openout4 = `AMC12_Combined_Problems_2010-2024-43.asy'.

<AMC12_Combined_Problems_2010-2024-43.pdf, id=2036, 229.31372pt x 101.53935pt>
File: AMC12_Combined_Problems_2010-2024-43.pdf Graphic file (type pdf)
<use AMC12_Combined_Problems_2010-2024-43.pdf>
Package pdftex.def Info: AMC12_Combined_Problems_2010-2024-43.pdf  used on inpu
t line 3276.
(pdftex.def)             Requested size: 229.31316pt x 101.5391pt.


[80 <./AMC12_Combined_Problems_2010-2024-42.pdf> <./AMC12_Combined_Problems_201
0-2024-43.pdf>]
\openout4 = `AMC12_Combined_Problems_2010-2024-44.asy'.

<AMC12_Combined_Problems_2010-2024-44.pdf, id=2067, 416.93668pt x 39.5628pt>
File: AMC12_Combined_Problems_2010-2024-44.pdf Graphic file (type pdf)
<use AMC12_Combined_Problems_2010-2024-44.pdf>
Package pdftex.def Info: AMC12_Combined_Problems_2010-2024-44.pdf  used on inpu
t line 3303.
(pdftex.def)             Requested size: 416.93565pt x 39.5627pt.
\openout4 = `AMC12_Combined_Problems_2010-2024-45.asy'.

<AMC12_Combined_Problems_2010-2024-45.pdf, id=2068, 351.3125pt x 170.06134pt>
File: AMC12_Combined_Problems_2010-2024-45.pdf Graphic file (type pdf)
<use AMC12_Combined_Problems_2010-2024-45.pdf>
Package pdftex.def Info: AMC12_Combined_Problems_2010-2024-45.pdf  used on inpu
t line 3332.
(pdftex.def)             Requested size: 351.31163pt x 170.06091pt.


[81 <./AMC12_Combined_Problems_2010-2024-44.pdf>]

[82 <./AMC12_Combined_Problems_2010-2024-45.pdf>]
\openout4 = `AMC12_Combined_Problems_2010-2024-46.asy'.

<AMC12_Combined_Problems_2010-2024-46.pdf, id=2103, 170.7168pt x 151.11256pt>
File: AMC12_Combined_Problems_2010-2024-46.pdf Graphic file (type pdf)
<use AMC12_Combined_Problems_2010-2024-46.pdf>
Package pdftex.def Info: AMC12_Combined_Problems_2010-2024-46.pdf  used on inpu
t line 3378.
(pdftex.def)             Requested size: 170.71637pt x 151.11218pt.

Overfull \hbox (2.63278pt too wide) in paragraph at lines 3386--3387
[]\OT1/cmr/m/n/10 A right rect-an-gu-lar prism whose sur-face area and vol-ume 
are nu-mer-i-cally equal has edge lengths $[][] \OML/cmm/m/it/10 x; [][] x;$
 []



[83 <./AMC12_Combined_Problems_2010-2024-46.pdf>]
Overfull \hbox (26.83333pt too wide) in paragraph at lines 3392--3393
[]\OT1/cmr/m/n/10 What is the num-ber of terms with ra-tio-nal co-ef-fi-cients 
among the $1001$ terms in the ex-pan-sion of $[][]?$ 
 []

\openout4 = `AMC12_Combined_Problems_2010-2024-47.asy'.

<AMC12_Combined_Problems_2010-2024-47.pdf, id=2134, 284.52798pt x 269.5701pt>
File: AMC12_Combined_Problems_2010-2024-47.pdf Graphic file (type pdf)
<use AMC12_Combined_Problems_2010-2024-47.pdf>
Package pdftex.def Info: AMC12_Combined_Problems_2010-2024-47.pdf  used on inpu
t line 3418.
(pdftex.def)             Requested size: 284.52728pt x 269.56943pt.


[84 <./AMC12_Combined_Problems_2010-2024-47.pdf>]
\openout4 = `AMC12_Combined_Problems_2010-2024-48.asy'.

<AMC12_Combined_Problems_2010-2024-48.pdf, id=2154, 284.52798pt x 281.57797pt>
File: AMC12_Combined_Problems_2010-2024-48.pdf Graphic file (type pdf)
<use AMC12_Combined_Problems_2010-2024-48.pdf>
Package pdftex.def Info: AMC12_Combined_Problems_2010-2024-48.pdf  used on inpu
t line 3480.
(pdftex.def)             Requested size: 284.52728pt x 281.57727pt.


[85 <./AMC12_Combined_Problems_2010-2024-48.pdf>]

[86]
\openout4 = `AMC12_Combined_Problems_2010-2024-49.asy'.

<AMC12_Combined_Problems_2010-2024-49.pdf, id=2190, 200.75pt x 173.40083pt>
File: AMC12_Combined_Problems_2010-2024-49.pdf Graphic file (type pdf)
<use AMC12_Combined_Problems_2010-2024-49.pdf>
Package pdftex.def Info: AMC12_Combined_Problems_2010-2024-49.pdf  used on inpu
t line 3529.
(pdftex.def)             Requested size: 200.7495pt x 173.40039pt.


[87 <./AMC12_Combined_Problems_2010-2024-49.pdf>]
\openout4 = `AMC12_Combined_Problems_2010-2024-50.asy'.

<AMC12_Combined_Problems_2010-2024-50.pdf, id=2212, 150.5625pt x 150.5625pt>
File: AMC12_Combined_Problems_2010-2024-50.pdf Graphic file (type pdf)
<use AMC12_Combined_Problems_2010-2024-50.pdf>
Package pdftex.def Info: AMC12_Combined_Problems_2010-2024-50.pdf  used on inpu
t line 3615.
(pdftex.def)             Requested size: 150.56212pt x 150.56212pt.


[88 <./AMC12_Combined_Problems_2010-2024-50.pdf>]

[89]

[90]
\openout4 = `AMC12_Combined_Problems_2010-2024-51.asy'.

<AMC12_Combined_Problems_2010-2024-51.pdf, id=2244, 150.5625pt x 150.5625pt>
File: AMC12_Combined_Problems_2010-2024-51.pdf Graphic file (type pdf)
<use AMC12_Combined_Problems_2010-2024-51.pdf>
Package pdftex.def Info: AMC12_Combined_Problems_2010-2024-51.pdf  used on inpu
t line 3694.
(pdftex.def)             Requested size: 150.56212pt x 150.56212pt.
\openout4 = `AMC12_Combined_Problems_2010-2024-52.asy'.

<AMC12_Combined_Problems_2010-2024-52.pdf, id=2245, 156.49466pt x 52.49612pt>
File: AMC12_Combined_Problems_2010-2024-52.pdf Graphic file (type pdf)
<use AMC12_Combined_Problems_2010-2024-52.pdf>
Package pdftex.def Info: AMC12_Combined_Problems_2010-2024-52.pdf  used on inpu
t line 3718.
(pdftex.def)             Requested size: 156.49426pt x 52.49599pt.


[91 <./AMC12_Combined_Problems_2010-2024-51.pdf> <./AMC12_Combined_Problems_201
0-2024-52.pdf>]

[92]
\openout4 = `AMC12_Combined_Problems_2010-2024-53.asy'.

<AMC12_Combined_Problems_2010-2024-53.pdf, id=2276, 312.9803pt x 25.17104pt>
File: AMC12_Combined_Problems_2010-2024-53.pdf Graphic file (type pdf)
<use AMC12_Combined_Problems_2010-2024-53.pdf>
Package pdftex.def Info: AMC12_Combined_Problems_2010-2024-53.pdf  used on inpu
t line 3816.
(pdftex.def)             Requested size: 312.97952pt x 25.17096pt.


[93 <./AMC12_Combined_Problems_2010-2024-53.pdf>]
\openout4 = `AMC12_Combined_Problems_2010-2024-54.asy'.

<AMC12_Combined_Problems_2010-2024-54.pdf, id=2297, 180.675pt x 111.21751pt>
File: AMC12_Combined_Problems_2010-2024-54.pdf Graphic file (type pdf)
<use AMC12_Combined_Problems_2010-2024-54.pdf>
Package pdftex.def Info: AMC12_Combined_Problems_2010-2024-54.pdf  used on inpu
t line 3873.
(pdftex.def)             Requested size: 180.67455pt x 111.21722pt.

Overfull \hbox (10.74466pt too wide) in paragraph at lines 3903--3904
[]$[] [] [] [] [] [] $ 
 []



[94 <./AMC12_Combined_Problems_2010-2024-54.pdf>]
\openout4 = `AMC12_Combined_Problems_2010-2024-55.asy'.

<AMC12_Combined_Problems_2010-2024-55.pdf, id=2318, 142.26349pt x 127.78139pt>
File: AMC12_Combined_Problems_2010-2024-55.pdf Graphic file (type pdf)
<use AMC12_Combined_Problems_2010-2024-55.pdf>
Package pdftex.def Info: AMC12_Combined_Problems_2010-2024-55.pdf  used on inpu
t line 3940.
(pdftex.def)             Requested size: 142.26312pt x 127.78107pt.


[95 <./AMC12_Combined_Problems_2010-2024-55.pdf>]
\openout4 = `AMC12_Combined_Problems_2010-2024-56.asy'.

<AMC12_Combined_Problems_2010-2024-56.pdf, id=2340, 239.50479pt x 108.34879pt>
File: AMC12_Combined_Problems_2010-2024-56.pdf Graphic file (type pdf)
<use AMC12_Combined_Problems_2010-2024-56.pdf>
Package pdftex.def Info: AMC12_Combined_Problems_2010-2024-56.pdf  used on inpu
t line 4019.
(pdftex.def)             Requested size: 239.5042pt x 108.34851pt.
\openout4 = `AMC12_Combined_Problems_2010-2024-57.asy'.

<AMC12_Combined_Problems_2010-2024-57.pdf, id=2341, 239.50479pt x 108.34879pt>
File: AMC12_Combined_Problems_2010-2024-57.pdf Graphic file (type pdf)
<use AMC12_Combined_Problems_2010-2024-57.pdf>
Package pdftex.def Info: AMC12_Combined_Problems_2010-2024-57.pdf  used on inpu
t line 4057.
(pdftex.def)             Requested size: 239.5042pt x 108.34851pt.


[96 <./AMC12_Combined_Problems_2010-2024-56.pdf> <./AMC12_Combined_Problems_201
0-2024-57.pdf>]
\openout4 = `AMC12_Combined_Problems_2010-2024-58.asy'.

<AMC12_Combined_Problems_2010-2024-58.pdf, id=2367, 173.98pt x 172.22343pt>
File: AMC12_Combined_Problems_2010-2024-58.pdf Graphic file (type pdf)
<use AMC12_Combined_Problems_2010-2024-58.pdf>
Package pdftex.def Info: AMC12_Combined_Problems_2010-2024-58.pdf  used on inpu
t line 4101.
(pdftex.def)             Requested size: 173.97955pt x 172.223pt.
\openout4 = `AMC12_Combined_Problems_2010-2024-59.asy'.

<AMC12_Combined_Problems_2010-2024-59.pdf, id=2368, 212.34332pt x 212.34332pt>
File: AMC12_Combined_Problems_2010-2024-59.pdf Graphic file (type pdf)
<use AMC12_Combined_Problems_2010-2024-59.pdf>
Package pdftex.def Info: AMC12_Combined_Problems_2010-2024-59.pdf  used on inpu
t line 4121.
(pdftex.def)             Requested size: 212.34279pt x 212.34279pt.


[97 <./AMC12_Combined_Problems_2010-2024-58.pdf> <./AMC12_Combined_Problems_201
0-2024-59.pdf>]
\openout4 = `AMC12_Combined_Problems_2010-2024-60.asy'.

<AMC12_Combined_Problems_2010-2024-60.pdf, id=2381, 200.75pt x 200.75pt>
File: AMC12_Combined_Problems_2010-2024-60.pdf Graphic file (type pdf)
<use AMC12_Combined_Problems_2010-2024-60.pdf>
Package pdftex.def Info: AMC12_Combined_Problems_2010-2024-60.pdf  used on inpu
t line 4168.
(pdftex.def)             Requested size: 200.7495pt x 200.7495pt.


[98 <./AMC12_Combined_Problems_2010-2024-60.pdf>]
\openout4 = `AMC12_Combined_Problems_2010-2024-61.asy'.

<AMC12_Combined_Problems_2010-2024-61.pdf, id=2397, 227.62239pt x 97.55347pt>
File: AMC12_Combined_Problems_2010-2024-61.pdf Graphic file (type pdf)
<use AMC12_Combined_Problems_2010-2024-61.pdf>
Package pdftex.def Info: AMC12_Combined_Problems_2010-2024-61.pdf  used on inpu
t line 4223.
(pdftex.def)             Requested size: 227.62183pt x 97.55322pt.
\openout4 = `AMC12_Combined_Problems_2010-2024-62.asy'.

<AMC12_Combined_Problems_2010-2024-62.pdf, id=2398, 284.52798pt x 195.67905pt>
File: AMC12_Combined_Problems_2010-2024-62.pdf Graphic file (type pdf)
<use AMC12_Combined_Problems_2010-2024-62.pdf>
Package pdftex.def Info: AMC12_Combined_Problems_2010-2024-62.pdf  used on inpu
t line 4258.
(pdftex.def)             Requested size: 284.52728pt x 195.67856pt.


[99 <./AMC12_Combined_Problems_2010-2024-61.pdf>]
\openout4 = `AMC12_Combined_Problems_2010-2024-63.asy'.

<AMC12_Combined_Problems_2010-2024-63.pdf, id=2420, 128.03734pt x 90.17589pt>
File: AMC12_Combined_Problems_2010-2024-63.pdf Graphic file (type pdf)
<use AMC12_Combined_Problems_2010-2024-63.pdf>
Package pdftex.def Info: AMC12_Combined_Problems_2010-2024-63.pdf  used on inpu
t line 4294.
(pdftex.def)             Requested size: 128.037pt x 90.17564pt.


[100 <./AMC12_Combined_Problems_2010-2024-62.pdf> <./AMC12_Combined_Problems_20
10-2024-63.pdf>]

[101]

[102]

[103]

[104]

[105]
\openout4 = `AMC12_Combined_Problems_2010-2024-64.asy'.

<AMC12_Combined_Problems_2010-2024-64.pdf, id=2514, 128.8243pt x 150.5625pt>
File: AMC12_Combined_Problems_2010-2024-64.pdf Graphic file (type pdf)
<use AMC12_Combined_Problems_2010-2024-64.pdf>
Package pdftex.def Info: AMC12_Combined_Problems_2010-2024-64.pdf  used on inpu
t line 4553.
(pdftex.def)             Requested size: 128.82397pt x 150.56212pt.


[106 <./AMC12_Combined_Problems_2010-2024-64.pdf>]
\openout4 = `AMC12_Combined_Problems_2010-2024-65.asy'.

<AMC12_Combined_Problems_2010-2024-65.pdf, id=2534, 170.7168pt x 64.33235pt>
File: AMC12_Combined_Problems_2010-2024-65.pdf Graphic file (type pdf)
<use AMC12_Combined_Problems_2010-2024-65.pdf>
Package pdftex.def Info: AMC12_Combined_Problems_2010-2024-65.pdf  used on inpu
t line 4597.
(pdftex.def)             Requested size: 170.71637pt x 64.33218pt.


[107 <./AMC12_Combined_Problems_2010-2024-65.pdf>]
\openout4 = `AMC12_Combined_Problems_2010-2024-66.asy'.

<AMC12_Combined_Problems_2010-2024-66.pdf, id=2552, 227.62239pt x 116.53537pt>
File: AMC12_Combined_Problems_2010-2024-66.pdf Graphic file (type pdf)
<use AMC12_Combined_Problems_2010-2024-66.pdf>
Package pdftex.def Info: AMC12_Combined_Problems_2010-2024-66.pdf  used on inpu
t line 4677.
(pdftex.def)             Requested size: 227.62183pt x 116.53506pt.


[108 <./AMC12_Combined_Problems_2010-2024-66.pdf>]
\openout4 = `AMC12_Combined_Problems_2010-2024-67.asy'.

<AMC12_Combined_Problems_2010-2024-67.pdf, id=2574, 185.35248pt x 200.75pt>
File: AMC12_Combined_Problems_2010-2024-67.pdf Graphic file (type pdf)
<use AMC12_Combined_Problems_2010-2024-67.pdf>
Package pdftex.def Info: AMC12_Combined_Problems_2010-2024-67.pdf  used on inpu
t line 4769.
(pdftex.def)             Requested size: 185.352pt x 200.7495pt.


[109]

[110 <./AMC12_Combined_Problems_2010-2024-67.pdf>]
(AMC12_Combined_Problems_2010-2024.aux)
 ***********
LaTeX2e <2024-11-01> patch level 1
L3 programming layer <2024-12-25>
 ***********
Package rerunfilecheck Info: File `AMC12_Combined_Problems_2010-2024.out' has n
ot changed.
(rerunfilecheck)             Checksum: CE45C7C2ACDD3BDCC662EAC7250D17B8;5159.
 ) 
Here is how much of TeX's memory you used:
 27078 strings out of 473536
 520944 string characters out of 5712052
 902437 words of memory out of 5000000
 48891 multiletter control sequences out of 15000+600000
 577332 words of font info for 107 fonts, out of 8000000 for 9000
 1141 hyphenation exceptions out of 8191
 102i,15n,107p,1180b,669s stack positions out of 10000i,1000n,20000p,200000b,200000s
 <C:\Users\DefaultUser\AppData\Local\MiKTeX\fonts/pk/ljfour/jknappen/ec/dpi60
0\tcrm1000.pk><C:/Users/DefaultUser/AppData/Local/Programs/MiKTeX/fonts/type1/p
ublic/amsfonts/cm/cmbx10.pfb><C:/Users/DefaultUser/AppData/Local/Programs/MiKTe
X/fonts/type1/public/amsfonts/cm/cmbx12.pfb><C:/Users/DefaultUser/AppData/Local
/Programs/MiKTeX/fonts/type1/public/amsfonts/cm/cmex10.pfb><C:/Users/DefaultUse
r/AppData/Local/Programs/MiKTeX/fonts/type1/public/amsfonts/cm/cmmi10.pfb><C:/U
sers/DefaultUser/AppData/Local/Programs/MiKTeX/fonts/type1/public/amsfonts/cm/c
mmi12.pfb><C:/Users/DefaultUser/AppData/Local/Programs/MiKTeX/fonts/type1/publi
c/amsfonts/cm/cmmi5.pfb><C:/Users/DefaultUser/AppData/Local/Programs/MiKTeX/fon
ts/type1/public/amsfonts/cm/cmmi7.pfb><C:/Users/DefaultUser/AppData/Local/Progr
ams/MiKTeX/fonts/type1/public/amsfonts/cm/cmmi8.pfb><C:/Users/DefaultUser/AppDa
ta/Local/Programs/MiKTeX/fonts/type1/public/amsfonts/cm/cmr10.pfb><C:/Users/Def
aultUser/AppData/Local/Programs/MiKTeX/fonts/type1/public/amsfonts/cm/cmr12.pfb
><C:/Users/DefaultUser/AppData/Local/Programs/MiKTeX/fonts/type1/public/amsfont
s/cm/cmr17.pfb><C:/Users/DefaultUser/AppData/Local/Programs/MiKTeX/fonts/type1/
public/amsfonts/cm/cmr5.pfb><C:/Users/DefaultUser/AppData/Local/Programs/MiKTeX
/fonts/type1/public/amsfonts/cm/cmr7.pfb><C:/Users/DefaultUser/AppData/Local/Pr
ograms/MiKTeX/fonts/type1/public/amsfonts/cm/cmr8.pfb><C:/Users/DefaultUser/App
Data/Local/Programs/MiKTeX/fonts/type1/public/amsfonts/cm/cmr9.pfb><C:/Users/De
faultUser/AppData/Local/Programs/MiKTeX/fonts/type1/public/amsfonts/cm/cmsy10.p
fb><C:/Users/DefaultUser/AppData/Local/Programs/MiKTeX/fonts/type1/public/amsfo
nts/cm/cmsy5.pfb><C:/Users/DefaultUser/AppData/Local/Programs/MiKTeX/fonts/type
1/public/amsfonts/cm/cmsy6.pfb><C:/Users/DefaultUser/AppData/Local/Programs/MiK
TeX/fonts/type1/public/amsfonts/cm/cmsy7.pfb><C:/Users/DefaultUser/AppData/Loca
l/Programs/MiKTeX/fonts/type1/public/amsfonts/cm/cmsy8.pfb><C:/Users/DefaultUse
r/AppData/Local/Programs/MiKTeX/fonts/type1/public/amsfonts/cm/cmti10.pfb><C:/U
sers/DefaultUser/AppData/Local/Programs/MiKTeX/fonts/type1/public/amsfonts/symb
ols/msam10.pfb><C:/Users/DefaultUser/AppData/Local/Programs/MiKTeX/fonts/type1/
public/amsfonts/symbols/msbm10.pfb><C:/Users/DefaultUser/AppData/Local/Programs
/MiKTeX/fonts/type1/urw/times/utmr8a.pfb><C:/Users/DefaultUser/AppData/Local/Pr
ograms/MiKTeX/fonts/type1/urw/times/utmri8a.pfb>
Output written on AMC12_Combined_Problems_2010-2024.pdf (110 pages, 1360663 byt
es).
PDF statistics:
 2882 PDF objects out of 2984 (max. 8388607)
 943 named destinations out of 1000 (max. 500000)
 604 words of extra memory for PDF output out of 10000 (max. 10000000)

