This is pdfTeX, Version 3.141592653-2.6-1.40.26 (MiKTeX 24.4) (preloaded format=pdflatex.fmt)
 \write18 enabled.
entering extended mode
(2017_AMC_12A_Problems.tex
LaTeX2e <2024-11-01> patch level 1
L3 programming layer <2024-12-25>
(C:\Users\DefaultUser\AppData\Local\Programs\MiKTeX\tex/latex/base\article.cls
Document Class: article 2024/06/29 v1.4n Standard LaTeX document class
(C:\Users\DefaultUser\AppData\Local\Programs\MiKTeX\tex/latex/base\size10.clo))

(C:\Users\DefaultUser\AppData\Local\Programs\MiKTeX\tex/latex/amsmath\amsmath.s
ty
For additional information on amsmath, use the `?' option.

(C:\Users\DefaultUser\AppData\Local\Programs\MiKTeX\tex/latex/amsmath\amstext.s
ty
(C:\Users\DefaultUser\AppData\Local\Programs\MiKTeX\tex/latex/amsmath\amsgen.st
y))
(C:\Users\DefaultUser\AppData\Local\Programs\MiKTeX\tex/latex/amsmath\amsbsy.st
y)
(C:\Users\DefaultUser\AppData\Local\Programs\MiKTeX\tex/latex/amsmath\amsopn.st
y))
(C:\Users\DefaultUser\AppData\Local\Programs\MiKTeX\tex/latex/amsfonts\amssymb.
sty
(C:\Users\DefaultUser\AppData\Local\Programs\MiKTeX\tex/latex/amsfonts\amsfonts
.sty))
(C:\Users\DefaultUser\AppData\Local\Programs\MiKTeX\tex/latex/geometry\geometry
.sty
(C:\Users\DefaultUser\AppData\Local\Programs\MiKTeX\tex/latex/graphics\keyval.s
ty)
(C:\Users\DefaultUser\AppData\Local\Programs\MiKTeX\tex/generic/iftex\ifvtex.st
y
(C:\Users\DefaultUser\AppData\Local\Programs\MiKTeX\tex/generic/iftex\iftex.sty
))
(C:\Users\DefaultUser\AppData\Local\Programs\MiKTeX\tex/latex/geometry\geometry
.cfg))
(C:\Users\DefaultUser\AppData\Local\Programs\MiKTeX\tex/latex/enumitem\enumitem
.sty)
(C:\Users\DefaultUser\AppData\Local\Programs\MiKTeX\tex/latex/hyperref\hyperref
.sty
(C:\Users\DefaultUser\AppData\Local\Programs\MiKTeX\tex/latex/kvsetkeys\kvsetke
ys.sty)
(C:\Users\DefaultUser\AppData\Local\Programs\MiKTeX\tex/generic/kvdefinekeys\kv
definekeys.sty)
(C:\Users\DefaultUser\AppData\Local\Programs\MiKTeX\tex/generic/pdfescape\pdfes
cape.sty
(C:\Users\DefaultUser\AppData\Local\Programs\MiKTeX\tex/generic/ltxcmds\ltxcmds
.sty)
(C:\Users\DefaultUser\AppData\Local\Programs\MiKTeX\tex/generic/pdftexcmds\pdft
excmds.sty
(C:\Users\DefaultUser\AppData\Local\Programs\MiKTeX\tex/generic/infwarerr\infwa
rerr.sty)))
(C:\Users\DefaultUser\AppData\Local\Programs\MiKTeX\tex/latex/hycolor\hycolor.s
ty)
(C:\Users\DefaultUser\AppData\Local\Programs\MiKTeX\tex/latex/hyperref\nameref.
sty
(C:\Users\DefaultUser\AppData\Local\Programs\MiKTeX\tex/latex/refcount\refcount
.sty)
(C:\Users\DefaultUser\AppData\Local\Programs\MiKTeX\tex/generic/gettitlestring\
gettitlestring.sty
(C:\Users\DefaultUser\AppData\Local\Programs\MiKTeX\tex/latex/kvoptions\kvoptio
ns.sty)))
(C:\Users\DefaultUser\AppData\Local\Programs\MiKTeX\tex/latex/etoolbox\etoolbox
.sty)
(C:\Users\DefaultUser\AppData\Local\Programs\MiKTeX\tex/generic/stringenc\strin
genc.sty)
(C:\Users\DefaultUser\AppData\Local\Programs\MiKTeX\tex/latex/hyperref\pd1enc.d
ef)
(C:\Users\DefaultUser\AppData\Local\Programs\MiKTeX\tex/generic/intcalc\intcalc
.sty)
(C:\Users\DefaultUser\AppData\Local\Programs\MiKTeX\tex/latex/hyperref\puenc.de
f) (C:\Users\DefaultUser\AppData\Local\Programs\MiKTeX\tex/latex/url\url.sty)
(C:\Users\DefaultUser\AppData\Local\Programs\MiKTeX\tex/generic/bitset\bitset.s
ty
(C:\Users\DefaultUser\AppData\Local\Programs\MiKTeX\tex/generic/bigintcalc\bigi
ntcalc.sty))
(C:\Users\DefaultUser\AppData\Local\Programs\MiKTeX\tex/latex/base\atbegshi-ltx
.sty))
(C:\Users\DefaultUser\AppData\Local\Programs\MiKTeX\tex/latex/hyperref\hpdftex.
def
(C:\Users\DefaultUser\AppData\Local\Programs\MiKTeX\tex/latex/base\atveryend-lt
x.sty)
(C:\Users\DefaultUser\AppData\Local\Programs\MiKTeX\tex/latex/rerunfilecheck\re
runfilecheck.sty
(C:\Users\DefaultUser\AppData\Local\Programs\MiKTeX\tex/generic/uniquecounter\u
niquecounter.sty)))
(C:\Users\DefaultUser\AppData\Local\Programs\MiKTeX\tex/latex/fancyhdr\fancyhdr
.sty)
(C:\Users\DefaultUser\AppData\Local\Programs\MiKTeX\tex/latex/pgf/frontendlayer
\tikz.sty
(C:\Users\DefaultUser\AppData\Local\Programs\MiKTeX\tex/latex/pgf/basiclayer\pg
f.sty
(C:\Users\DefaultUser\AppData\Local\Programs\MiKTeX\tex/latex/pgf/utilities\pgf
rcs.sty
(C:\Users\DefaultUser\AppData\Local\Programs\MiKTeX\tex/generic/pgf/utilities\p
gfutil-common.tex)
(C:\Users\DefaultUser\AppData\Local\Programs\MiKTeX\tex/generic/pgf/utilities\p
gfutil-latex.def)
(C:\Users\DefaultUser\AppData\Local\Programs\MiKTeX\tex/generic/pgf/utilities\p
gfrcs.code.tex
(C:\Users\DefaultUser\AppData\Local\Programs\MiKTeX\tex/generic/pgf\pgf.revisio
n.tex)))
(C:\Users\DefaultUser\AppData\Local\Programs\MiKTeX\tex/latex/pgf/basiclayer\pg
fcore.sty
(C:\Users\DefaultUser\AppData\Local\Programs\MiKTeX\tex/latex/graphics\graphicx
.sty
(C:\Users\DefaultUser\AppData\Local\Programs\MiKTeX\tex/latex/graphics\graphics
.sty
(C:\Users\DefaultUser\AppData\Local\Programs\MiKTeX\tex/latex/graphics\trig.sty
)
(C:\Users\DefaultUser\AppData\Local\Programs\MiKTeX\tex/latex/graphics-cfg\grap
hics.cfg)
(C:\Users\DefaultUser\AppData\Local\Programs\MiKTeX\tex/latex/graphics-def\pdft
ex.def)))
(C:\Users\DefaultUser\AppData\Local\Programs\MiKTeX\tex/latex/pgf/systemlayer\p
gfsys.sty
(C:\Users\DefaultUser\AppData\Local\Programs\MiKTeX\tex/generic/pgf/systemlayer
\pgfsys.code.tex
(C:\Users\DefaultUser\AppData\Local\Programs\MiKTeX\tex/generic/pgf/utilities\p
gfkeys.code.tex
(C:\Users\DefaultUser\AppData\Local\Programs\MiKTeX\tex/generic/pgf/utilities\p
gfkeyslibraryfiltered.code.tex))
(C:\Users\DefaultUser\AppData\Local\Programs\MiKTeX\tex/generic/pgf/systemlayer
\pgf.cfg)
(C:\Users\DefaultUser\AppData\Local\Programs\MiKTeX\tex/generic/pgf/systemlayer
\pgfsys-pdftex.def
(C:\Users\DefaultUser\AppData\Local\Programs\MiKTeX\tex/generic/pgf/systemlayer
\pgfsys-common-pdf.def)))
(C:\Users\DefaultUser\AppData\Local\Programs\MiKTeX\tex/generic/pgf/systemlayer
\pgfsyssoftpath.code.tex)
(C:\Users\DefaultUser\AppData\Local\Programs\MiKTeX\tex/generic/pgf/systemlayer
\pgfsysprotocol.code.tex))
(C:\Users\DefaultUser\AppData\Local\Programs\MiKTeX\tex/latex/xcolor\xcolor.sty

(C:\Users\DefaultUser\AppData\Local\Programs\MiKTeX\tex/latex/graphics-cfg\colo
r.cfg)
(C:\Users\DefaultUser\AppData\Local\Programs\MiKTeX\tex/latex/graphics\mathcolo
r.ltx))
(C:\Users\DefaultUser\AppData\Local\Programs\MiKTeX\tex/generic/pgf/basiclayer\
pgfcore.code.tex
(C:\Users\DefaultUser\AppData\Local\Programs\MiKTeX\tex/generic/pgf/math\pgfmat
h.code.tex
(C:\Users\DefaultUser\AppData\Local\Programs\MiKTeX\tex/generic/pgf/math\pgfmat
hutil.code.tex)
(C:\Users\DefaultUser\AppData\Local\Programs\MiKTeX\tex/generic/pgf/math\pgfmat
hparser.code.tex)
(C:\Users\DefaultUser\AppData\Local\Programs\MiKTeX\tex/generic/pgf/math\pgfmat
hfunctions.code.tex)
(C:\Users\DefaultUser\AppData\Local\Programs\MiKTeX\tex/generic/pgf/math\pgfmat
hfunctions.basic.code.tex)
(C:\Users\DefaultUser\AppData\Local\Programs\MiKTeX\tex/generic/pgf/math\pgfmat
hfunctions.trigonometric.code.tex)
(C:\Users\DefaultUser\AppData\Local\Programs\MiKTeX\tex/generic/pgf/math\pgfmat
hfunctions.random.code.tex)
(C:\Users\DefaultUser\AppData\Local\Programs\MiKTeX\tex/generic/pgf/math\pgfmat
hfunctions.comparison.code.tex)
(C:\Users\DefaultUser\AppData\Local\Programs\MiKTeX\tex/generic/pgf/math\pgfmat
hfunctions.base.code.tex)
(C:\Users\DefaultUser\AppData\Local\Programs\MiKTeX\tex/generic/pgf/math\pgfmat
hfunctions.round.code.tex)
(C:\Users\DefaultUser\AppData\Local\Programs\MiKTeX\tex/generic/pgf/math\pgfmat
hfunctions.misc.code.tex)
(C:\Users\DefaultUser\AppData\Local\Programs\MiKTeX\tex/generic/pgf/math\pgfmat
hfunctions.integerarithmetics.code.tex)
(C:\Users\DefaultUser\AppData\Local\Programs\MiKTeX\tex/generic/pgf/math\pgfmat
hcalc.code.tex)
(C:\Users\DefaultUser\AppData\Local\Programs\MiKTeX\tex/generic/pgf/math\pgfmat
hfloat.code.tex))
(C:\Users\DefaultUser\AppData\Local\Programs\MiKTeX\tex/generic/pgf/math\pgfint
.code.tex)
(C:\Users\DefaultUser\AppData\Local\Programs\MiKTeX\tex/generic/pgf/basiclayer\
pgfcorepoints.code.tex)
(C:\Users\DefaultUser\AppData\Local\Programs\MiKTeX\tex/generic/pgf/basiclayer\
pgfcorepathconstruct.code.tex)
(C:\Users\DefaultUser\AppData\Local\Programs\MiKTeX\tex/generic/pgf/basiclayer\
pgfcorepathusage.code.tex)
(C:\Users\DefaultUser\AppData\Local\Programs\MiKTeX\tex/generic/pgf/basiclayer\
pgfcorescopes.code.tex)
(C:\Users\DefaultUser\AppData\Local\Programs\MiKTeX\tex/generic/pgf/basiclayer\
pgfcoregraphicstate.code.tex)
(C:\Users\DefaultUser\AppData\Local\Programs\MiKTeX\tex/generic/pgf/basiclayer\
pgfcoretransformations.code.tex)
(C:\Users\DefaultUser\AppData\Local\Programs\MiKTeX\tex/generic/pgf/basiclayer\
pgfcorequick.code.tex)
(C:\Users\DefaultUser\AppData\Local\Programs\MiKTeX\tex/generic/pgf/basiclayer\
pgfcoreobjects.code.tex)
(C:\Users\DefaultUser\AppData\Local\Programs\MiKTeX\tex/generic/pgf/basiclayer\
pgfcorepathprocessing.code.tex)
(C:\Users\DefaultUser\AppData\Local\Programs\MiKTeX\tex/generic/pgf/basiclayer\
pgfcorearrows.code.tex)
(C:\Users\DefaultUser\AppData\Local\Programs\MiKTeX\tex/generic/pgf/basiclayer\
pgfcoreshade.code.tex)
(C:\Users\DefaultUser\AppData\Local\Programs\MiKTeX\tex/generic/pgf/basiclayer\
pgfcoreimage.code.tex)
(C:\Users\DefaultUser\AppData\Local\Programs\MiKTeX\tex/generic/pgf/basiclayer\
pgfcoreexternal.code.tex)
(C:\Users\DefaultUser\AppData\Local\Programs\MiKTeX\tex/generic/pgf/basiclayer\
pgfcorelayers.code.tex)
(C:\Users\DefaultUser\AppData\Local\Programs\MiKTeX\tex/generic/pgf/basiclayer\
pgfcoretransparency.code.tex)
(C:\Users\DefaultUser\AppData\Local\Programs\MiKTeX\tex/generic/pgf/basiclayer\
pgfcorepatterns.code.tex)
(C:\Users\DefaultUser\AppData\Local\Programs\MiKTeX\tex/generic/pgf/basiclayer\
pgfcorerdf.code.tex)))
(C:\Users\DefaultUser\AppData\Local\Programs\MiKTeX\tex/generic/pgf/modules\pgf
moduleshapes.code.tex)
(C:\Users\DefaultUser\AppData\Local\Programs\MiKTeX\tex/generic/pgf/modules\pgf
moduleplot.code.tex)
(C:\Users\DefaultUser\AppData\Local\Programs\MiKTeX\tex/latex/pgf/compatibility
\pgfcomp-version-0-65.sty)
(C:\Users\DefaultUser\AppData\Local\Programs\MiKTeX\tex/latex/pgf/compatibility
\pgfcomp-version-1-18.sty))
(C:\Users\DefaultUser\AppData\Local\Programs\MiKTeX\tex/latex/pgf/utilities\pgf
for.sty
(C:\Users\DefaultUser\AppData\Local\Programs\MiKTeX\tex/latex/pgf/utilities\pgf
keys.sty
(C:\Users\DefaultUser\AppData\Local\Programs\MiKTeX\tex/generic/pgf/utilities\p
gfkeys.code.tex))
(C:\Users\DefaultUser\AppData\Local\Programs\MiKTeX\tex/latex/pgf/math\pgfmath.
sty
(C:\Users\DefaultUser\AppData\Local\Programs\MiKTeX\tex/generic/pgf/math\pgfmat
h.code.tex))
(C:\Users\DefaultUser\AppData\Local\Programs\MiKTeX\tex/generic/pgf/utilities\p
gffor.code.tex))
(C:\Users\DefaultUser\AppData\Local\Programs\MiKTeX\tex/generic/pgf/frontendlay
er/tikz\tikz.code.tex
(C:\Users\DefaultUser\AppData\Local\Programs\MiKTeX\tex/generic/pgf/libraries\p
gflibraryplothandlers.code.tex)
(C:\Users\DefaultUser\AppData\Local\Programs\MiKTeX\tex/generic/pgf/modules\pgf
modulematrix.code.tex)
(C:\Users\DefaultUser\AppData\Local\Programs\MiKTeX\tex/generic/pgf/frontendlay
er/tikz/libraries\tikzlibrarytopaths.code.tex)))
(C:\Users\DefaultUser\AppData\Local\Programs\MiKTeX\tex/latex/asymptote\asympto
te.sty (2017_AMC_12A_Problems.pre)
(C:\Users\DefaultUser\AppData\Local\Programs\MiKTeX\tex/latex/base\ifthen.sty)
(C:\Users\DefaultUser\AppData\Local\Programs\MiKTeX\tex/generic/iftex\ifpdf.sty
)
(C:\Users\DefaultUser\AppData\Local\Programs\MiKTeX\tex/generic/iftex\ifxetex.s
ty)
(C:\Users\DefaultUser\AppData\Local\Programs\MiKTeX\tex/generic/catchfile\catch
file.sty
(C:\Users\DefaultUser\AppData\Local\Programs\MiKTeX\tex/generic/etexcmds\etexcm
ds.sty)))
(C:\Users\DefaultUser\AppData\Local\Programs\MiKTeX\tex/latex/l3backend\l3backe
nd-pdftex.def) (2017_AMC_12A_Problems.aux)
*geometry* driver: auto-detecting
*geometry* detected driver: pdftex
(2017_AMC_12A_Problems.out) (2017_AMC_12A_Problems.out)
(C:\Users\DefaultUser\AppData\Local\Programs\MiKTeX\tex/context/base/mkii\supp-
pdf.mkii
[Loading MPS to PDF converter (version 2006.09.02).]
)
(C:\Users\DefaultUser\AppData\Local\Programs\MiKTeX\tex/latex/epstopdf-pkg\epst
opdf-base.sty
(C:\Users\DefaultUser\AppData\Local\Programs\MiKTeX\tex/latex/00miktex\epstopdf
-sys.cfg))
(C:\Users\DefaultUser\AppData\Local\Programs\MiKTeX\tex/latex/amsfonts\umsa.fd)
(C:\Users\DefaultUser\AppData\Local\Programs\MiKTeX\tex/latex/amsfonts\umsb.fd)


LaTeX Warning: No \author given.


[1{C:/Users/DefaultUser/AppData/Local/MiKTeX/fonts/map/pdftex/pdftex.map}]
(C:\Users\DefaultUser\AppData\Local\Programs\MiKTeX\tex/latex/base\omscmr.fd)
! Missing $ inserted.
<inserted text> 
                $
l.39 
     
! Missing } inserted.
<inserted text> 
                }
l.39 
     
! Extra }, or forgotten \endgroup.
\par ...m \@noitemerr {\@@par }\fi \else {\@@par }
                                                  \fi 
l.39 
     

[2])
Runaway argument?
! File ended while scanning use of \next.
<inserted text> 
                \par 
<*> ./2017_AMC_12A_Problems.tex
                               
! Emergency stop.
<*> ./2017_AMC_12A_Problems.tex
                               
!  ==> Fatal error occurred, no output PDF file produced!
Transcript written on 2017_AMC_12A_Problems.log.
